== kernel-check
temp: 53  arm: kc
ALL GREEN: kernels match CPU reference.
== argmax x4
temp: 58  arm: argmax-gemma-4-12b-it-qat-q4_0
prefill argmax=623  decode argmax=623  logit maxdiff=2.438e0  MATCH
temp: 62  arm: argmax-gemma-4-31B_q4_0-it
prefill argmax=623  decode argmax=623  logit maxdiff=1.269e0  MATCH
temp: 67  arm: argmax-gemma-4-26B_q4_0-it
prefill argmax=623  decode argmax=623  logit maxdiff=4.738e0  MATCH
temp: 63  arm: argmax-gemma-4-E4B_q4_0-it
prefill argmax=623  decode argmax=623  logit maxdiff=1.107e0  MATCH
== fold on/off argmax oracle (D1736)
temp: 62  arm: ora-on
prefill argmax=623  decode argmax=623  logit maxdiff=2.438e0  MATCH
temp: 81  arm: ora-off
prefill argmax=623  decode argmax=623  logit maxdiff=2.492e0  MATCH
== fold on/off pair (identity + quick delta)
temp: 82  arm: id-on
generated 32 tokens in 0.355s = 90.22 tok/s (Stage-B int8 dp4a decode, gen-only; prime 0.124s) [stop: MaxNew]
temp: 81  arm: id-off
generated 32 tokens in 0.354s = 90.30 tok/s (Stage-B int8 dp4a decode, gen-only; prime 0.124s) [stop: MaxNew]
== graph stream gate
temp: 77  arm: graph
GRAPH-GATE: eager 88.60 tok/s | graph 85.17 tok/s | stream 96/96 IDENTICAL
== tg128 pair 12B
temp: 60
| gemma4 ?B Q4_0                 |   6.48 GiB |    11.91 B | CUDA       |  99 |   1 |    tg128 @ d512 |         92.07 ± 0.55 |
temp: 55  arm: tg-1
generated 128 tokens in 1.386s = 92.38 tok/s (Stage-B int8 dp4a decode, gen-only; prime 0.120s) [stop: MaxNew]
temp: 54
| gemma4 ?B Q4_0                 |   6.48 GiB |    11.91 B | CUDA       |  99 |   1 |    tg128 @ d512 |         92.44 ± 0.28 |
temp: 53  arm: tg-1
generated 128 tokens in 1.384s = 92.46 tok/s (Stage-B int8 dp4a decode, gen-only; prime 0.120s) [stop: MaxNew]
temp: 53
| gemma4 ?B Q4_0                 |   6.48 GiB |    11.91 B | CUDA       |  99 |   1 |    tg128 @ d512 |         92.58 ± 0.25 |
temp: 53  arm: tg-1
generated 128 tokens in 1.384s = 92.47 tok/s (Stage-B int8 dp4a decode, gen-only; prime 0.120s) [stop: MaxNew]
== 31B single
temp: 53  arm: g31
generated 128 tokens in 3.122s = 41.00 tok/s (Stage-B int8 dp4a decode, gen-only; prime 0.311s) [stop: MaxNew]
APFOLD GATE COMPLETE Thu Jul 23 08:56:36 PM UTC 2026
