== kernel-check
temp: 63  arm: kc
ALL GREEN: kernels match CPU reference.
== argmax x4
temp: 61  arm: argmax-gemma-4-12b-it-qat-q4_0
prefill argmax=623  decode argmax=623  logit maxdiff=2.517e0  MATCH
temp: 63  arm: argmax-gemma-4-31B_q4_0-it
prefill argmax=623  decode argmax=623  logit maxdiff=1.269e0  MATCH
temp: 69  arm: argmax-gemma-4-26B_q4_0-it
prefill argmax=623  decode argmax=623  logit maxdiff=4.738e0  MATCH
temp: 65  arm: argmax-gemma-4-E4B_q4_0-it
prefill argmax=623  decode argmax=623  logit maxdiff=1.107e0  MATCH
== graph stream gate
temp: 64  arm: graph
GRAPH-GATE: eager 88.53 tok/s | graph 84.14 tok/s | stream 96/96 IDENTICAL
== tg128 pair 12B
temp: 59
| gemma4 ?B Q4_0                 |   6.48 GiB |    11.91 B | CUDA       |  99 |   1 |    tg128 @ d512 |         91.77 ± 0.58 |
temp: 57  arm: tg-1
generated 128 tokens in 1.404s = 91.18 tok/s (Stage-B int8 dp4a decode, gen-only; prime 0.121s) [stop: MaxNew]
temp: 56
| gemma4 ?B Q4_0                 |   6.48 GiB |    11.91 B | CUDA       |  99 |   1 |    tg128 @ d512 |         92.37 ± 0.31 |
temp: 56  arm: tg-1
generated 128 tokens in 1.403s = 91.22 tok/s (Stage-B int8 dp4a decode, gen-only; prime 0.121s) [stop: MaxNew]
temp: 56
| gemma4 ?B Q4_0                 |   6.48 GiB |    11.91 B | CUDA       |  99 |   1 |    tg128 @ d512 |         92.51 ± 0.32 |
temp: 56  arm: tg-1
generated 128 tokens in 1.402s = 91.28 tok/s (Stage-B int8 dp4a decode, gen-only; prime 0.121s) [stop: MaxNew]
== 31B single
temp: 56  arm: g31
generated 128 tokens in 3.149s = 40.65 tok/s (Stage-B int8 dp4a decode, gen-only; prime 0.314s) [stop: MaxNew]
COMBQ8 GATE COMPLETE Thu Jul 23 07:59:32 PM UTC 2026
