== kernel-check
temp: 52  arm: kc
ALL GREEN: kernels match CPU reference.
== argmax x4
temp: 60  arm: argmax-gemma-4-12b-it-qat-q4_0
prefill argmax=623  decode argmax=623  logit maxdiff=2.438e0  MATCH
temp: 61  arm: argmax-gemma-4-31B_q4_0-it
prefill argmax=623  decode argmax=623  logit maxdiff=1.091e0  MATCH
temp: 67  arm: argmax-gemma-4-26B_q4_0-it
prefill argmax=623  decode argmax=623  logit maxdiff=4.738e0  MATCH
temp: 63  arm: argmax-gemma-4-E4B_q4_0-it
prefill argmax=623  decode argmax=623  logit maxdiff=1.107e0  MATCH
== fold on/off argmax oracle (D1736)
temp: 62  arm: ora-on
prefill argmax=623  decode argmax=623  logit maxdiff=2.438e0  MATCH
temp: 78  arm: ora-off
prefill argmax=623  decode argmax=623  logit maxdiff=1.833e0  MATCH
== fold on/off pair (identity + quick delta)
temp: 84  arm: id-on
generated 32 tokens in 0.353s = 90.77 tok/s (Stage-B int8 dp4a decode, gen-only; prime 0.124s) [stop: MaxNew]
temp: 80  arm: id-off
generated 32 tokens in 0.357s = 89.67 tok/s (Stage-B int8 dp4a decode, gen-only; prime 0.124s) [stop: MaxNew]
== graph stream gate
temp: 81  arm: graph
GRAPH-GATE: eager 88.67 tok/s | graph 85.32 tok/s | stream 96/96 IDENTICAL
== tg128 pair 12B
temp: 60
| gemma4 ?B Q4_0                 |   6.48 GiB |    11.91 B | CUDA       |  99 |   1 |    tg128 @ d512 |         92.08 ± 0.31 |
temp: 55  arm: tg-1
generated 128 tokens in 1.385s = 92.44 tok/s (Stage-B int8 dp4a decode, gen-only; prime 0.120s) [stop: MaxNew]
temp: 54
| gemma4 ?B Q4_0                 |   6.48 GiB |    11.91 B | CUDA       |  99 |   1 |    tg128 @ d512 |         92.58 ± 0.28 |
temp: 53  arm: tg-1
generated 128 tokens in 1.384s = 92.51 tok/s (Stage-B int8 dp4a decode, gen-only; prime 0.120s) [stop: MaxNew]
temp: 53
| gemma4 ?B Q4_0                 |   6.48 GiB |    11.91 B | CUDA       |  99 |   1 |    tg128 @ d512 |         92.37 ± 0.55 |
temp: 53  arm: tg-1
generated 128 tokens in 1.383s = 92.54 tok/s (Stage-B int8 dp4a decode, gen-only; prime 0.120s) [stop: MaxNew]
== 31B single
temp: 53  arm: g31
generated 128 tokens in 3.124s = 40.97 tok/s (Stage-B int8 dp4a decode, gen-only; prime 0.312s) [stop: MaxNew]
PDLB2B GATE COMPLETE Thu Jul 23 09:14:53 PM UTC 2026
