== kernel-check
temp: 53  arm: kc
ALL GREEN: kernels match CPU reference.
== argmax x4
temp: 58  arm: argmax-gemma-4-12b-it-qat-q4_0
prefill argmax=623  decode argmax=623  logit maxdiff=2.492e0  MATCH
temp: 61  arm: argmax-gemma-4-31B_q4_0-it
prefill argmax=623  decode argmax=623  logit maxdiff=1.269e0  MATCH
temp: 67  arm: argmax-gemma-4-26B_q4_0-it
prefill argmax=623  decode argmax=623  logit maxdiff=4.738e0  MATCH
temp: 63  arm: argmax-gemma-4-E4B_q4_0-it
prefill argmax=623  decode argmax=623  logit maxdiff=1.107e0  MATCH
== wb on/off pair (identity + quick delta)
temp: 63  arm: id-on
generated 32 tokens in 0.352s = 90.89 tok/s (Stage-B int8 dp4a decode, gen-only; prime 0.122s) [stop: MaxNew]
temp: 69  arm: id-off
generated 32 tokens in 0.355s = 90.09 tok/s (Stage-B int8 dp4a decode, gen-only; prime 0.122s) [stop: MaxNew]
== graph stream gate
temp: 73  arm: graph
GRAPH-GATE: eager 89.03 tok/s | graph 84.81 tok/s | stream 96/96 IDENTICAL
== tg128 pair 12B
temp: 58
| gemma4 ?B Q4_0                 |   6.48 GiB |    11.91 B | CUDA       |  99 |   1 |    tg128 @ d512 |         92.40 ± 0.30 |
temp: 54  arm: tg-1
generated 128 tokens in 1.392s = 91.97 tok/s (Stage-B int8 dp4a decode, gen-only; prime 0.120s) [stop: MaxNew]
temp: 54
| gemma4 ?B Q4_0                 |   6.48 GiB |    11.91 B | CUDA       |  99 |   1 |    tg128 @ d512 |         92.40 ± 0.26 |
temp: 53  arm: tg-1
generated 128 tokens in 1.390s = 92.10 tok/s (Stage-B int8 dp4a decode, gen-only; prime 0.120s) [stop: MaxNew]
temp: 53
| gemma4 ?B Q4_0                 |   6.48 GiB |    11.91 B | CUDA       |  99 |   1 |    tg128 @ d512 |         92.50 ± 0.24 |
temp: 53  arm: tg-1
generated 128 tokens in 1.390s = 92.07 tok/s (Stage-B int8 dp4a decode, gen-only; prime 0.120s) [stop: MaxNew]
== 31B single
temp: 53  arm: g31
generated 128 tokens in 3.137s = 40.80 tok/s (Stage-B int8 dp4a decode, gen-only; prime 0.312s) [stop: MaxNew]
PDLWB2 GATE COMPLETE Thu Jul 23 08:36:46 PM UTC 2026
