loaded bw24-repack (81 layers, nextn=1)
prompt tokens: [55]
[moe-cache] warming 128 discarded speculative tokens at K=3 before fixed residency
[moe-cache] size-aware fixed slots: 5092 slots in 5 classes, 13.85 GB / 13.85 GB budget
[spill-pread] enabled: depth=32 buffer_bytes=6684672 total_pinned_bytes=213909504 (bounded O_DIRECT worker prefetch, caller-thread compute-stream H2D, mmap error fallback)
[bw24] experimental CPU expert backend: /tmp/bw24-pr9-main-sync.Z1siUP/tree/target/release/libbw24-cpu-experts.so (threads=8)
[bw24-cpu] RAM headroom cap: requested=20.00 GiB available=48.28 GiB reserve=4.00 GiB effective=20.00 GiB
[bw24-cpu] normal-RAM expert cache: 20.00 GiB policy=lru io=direct
[bw24-cpu] mirrored direct I/O: 237 inode mappings
[spec] host-row embedding: 525860864 bytes kept off HBM
[moe-cache] residency frozen: 5092 slots, 5092 resident blocks; 1643 complete experts, 53 one-projection fragments, 55 two-projection fragments (163 stranded blocks)
[moe-cache] frozen MTP residency: 87 blocks, 29 complete experts

[generate]   3 tok in 1.921s = 1.56 tok/s (gen-only; this run's prime 0.409s)
  tokens: [2417, 13, 15, 13]
[spec] host-row embedding: 525860864 bytes kept off HBM

[generate_spec K=1] 4 tok in 1.019s = 2.94 tok/s (1.89x vs generate; this run's prime 0.239s)
  acceptance: 0/3 = 0.0%   self-consistency: PASS (identical to generate)
  WARNING: acceptance == 0 with identical output — MTP head is likely forwarded wrong (bonus-token masking). Speedup will be absent.

=== SELF-CONSISTENCY PASS ===
[spill-pread] reads=257416 bytes=678523699200 errors=0 short_reads=0 fallbacks=0 buffer_waits=257416 ring_full=0
[bw24-cpu-cache] hits=218931 misses=59121 hit_rate=78.74% read_GB=155.552 resident_GB=21.475
[bw24-cpu-profile] calls=34206 prepare=2.119666s io=17.932215s insert=0.114986s compute=69.660326s read_projections=59121 read_GB=155.552
