2026-07-21T16:19:10+03:00
4d65f92ed543a4166507171ba4f52bac4097a1423b0628a6df8dc8d1e03f242e  target/release/run-gen
c6423d768bea95f8a5a63e99a370dd323590fb360d8e0bf3af52de64481afc71  /tmp/libbw24-cpu-experts-native-v2l.so
861f58c5ad506f0d62242bed5cd79a97313e83a9df4412ddc4930ce1b0159a15  /home/avifenesh/.local/share/bw24-models/hy3-layer103p5-root-mirror/inode-alternates.tsv
NVIDIA GeForce RTX 5090 Laptop GPU, 595.71.05, 54, 9.51 W, 180 MHz, 296 MiB, 24463 MiB
loaded Hy3 from bw24 repack dir (80 trunk layers; optional MTP skipped)
chat-templated prompt:
<｜hy_begin_of_sentence:opensource｜><｜reasoning_mode:opensource｜>reasoning_effort:no_think<｜hy_User:opensource｜>Explain how CPU and GPU parallelism can hide NVMe spill latency in a large mixture-of-experts model, including cache and prefetch tradeoffs.<｜hy_Assistant:opensource｜><think:opensource></think:opensource>
prompt text: "Explain how CPU and GPU parallelism can hide NVMe spill latency in a large mixture-of-experts model, including cache and prefetch tradeoffs."
prompt tokens: [120000, 120044, 70830, 277, 9002, 647, 497, 25, 5130, 25152, 1326, 120006, 55327, 1244, 16678, 289, 32215, 107669, 539, 18696, 55647, 9042, 45164, 41116, 280, 244, 2921, 14965, 11367, 13239, 1726, 82, 2438, 11, 2761, 12728, 289, 9448, 8686, 7758, 46896, 13, 120007, 120029, 120030]
[moe-cache] size-aware fixed slots: 5285 slots in 5 classes, 13.97 GB / 13.97 GB budget
[spill-pread] enabled: depth=32 buffer_bytes=6684672 total_pinned_bytes=213909504 (bounded O_DIRECT worker prefetch, caller-thread compute-stream H2D, mmap error fallback)
[bw24] experimental CPU expert backend: /tmp/libbw24-cpu-experts-native-v2l.so (threads=8)
[bw24-cpu] RAM headroom cap: requested=20.00 GiB available=48.55 GiB reserve=4.00 GiB effective=20.00 GiB
[bw24-cpu] normal-RAM expert cache: 20.00 GiB policy=lru io=direct
[bw24-cpu] mirrored direct I/O: 237 inode mappings
verify-prefill argmax=40129  decode argmax=40129  logit maxdiff=1.285e0  MATCH
[moe-cache] warming 8 discarded decode tokens before fixed residency
[moe-cache] residency frozen: 5285 slots, 5285 resident blocks; 1720 complete experts, 39 one-projection fragments, 43 two-projection fragments (125 stranded blocks)
post-freeze verify-prefill argmax=40129  decode argmax=40129  logit maxdiff=1.584e0  MATCH
generated 8 tokens in 1.275s = 6.28 tok/s (ST greedy decode)
tokens: [40129, 316, 244, 1970, 716, 8002, 11, 1285]
MoE cache DECODE-WINDOW: 5285 slots | hits=11616 misses=0 (hit-rate=100.0%) | staged 0.00 GB H2D (0.0 MB/token)
spill worker DECODE-WINDOW: reads=0 bytes=0 waits=0 ring_full=0 fallbacks=0
CPU experts DECODE-WINDOW: calls=512 experts=1184 backend_wall=0.976s RAM_hits=1815 RAM_misses=1737 RAM_fills=4.40 GB RAM_resident=21.47 GB phase_prepare=0.025s phase_io=0.484s phase_insert=0.004s phase_compute=0.461s
CPU expert HBM fragments DECODE-WINDOW: resident_0=1125 resident_1=30 resident_2=29
storage DECODE-WINDOW: 4.40 GB physical reads
OUTPUT TEXT: "Below is a **concrete, system"
--- generated text ---
Below is a **concrete, system
[spill-pread] reads=120675 bytes=320482197504 errors=0 short_reads=0 fallbacks=0 buffer_waits=71724 ring_full=276
[bw24-cpu-cache] hits=51081 misses=51759 hit_rate=49.67% read_GB=135.691 resident_GB=21.473
[bw24-cpu-profile] calls=8268 prepare=0.833277s io=13.796870s insert=0.086389s compute=13.913683s read_projections=51759 read_GB=135.691
61, 38.95 W, 1597 MHz, 296 MiB
2026-07-21T16:25:32+03:00
status=0
