loaded bw24-repack (81 layers, nextn=1)
prompt tokens: [55]
[moe-cache] warming 128 discarded speculative tokens at K=3 before fixed residency
[moe-cache] size-aware fixed slots: 5092 slots in 5 classes, 13.85 GB / 13.85 GB budget
[spill-pread] enabled: depth=32 buffer_bytes=6684672 total_pinned_bytes=213909504 (bounded O_DIRECT worker prefetch, caller-thread compute-stream H2D, mmap error fallback)
[bw24] experimental CPU expert backend: /tmp/bw24-pr9-main-sync.Z1siUP/tree/target/release/libbw24-cpu-experts.so (threads=8)
[bw24-cpu] RAM headroom cap: requested=20.00 GiB available=47.02 GiB reserve=4.00 GiB effective=20.00 GiB
[bw24-cpu] normal-RAM expert cache: 20.00 GiB policy=lru io=direct
[bw24-cpu] mirrored direct I/O: 237 inode mappings
[spec] host-row embedding: 525860864 bytes kept off HBM
[moe-cache] residency frozen: 5092 slots, 5092 resident blocks; 1643 complete experts, 53 one-projection fragments, 55 two-projection fragments (163 stranded blocks)
[moe-cache] frozen MTP residency: 87 blocks, 29 complete experts

[generate]   3 tok in 0.893s = 3.36 tok/s (gen-only; this run's prime 0.478s)
  tokens: [2417, 13, 15, 13]
[spec] host-row embedding: 525860864 bytes kept off HBM

[generate_spec K=1] 4 tok in 0.975s = 3.08 tok/s (0.92x vs generate; this run's prime 0.216s)
  acceptance: 0/3 = 0.0%   self-consistency: PASS (identical to generate)
  WARNING: acceptance == 0 with identical output — MTP head is likely forwarded wrong (bonus-token masking). Speedup will be absent.
[spec] host-row embedding: 525860864 bytes kept off HBM

[generate_spec K=2] 4 tok in 1.418s = 2.11 tok/s (0.63x vs generate; this run's prime 0.255s)
  acceptance: 0/6 = 0.0%   self-consistency: PASS (identical to generate)
  WARNING: acceptance == 0 with identical output — MTP head is likely forwarded wrong (bonus-token masking). Speedup will be absent.
[spec] host-row embedding: 525860864 bytes kept off HBM

[generate_spec K=3] 4 tok in 2.030s = 1.48 tok/s (0.44x vs generate; this run's prime 0.255s)
  acceptance: 0/9 = 0.0%   self-consistency: PASS (identical to generate)
  WARNING: acceptance == 0 with identical output — MTP head is likely forwarded wrong (bonus-token masking). Speedup will be absent.
[spec] host-row embedding: 525860864 bytes kept off HBM

[generate_spec K=4] 4 tok in 2.586s = 1.16 tok/s (0.35x vs generate; this run's prime 0.245s)
  acceptance: 0/12 = 0.0%   self-consistency: PASS (identical to generate)
  WARNING: acceptance == 0 with identical output — MTP head is likely forwarded wrong (bonus-token masking). Speedup will be absent.
[spec] host-row embedding: 525860864 bytes kept off HBM

[generate_spec K=5] 4 tok in 3.752s = 0.80 tok/s (0.24x vs generate; this run's prime 0.390s)
  acceptance: 0/15 = 0.0%   self-consistency: PASS (identical to generate)
  WARNING: acceptance == 0 with identical output — MTP head is likely forwarded wrong (bonus-token masking). Speedup will be absent.
[spec] host-row embedding: 525860864 bytes kept off HBM

[generate_spec K=6] 4 tok in 4.081s = 0.74 tok/s (0.22x vs generate; this run's prime 0.387s)
  acceptance: 0/18 = 0.0%   self-consistency: PASS (identical to generate)
  WARNING: acceptance == 0 with identical output — MTP head is likely forwarded wrong (bonus-token masking). Speedup will be absent.
[spec] host-row embedding: 525860864 bytes kept off HBM

[generate_spec K=7] 4 tok in 4.588s = 0.65 tok/s (0.19x vs generate; this run's prime 0.384s)
  acceptance: 0/21 = 0.0%   self-consistency: PASS (identical to generate)
  WARNING: acceptance == 0 with identical output — MTP head is likely forwarded wrong (bonus-token masking). Speedup will be absent.
[spec] host-row embedding: 525860864 bytes kept off HBM

[generate_spec K=8] 4 tok in 5.216s = 0.58 tok/s (0.17x vs generate; this run's prime 0.446s)
  acceptance: 0/24 = 0.0%   self-consistency: PASS (identical to generate)
  WARNING: acceptance == 0 with identical output — MTP head is likely forwarded wrong (bonus-token masking). Speedup will be absent.

=== SELF-CONSISTENCY PASS ===
[spill-pread] reads=257416 bytes=678523699200 errors=0 short_reads=0 fallbacks=0 buffer_waits=257416 ring_full=0
[bw24-cpu-cache] hits=307715 misses=92797 hit_rate=76.83% read_GB=243.010 resident_GB=21.473
[bw24-cpu-profile] calls=44547 prepare=2.932423s io=27.144825s insert=0.193023s compute=84.824353s read_projections=92797 read_GB=243.010
