2026-07-21T16:03:24+03:00
c6423d768bea95f8a5a63e99a370dd323590fb360d8e0bf3af52de64481afc71  /tmp/libbw24-cpu-experts-native-v2l.so
861f58c5ad506f0d62242bed5cd79a97313e83a9df4412ddc4930ce1b0159a15  /home/avifenesh/.local/share/bw24-models/hy3-layer103p5-root-mirror/inode-alternates.tsv
NVIDIA GeForce RTX 5090 Laptop GPU, 595.71.05, 54, 9.41 W, 180 MHz, 296 MiB, 24463 MiB
loaded bw24-repack (81 layers, nextn=1)
text prompt (140 chars, chat-templated) -> 45 tokens
prompt tokens: [120000, 120044, 70830, 277, 9002, 647, 497, 25, 5130, 25152, 1326, 120006, 55327, 1244, 16678, 289, 32215, 107669, 539, 18696, 55647, 9042, 45164, 41116, 280, 244, 2921, 14965, 11367, 13239, 1726, 82, 2438, 11, 2761, 12728, 289, 9448, 8686, 7758, 46896, 13, 120007, 120029, 120030]
[moe-cache] warming 8 discarded speculative tokens at K=3 before fixed residency
[moe-cache] size-aware fixed slots: 5092 slots in 5 classes, 13.85 GB / 13.85 GB budget
[spill-pread] enabled: depth=32 buffer_bytes=6684672 total_pinned_bytes=213909504 (bounded O_DIRECT worker prefetch, caller-thread compute-stream H2D, mmap error fallback)
[spec] host-row embedding: 525860864 bytes kept off HBM
[bw24] experimental CPU expert backend: /tmp/libbw24-cpu-experts-native-v2l.so (threads=8)
[bw24-cpu] RAM headroom cap: requested=20.00 GiB available=48.50 GiB reserve=4.00 GiB effective=20.00 GiB
[bw24-cpu] normal-RAM expert cache: 20.00 GiB policy=lru io=direct
[bw24-cpu] mirrored direct I/O: 237 inode mappings
[moe-cache] residency frozen: 5092 slots, 5092 resident blocks; 1667 complete experts, 45 one-projection fragments, 23 two-projection fragments (91 stranded blocks)
[moe-cache] frozen MTP residency: 101 blocks, 33 complete experts

[generate]   7 tok in 1.379s = 5.08 tok/s (gen-only; this run's prime 12.654s)
  tokens: [40129, 316, 244, 1970, 716, 8002, 7919, 2438]
[spec] host-row embedding: 525860864 bytes kept off HBM

[generate_spec K=1] 8 tok in 1.594s = 4.39 tok/s (0.87x vs generate; this run's prime 12.431s)
  acceptance: 3/5 = 60.0%   self-consistency: PASS (identical to generate)
[spec] host-row embedding: 525860864 bytes kept off HBM

[generate_spec K=2] 8 tok in 1.983s = 3.53 tok/s (0.70x vs generate; this run's prime 12.475s)
  acceptance: 5/8 = 62.5%   self-consistency: PASS (identical to generate)
[spec] host-row embedding: 525860864 bytes kept off HBM

[generate_spec K=3] 8 tok in 1.963s = 3.57 tok/s (0.70x vs generate; this run's prime 12.417s)
  acceptance: 6/9 = 66.7%   self-consistency: PASS (identical to generate)
[spec] host-row embedding: 525860864 bytes kept off HBM

[generate_spec K=4] 8 tok in 2.667s = 2.62 tok/s (0.52x vs generate; this run's prime 12.232s)
  acceptance: 6/12 = 50.0%   self-consistency: PASS (identical to generate)
[spec] host-row embedding: 525860864 bytes kept off HBM

[generate_spec K=5] 8 tok in 3.272s = 2.14 tok/s (0.42x vs generate; this run's prime 12.295s)
  acceptance: 6/15 = 40.0%   self-consistency: PASS (identical to generate)
[spec] host-row embedding: 525860864 bytes kept off HBM

[generate_spec K=6] 8 tok in 3.823s = 1.83 tok/s (0.36x vs generate; this run's prime 12.374s)
  acceptance: 6/18 = 33.3%   self-consistency: PASS (identical to generate)
[spec] host-row embedding: 525860864 bytes kept off HBM

[generate_spec K=7] 8 tok in 4.418s = 1.58 tok/s (0.31x vs generate; this run's prime 12.403s)
  acceptance: 6/21 = 28.6%   self-consistency: PASS (identical to generate)
[spec] host-row embedding: 525860864 bytes kept off HBM

[generate_spec K=8] 8 tok in 5.081s = 1.38 tok/s (0.27x vs generate; this run's prime 12.561s)
  acceptance: 6/24 = 25.0%   self-consistency: PASS (identical to generate)

=== SELF-CONSISTENCY PASS ===
[spill-pread] reads=49540 bytes=133732073472 errors=0 short_reads=0 fallbacks=0 buffer_waits=22825 ring_full=369
[bw24-cpu-cache] hits=357108 misses=219765 hit_rate=61.90% read_GB=581.742 resident_GB=21.473
[bw24-cpu-profile] calls=43669 prepare=3.494093s io=57.236686s insert=0.450357s compute=69.453087s read_projections=219765 read_GB=581.742
67, 30.70 W, 1590 MHz, 296 MiB
2026-07-21T16:08:57+03:00
status=0
