2026-07-21T19:25:18+03:00
363741dfd78a8395a10daf49836033b2f1ae375f
26303685576126a829933144be6af7dad6a6c19995b0b90421ca196d47c31621  /tmp/libbw24-cpu-experts-q2-pair.so
770fb43f3808f76cb63ede0b36dd7592eed25cc28dafe3b0b6b2f9b459a8b197  target/release/run-spec
NVIDIA GeForce RTX 5090 Laptop GPU, 595.71.05, 57, 296 MiB, 24463 MiB, 10.10 W
               total        used        free      shared  buff/cache   available
Mem:            60Gi       9.8Gi        29Gi       714Mi        22Gi        51Gi
Swap:           31Gi        13Gi        18Gi
loaded bw24-repack (81 layers, nextn=1)
text prompt (140 chars, chat-templated) -> 45 tokens
prompt tokens: [120000, 120044, 70830, 277, 9002, 647, 497, 25, 5130, 25152, 1326, 120006, 55327, 1244, 16678, 289, 32215, 107669, 539, 18696, 55647, 9042, 45164, 41116, 280, 244, 2921, 14965, 11367, 13239, 1726, 82, 2438, 11, 2761, 12728, 289, 9448, 8686, 7758, 46896, 13, 120007, 120029, 120030]
[moe-cache] warming 128 discarded speculative tokens at K=3 before fixed residency
[moe-cache] size-aware fixed slots: 5080 slots in 5 classes, 13.82 GB / 13.82 GB budget
[spill-pread] enabled: depth=32 buffer_bytes=6684672 total_pinned_bytes=213909504 (bounded O_DIRECT worker prefetch, caller-thread compute-stream H2D, mmap error fallback)
[spec] host-row embedding: 525860864 bytes kept off HBM
[bw24] experimental CPU expert backend: /tmp/libbw24-cpu-experts-q2-pair.so (threads=8)
[bw24-cpu] RAM headroom cap: requested=20.00 GiB available=47.27 GiB reserve=4.00 GiB effective=20.00 GiB
[bw24-cpu] normal-RAM expert cache: 20.00 GiB policy=lru io=direct
[bw24-cpu] mirrored direct I/O: 237 inode mappings
[spec-stats] rounds=74 full_accept=21 len_hist=[6, 21, 19, 28] per_slot=[36/68=0.529 14/47=0.298 4/28=0.143] total=54/143=0.378 tok_per_round=1.730
[spec-phase] draft=2184.1ms (1.0%) verify-issue=225366.6ms (99.0%) verify-wait=52.8ms (0.0%) commit-host=14.4ms (0.0%) rounds=74
[moe-cache] residency frozen: 5080 slots, 5080 resident blocks; 1650 complete experts, 48 one-projection fragments, 41 two-projection fragments (130 stranded blocks)
[moe-cache] frozen MTP residency: 72 blocks, 24 complete experts

[generate]   7 tok in 2.047s = 3.42 tok/s (gen-only; this run's prime 12.131s)
  tokens: [40129, 316, 244, 1970, 716, 8002, 7919, 2438]
[spec] host-row embedding: 525860864 bytes kept off HBM
[spec-stats] rounds=4 full_accept=4 len_hist=[0, 4] per_slot=[4/4=1.000] total=4/4=1.000 tok_per_round=2.000
[spec-phase] draft=15.8ms (1.0%) verify-issue=1489.0ms (98.8%) verify-wait=2.5ms (0.2%) commit-host=0.4ms (0.0%) rounds=4

[generate_spec K=1] 8 tok in 1.794s = 3.90 tok/s (1.14x vs generate; this run's prime 11.941s)
  acceptance: 4/4 = 100.0%   self-consistency: PASS (identical to generate)
[spec] host-row embedding: 525860864 bytes kept off HBM
[spec-stats] rounds=4 full_accept=2 len_hist=[0, 0, 4] per_slot=[3/4=0.750 2/4=0.500] total=5/8=0.625 tok_per_round=2.250
[spec-phase] draft=28.4ms (1.3%) verify-issue=2221.0ms (98.6%) verify-wait=2.6ms (0.1%) commit-host=0.7ms (0.0%) rounds=4

[generate_spec K=2] 8 tok in 2.544s = 2.75 tok/s (0.80x vs generate; this run's prime 12.082s)
  acceptance: 5/8 = 62.5%   self-consistency: PASS (identical to generate)
[spec] host-row embedding: 525860864 bytes kept off HBM
[spec-stats] rounds=4 full_accept=2 len_hist=[0, 0, 2, 2] per_slot=[3/4=0.750 2/4=0.500 0/2=0.000] total=5/10=0.500 tok_per_round=2.250
[spec-phase] draft=39.9ms (1.5%) verify-issue=2608.1ms (98.4%) verify-wait=2.6ms (0.1%) commit-host=0.7ms (0.0%) rounds=4

[generate_spec K=3] 8 tok in 2.935s = 2.38 tok/s (0.70x vs generate; this run's prime 12.011s)
  acceptance: 5/10 = 50.0%   self-consistency: PASS (identical to generate)
[spec] host-row embedding: 525860864 bytes kept off HBM
[spec-stats] rounds=4 full_accept=2 len_hist=[0, 0, 2, 1, 1] per_slot=[3/4=0.750 2/4=0.500 0/2=0.000 0/1=0.000] total=5/11=0.455 tok_per_round=2.250
[spec-phase] draft=48.5ms (1.7%) verify-issue=2742.6ms (98.1%) verify-wait=2.6ms (0.1%) commit-host=0.7ms (0.0%) rounds=4

[generate_spec K=4] 8 tok in 3.078s = 2.27 tok/s (0.66x vs generate; this run's prime 11.946s)
  acceptance: 5/11 = 45.5%   self-consistency: PASS (identical to generate)
[spec] host-row embedding: 525860864 bytes kept off HBM
[spec-stats] rounds=4 full_accept=2 len_hist=[0, 0, 2, 1, 1, 0] per_slot=[3/4=0.750 2/4=0.500 0/2=0.000 0/1=0.000 0/0] total=5/11=0.455 tok_per_round=2.250
[spec-phase] draft=52.5ms (1.8%) verify-issue=2827.4ms (98.1%) verify-wait=2.6ms (0.1%) commit-host=0.7ms (0.0%) rounds=4

[generate_spec K=5] 8 tok in 3.171s = 2.21 tok/s (0.65x vs generate; this run's prime 11.841s)
  acceptance: 5/11 = 45.5%   self-consistency: PASS (identical to generate)
[spec] host-row embedding: 525860864 bytes kept off HBM
[spec-stats] rounds=4 full_accept=2 len_hist=[0, 0, 2, 1, 1, 0, 0] per_slot=[3/4=0.750 2/4=0.500 0/2=0.000 0/1=0.000 0/0 0/0] total=5/11=0.455 tok_per_round=2.250
[spec-phase] draft=54.2ms (1.9%) verify-issue=2766.0ms (98.0%) verify-wait=2.6ms (0.1%) commit-host=0.7ms (0.0%) rounds=4

[generate_spec K=6] 8 tok in 3.110s = 2.25 tok/s (0.66x vs generate; this run's prime 11.951s)
  acceptance: 5/11 = 45.5%   self-consistency: PASS (identical to generate)
[spec] host-row embedding: 525860864 bytes kept off HBM
[spec-stats] rounds=4 full_accept=2 len_hist=[0, 0, 2, 1, 1, 0, 0, 0] per_slot=[3/4=0.750 2/4=0.500 0/2=0.000 0/1=0.000 0/0 0/0 0/0] total=5/11=0.455 tok_per_round=2.250
[spec-phase] draft=52.4ms (1.8%) verify-issue=2863.0ms (98.1%) verify-wait=2.6ms (0.1%) commit-host=0.7ms (0.0%) rounds=4

[generate_spec K=7] 8 tok in 3.218s = 2.18 tok/s (0.64x vs generate; this run's prime 11.825s)
  acceptance: 5/11 = 45.5%   self-consistency: PASS (identical to generate)
[spec] host-row embedding: 525860864 bytes kept off HBM
[spec-stats] rounds=4 full_accept=2 len_hist=[0, 0, 2, 1, 1, 0, 0, 0, 0] per_slot=[3/4=0.750 2/4=0.500 0/2=0.000 0/1=0.000 0/0 0/0 0/0 0/0] total=5/11=0.455 tok_per_round=2.250
[spec-phase] draft=59.0ms (2.1%) verify-issue=2746.0ms (97.8%) verify-wait=2.6ms (0.1%) commit-host=0.7ms (0.0%) rounds=4

[generate_spec K=8] 8 tok in 3.097s = 2.26 tok/s (0.66x vs generate; this run's prime 11.969s)
  acceptance: 5/11 = 45.5%   self-consistency: PASS (identical to generate)

=== SELF-CONSISTENCY PASS ===
[spill-pread] reads=235410 bytes=614757826560 errors=0 short_reads=0 fallbacks=0 buffer_waits=208975 ring_full=333
[bw24-cpu-cache] hits=464804 misses=279406 hit_rate=62.46% read_GB=734.153 resident_GB=21.472
[bw24-cpu-profile] calls=58262 prepare=5.852080s io=76.845584s insert=0.627245s compute=97.939048s read_projections=279406 read_GB=734.153
	Command being timed: "env BW24_NGEN=8 BW24_SPEC_K=all BW24_SPEC_STATS=1 BW24_SPEC_PHASE=1 BW24_SPEC_PMIN=0.2 BW24_SPEC_PMIN0=1 BW24_PROMPT=Explain how CPU and GPU parallelism can hide NVMe spill latency in a large mixture-of-experts model, including cache and prefetch tradeoffs. tools/run_hy3_local_5090.sh /home/avifenesh/.local/share/bw24-models/hy3-layer103p5-dual-nvme /tmp/libbw24-cpu-experts-q2-pair.so /home/avifenesh/.local/share/bw24-models/hy3-layer103p5-root-mirror/inode-alternates.tsv"
	User time (seconds): 837.58
	System time (seconds): 131.77
	Percent of CPU this job got: 178%
	Elapsed (wall clock) time (h:mm:ss or m:ss): 9:02.69
	Average shared text size (kbytes): 0
	Average unshared data size (kbytes): 0
	Average stack size (kbytes): 0
	Average total size (kbytes): 0
	Maximum resident set size (kbytes): 41285052
	Average resident set size (kbytes): 0
	Major (requiring I/O) page faults: 2216
	Minor (reclaiming a frame) page faults: 16174134
	Voluntary context switches: 4954205
	Involuntary context switches: 10391
	Swaps: 0
	File system inputs: 2652268304
	File system outputs: 0
	Socket messages sent: 0
	Socket messages received: 0
	Signals delivered: 0
	Page size (bytes): 4096
	Exit status: 0
