[frspec-trim] self-trimmed head: 32768 rows of main output.weight (Q8_0)
loaded bw24-repack (81 layers, nextn=1)
text prompt (140 chars, chat-templated) -> 45 tokens
prompt tokens: [120000, 120044, 70830, 277, 9002, 647, 497, 25, 5130, 25152, 1326, 120006, 55327, 1244, 16678, 289, 32215, 107669, 539, 18696, 55647, 9042, 45164, 41116, 280, 244, 2921, 14965, 11367, 13239, 1726, 82, 2438, 11, 2761, 12728, 289, 9448, 8686, 7758, 46896, 13, 120007, 120029, 120030]
[moe-cache] warming 128 discarded speculative tokens at K=3 before fixed residency
[moe-cache] size-aware fixed slots: 5037 slots in 5 classes, 13.70 GB / 13.70 GB budget
[spill-pread] enabled: depth=32 buffer_bytes=6684672 total_pinned_bytes=213909504 (bounded O_DIRECT worker prefetch, caller-thread compute-stream H2D, mmap error fallback)
[spec] host-row embedding: 525860864 bytes kept off HBM
[bw24] experimental CPU expert backend: /tmp/libbw24-cpu-experts-local5090-v2.so (threads=8)
[bw24-cpu] RAM headroom cap: requested=20.00 GiB available=45.80 GiB reserve=4.00 GiB effective=20.00 GiB
[bw24-cpu] normal-RAM expert cache: 20.00 GiB policy=lru io=direct
[bw24-cpu] mirrored direct I/O: 237 inode mappings
[spec-stats] rounds=71 full_accept=4 len_hist=[0, 0, 0, 71] per_slot=[40/71=0.563 13/71=0.183 4/71=0.056] total=57/213=0.268 tok_per_round=1.803
[spec-phase] draft=1277.3ms (1.7%) verify-issue=75446.3ms (98.2%) verify-wait=46.0ms (0.1%) commit-host=20.6ms (0.0%) rounds=71
[moe-cache] residency frozen: 5037 slots, 5037 resident blocks; 1606 complete experts, 71 one-projection fragments, 74 two-projection fragments (219 stranded blocks)

[generate]   31 tok in 10.503s = 2.95 tok/s (gen-only; this run's prime 13.199s)
  tokens: [40129, 316, 244, 1970, 716, 8002, 11, 1285, 12241, 12509, 503, 279, 1244, 16678, 47739, 289, 32215, 47739, 7356, 107669, 539, 712, 35299, 9, 55647, 9042, 45164, 41116, 280, 244, 1970, 28462]
[spec] host-row embedding: 525860864 bytes kept off HBM
[spec-stats] rounds=20 full_accept=12 len_hist=[0, 20] per_slot=[12/20=0.600] total=12/20=0.600 tok_per_round=1.600
[spec-phase] draft=122.2ms (1.0%) verify-issue=11503.4ms (98.8%) verify-wait=12.6ms (0.1%) commit-host=3.8ms (0.0%) rounds=20

[generate_spec K=1] 32 tok in 11.983s = 2.59 tok/s (0.88x vs generate; this run's prime 13.068s)
  acceptance: 12/20 = 60.0%   self-consistency: PASS (identical to generate)

=== SELF-CONSISTENCY PASS ===
[spill-pread] reads=40120 bytes=109736755200 errors=0 short_reads=0 fallbacks=0 buffer_waits=15623 ring_full=286
[bw24-cpu-cache] hits=308978 misses=155236 hit_rate=66.56% read_GB=408.310 resident_GB=21.475
[bw24-cpu-profile] calls=35195 prepare=2.870612s io=42.305874s insert=0.330668s compute=61.734688s read_projections=155236 read_GB=408.310
