=== MODEL B: 9B ST spec p1 (K=2 pmin=0.3, native trim), N=2 ===
bw24 run 1:
[frspec-trim] self-trimmed head: 32768 rows of main output.weight (Q8_0)
loaded safetensors (33 layers, nextn=1)
text prompt (146 chars) -> 28 tokens
prompt tokens: [7734, 264, 12654, 709, 421, 5004, 264, 90651, 52589, 1103, 440, 5479, 11, 3572, 11, 321, 9637, 7289, 13, 28763, 2400, 913, 29642, 321, 4479, 18034, 13, 198]

[generate]   255 tok in 1.961s = 130.05 tok/s (gen-only; this run's prime 0.034s)
  tokens: [727, 5479, 24535, 11, 869, 1590, 198, 262, 4071, 13384, 264, 491, 2357, 440, 279, 2574, 869, 506, 279, 809, 314, 279, 1103, 71483, 198, 262, 491, 4922, 283, 5829, 3553, 8, 198, 262, 413, 1901, 369, 2168, 25, 198, 285, 460, 491, 4922, 198, 262, 1428, 283, 1901, 198, 262, 1345, 1428, 4381, 25, 198, 285, 1428, 283, 1428, 4381, 198, 262, 1428, 4381, 283, 491, 4922, 198, 262, 460, 1901, 271, 727, 3572, 24535, 11, 869, 1590, 198, 262, 413, 1901, 369, 2168, 25, 198, 285, 460, 2168, 198, 262, 413, 1901, 2733, 606, 869, 25, 198, 285, 460, 1901, 4381, 198, 262, 1428, 283, 1901, 198, 262, 1345, 1428, 4381, 321, 1428, 4381, 2733, 931, 869, 25, 198, 285, 1428, 283, 1428, 4381, 198, 262, 413, 1428, 4381, 369, 2168, 25, 198, 285, 460, 1901, 198, 262, 1428, 4381, 283, 1428, 4381, 4381, 198, 262, 460, 1901, 271, 727, 9637, 1951, 24535, 1590, 198, 262, 413, 1901, 369, 2168, 25, 198, 285, 460, 2168, 198, 262, 7624, 283, 2168, 198, 262, 1428, 283, 1901, 198, 262, 1727, 4922, 283, 2168, 198, 262, 1345, 1428, 25, 198, 285, 1727, 4922, 283, 1428, 4381, 198, 285, 1428, 4381, 283, 1428, 28044, 198, 285, 1428, 28044, 283, 2168, 198, 285, 1428, 28044, 283, 2168, 198, 285, 1428, 28044, 283, 2168, 198, 285, 1428, 28044, 283, 2168, 198, 285, 1428, 28044, 283, 2168, 198, 285, 1428, 28044, 283, 2168, 198, 285, 1428, 28044, 283, 2168, 198, 285, 1428, 28044, 283, 2168, 198, 285, 1428, 28044, 283, 2168]
[spec-stats] rounds=111 full_accept=63 len_hist=[0, 9, 102] per_slot=[84/111=0.757 61/102=0.598] total=145/213=0.681 tok_per_round=2.306

[generate_spec K=2] 256 tok in 1.322s = 192.85 tok/s (1.48x vs generate; this run's prime 0.038s)
  acceptance: 145/213 = 68.1%   self-consistency: PASS (identical to generate)

=== SELF-CONSISTENCY PASS ===
gpu-post-r1: 2055 MHz, 66
bw24 run 2:
[frspec-trim] self-trimmed head: 32768 rows of main output.weight (Q8_0)
loaded safetensors (33 layers, nextn=1)
text prompt (146 chars) -> 28 tokens
prompt tokens: [7734, 264, 12654, 709, 421, 5004, 264, 90651, 52589, 1103, 440, 5479, 11, 3572, 11, 321, 9637, 7289, 13, 28763, 2400, 913, 29642, 321, 4479, 18034, 13, 198]

[generate]   255 tok in 1.962s = 129.97 tok/s (gen-only; this run's prime 0.034s)
  tokens: [727, 5479, 24535, 11, 869, 1590, 198, 262, 4071, 13384, 264, 491, 2357, 440, 279, 2574, 869, 506, 279, 809, 314, 279, 1103, 71483, 198, 262, 491, 4922, 283, 5829, 3553, 8, 198, 262, 413, 1901, 369, 2168, 25, 198, 285, 460, 491, 4922, 198, 262, 1428, 283, 1901, 198, 262, 1345, 1428, 4381, 25, 198, 285, 1428, 283, 1428, 4381, 198, 262, 1428, 4381, 283, 491, 4922, 198, 262, 460, 1901, 271, 727, 3572, 24535, 11, 869, 1590, 198, 262, 413, 1901, 369, 2168, 25, 198, 285, 460, 2168, 198, 262, 413, 1901, 2733, 606, 869, 25, 198, 285, 460, 1901, 4381, 198, 262, 1428, 283, 1901, 198, 262, 1345, 1428, 4381, 321, 1428, 4381, 2733, 931, 869, 25, 198, 285, 1428, 283, 1428, 4381, 198, 262, 413, 1428, 4381, 369, 2168, 25, 198, 285, 460, 1901, 198, 262, 1428, 4381, 283, 1428, 4381, 4381, 198, 262, 460, 1901, 271, 727, 9637, 1951, 24535, 1590, 198, 262, 413, 1901, 369, 2168, 25, 198, 285, 460, 2168, 198, 262, 7624, 283, 2168, 198, 262, 1428, 283, 1901, 198, 262, 1727, 4922, 283, 2168, 198, 262, 1345, 1428, 25, 198, 285, 1727, 4922, 283, 1428, 4381, 198, 285, 1428, 4381, 283, 1428, 28044, 198, 285, 1428, 28044, 283, 2168, 198, 285, 1428, 28044, 283, 2168, 198, 285, 1428, 28044, 283, 2168, 198, 285, 1428, 28044, 283, 2168, 198, 285, 1428, 28044, 283, 2168, 198, 285, 1428, 28044, 283, 2168, 198, 285, 1428, 28044, 283, 2168, 198, 285, 1428, 28044, 283, 2168, 198, 285, 1428, 28044, 283, 2168]
[spec-stats] rounds=111 full_accept=63 len_hist=[0, 9, 102] per_slot=[84/111=0.757 61/102=0.598] total=145/213=0.681 tok_per_round=2.306

[generate_spec K=2] 256 tok in 1.310s = 194.72 tok/s (1.50x vs generate; this run's prime 0.038s)
  acceptance: 145/213 = 68.1%   self-consistency: PASS (identical to generate)

=== SELF-CONSISTENCY PASS ===
gpu-post-r2: 2010 MHz, 66
