rep1 9B  p4-16k.txt DEFAULT :: K=3] 256 tok in 1.069s = 238.59 tok/s acceptance: 171/255 = 67.1% 
rep1 9B  p4-16k.txt KF4 :: K=3] 256 tok in 1.143s = 223.11 tok/s acceptance: 167/267 = 62.5% 
rep1 27B p4-16k.txt DEFAULT :: K=3] 256 tok in 2.176s = 117.19 tok/s acceptance: 171/252 = 67.9% 
rep1 27B p4-16k.txt KF4 :: K=3] 256 tok in 2.477s = 102.94 tok/s acceptance: 163/279 = 58.4% 
rep1 35B p4-16k.txt DEFAULT :: K=2] 256 tok in 1.119s = 227.79 tok/s acceptance: 152/206 = 73.8% 
rep1 35B p4-16k.txt KF4 :: K=2] 256 tok in 1.209s = 210.98 tok/s acceptance: 146/220 = 66.4% 
rep1 9B  p5-32k.txt DEFAULT :: K=3] 256 tok in 1.457s = 175.04 tok/s acceptance: 163/282 = 57.8% 
rep1 9B  p5-32k.txt KF4 :: K=3] 256 tok in 1.631s = 156.32 tok/s acceptance: 158/294 = 53.7% 
rep1 27B p5-32k.txt DEFAULT :: K=3] 256 tok in 5.375s = 47.44 tok/s acceptance: 166/267 = 62.2% 
rep1 27B p5-32k.txt KF4 :: K=3] 256 tok in 5.694s = 44.78 tok/s acceptance: 166/267 = 62.2% 
rep1 35B p5-32k.txt DEFAULT :: K=2] 256 tok in 2.512s = 101.53 tok/s acceptance: 149/212 = 70.3% 
rep1 35B p5-32k.txt KF4 :: K=2] 256 tok in 2.962s = 86.09 tok/s acceptance: 146/220 = 66.4% 
rep1 9B  p6-64k.txt DEFAULT :: K=3] 256 tok in 3.961s = 64.38 tok/s acceptance: 163/279 = 58.4% 
rep1 9B  p6-64k.txt KF4 :: K=3] 256 tok in 4.368s = 58.38 tok/s acceptance: 159/294 = 54.1% 
rep1 27B p6-64k.txt DEFAULT :: K=3] 256 tok in 7.504s = 33.98 tok/s acceptance: 163/279 = 58.4% 
rep1 27B p6-64k.txt KF4 :: K=3] 256 tok in 7.909s = 32.24 tok/s acceptance: 164/279 = 58.8% 
rep1 35B p6-64k.txt DEFAULT :: K=2] 256 tok in 3.145s = 81.09 tok/s acceptance: 156/202 = 77.2% 
rep1 35B p6-64k.txt KF4 :: K=2] 256 tok in 3.516s = 72.52 tok/s acceptance: 153/206 = 74.3% 
rep2 9B  p4-16k.txt DEFAULT :: K=3] 256 tok in 2.192s = 116.32 tok/s acceptance: 171/255 = 67.1% 
rep2 9B  p4-16k.txt KF4 :: K=3] 256 tok in 2.453s = 103.96 tok/s acceptance: 167/267 = 62.5% 
rep2 27B p4-16k.txt DEFAULT :: K=3] 256 tok in 4.428s = 57.59 tok/s acceptance: 171/252 = 67.9% 
rep2 27B p4-16k.txt KF4 :: K=3] 256 tok in 4.987s = 51.13 tok/s acceptance: 163/279 = 58.4% 
rep2 35B p4-16k.txt DEFAULT :: K=2] 256 tok in 2.234s = 114.16 tok/s acceptance: 152/206 = 73.8% 
rep2 35B p4-16k.txt KF4 :: K=2] 256 tok in 2.379s = 107.20 tok/s acceptance: 146/220 = 66.4% 
rep2 9B  p5-32k.txt DEFAULT :: K=3] 256 tok in 3.605s = 70.74 tok/s acceptance: 163/282 = 57.8% 
rep2 9B  p5-32k.txt KF4 :: K=3] 256 tok in 4.161s = 61.28 tok/s acceptance: 158/294 = 53.7% 
rep2 27B p5-32k.txt DEFAULT :: K=3] 256 tok in 5.332s = 47.82 tok/s acceptance: 166/267 = 62.2% 
rep2 27B p5-32k.txt KF4 :: K=3] 256 tok in 5.686s = 44.84 tok/s acceptance: 166/267 = 62.2% 
rep2 35B p5-32k.txt DEFAULT :: K=2] 256 tok in 2.584s = 98.70 tok/s acceptance: 149/212 = 70.3% 
rep2 35B p5-32k.txt KF4 :: K=2] 256 tok in 2.944s = 86.62 tok/s acceptance: 146/220 = 66.4% 
rep2 9B  p6-64k.txt DEFAULT :: K=3] 256 tok in 4.089s = 62.36 tok/s acceptance: 163/279 = 58.4% 
rep2 9B  p6-64k.txt KF4 :: K=3] 256 tok in 4.352s = 58.60 tok/s acceptance: 159/294 = 54.1% 
rep2 27B p6-64k.txt DEFAULT :: K=3] 256 tok in 7.524s = 33.89 tok/s acceptance: 163/279 = 58.4% 
rep2 27B p6-64k.txt KF4 :: K=3] 256 tok in 7.890s = 32.32 tok/s acceptance: 164/279 = 58.8% 
rep2 35B p6-64k.txt DEFAULT :: K=2] 256 tok in 3.207s = 79.52 tok/s acceptance: 156/202 = 77.2% 
rep2 35B p6-64k.txt KF4 :: K=2] 256 tok in 3.453s = 73.85 tok/s acceptance: 153/206 = 74.3% 
DEEP-DONE
