rep1 9B  p1-code-short.txt spec DEFAULT :: K=3] 256 tok in 1.038s = 245.77 tok/s acceptance: 168/267 = 62.9% 
rep1 9B  p1-code-short.txt spec KF4 :: K=3] 256 tok in 0.967s = 263.62 tok/s acceptance: 171/252 = 67.9% 
rep1 27B p1-code-short.txt spec DEFAULT :: K=3] 256 tok in 2.583s = 98.74 tok/s acceptance: 169/264 = 64.0% 
rep1 27B p1-code-short.txt spec KF4 :: K=3] 256 tok in 2.556s = 99.76 tok/s acceptance: 169/261 = 64.8% 
rep1 35B p1-code-short.txt spec DEFAULT :: K=2] 256 tok in 1.016s = 250.88 tok/s acceptance: 144/222 = 64.9% 
rep1 35B p1-code-short.txt spec KF4 :: K=2] 256 tok in 1.004s = 253.97 tok/s acceptance: 147/220 = 66.8% 
rep1 9B  p2-code-medium.txt spec DEFAULT :: K=3] 256 tok in 1.077s = 236.80 tok/s acceptance: 169/258 = 65.5% 
rep1 9B  p2-code-medium.txt spec KF4 :: K=3] 256 tok in 1.114s = 228.92 tok/s acceptance: 165/270 = 61.1% 
rep1 27B p2-code-medium.txt spec DEFAULT :: K=3] 256 tok in 2.786s = 91.53 tok/s acceptance: 168/267 = 62.9% 
rep1 27B p2-code-medium.txt spec KF4 :: K=3] 256 tok in 2.880s = 88.54 tok/s acceptance: 165/276 = 59.8% 
rep1 35B p2-code-medium.txt spec DEFAULT :: K=2] 256 tok in 0.965s = 264.27 tok/s acceptance: 156/198 = 78.8% 
rep1 35B p2-code-medium.txt spec KF4 :: K=2] 256 tok in 1.019s = 250.25 tok/s acceptance: 152/210 = 72.4% 
rep1 9B  p3-agentic-long.txt spec DEFAULT :: K=3] 256 tok in 1.164s = 219.10 tok/s acceptance: 168/261 = 64.4% 
rep1 9B  p3-agentic-long.txt spec KF4 :: K=3] 256 tok in 1.297s = 196.58 tok/s acceptance: 160/288 = 55.6% 
rep1 27B p3-agentic-long.txt spec DEFAULT :: K=3] 256 tok in 2.457s = 103.78 tok/s acceptance: 184/222 = 82.9% 
rep1 27B p3-agentic-long.txt spec KF4 :: K=3] 256 tok in 2.608s = 97.77 tok/s acceptance: 180/231 = 77.9% 
rep1 35B p3-agentic-long.txt spec DEFAULT :: K=2] 256 tok in 0.970s = 262.83 tok/s acceptance: 164/184 = 89.1% 
rep1 35B p3-agentic-long.txt spec KF4 :: K=2] 256 tok in 0.960s = 265.53 tok/s acceptance: 163/184 = 88.6% 
rep2 9B  p1-code-short.txt spec DEFAULT :: K=3] 256 tok in 1.037s = 245.97 tok/s acceptance: 168/267 = 62.9% 
rep2 9B  p1-code-short.txt spec KF4 :: K=3] 256 tok in 0.994s = 256.64 tok/s acceptance: 171/252 = 67.9% 
rep2 27B p1-code-short.txt spec DEFAULT :: K=3] 256 tok in 2.602s = 97.99 tok/s acceptance: 169/264 = 64.0% 
rep2 27B p1-code-short.txt spec KF4 :: K=3] 256 tok in 2.563s = 99.50 tok/s acceptance: 169/261 = 64.8% 
rep2 35B p1-code-short.txt spec DEFAULT :: K=2] 256 tok in 1.035s = 246.46 tok/s acceptance: 144/222 = 64.9% 
rep2 35B p1-code-short.txt spec KF4 :: K=2] 256 tok in 1.008s = 252.95 tok/s acceptance: 147/220 = 66.8% 
rep2 9B  p2-code-medium.txt spec DEFAULT :: K=3] 256 tok in 1.074s = 237.36 tok/s acceptance: 169/258 = 65.5% 
rep2 9B  p2-code-medium.txt spec KF4 :: K=3] 256 tok in 1.118s = 228.06 tok/s acceptance: 165/270 = 61.1% 
rep2 27B p2-code-medium.txt spec DEFAULT :: K=3] 256 tok in 2.771s = 92.02 tok/s acceptance: 168/267 = 62.9% 
rep2 27B p2-code-medium.txt spec KF4 :: K=3] 256 tok in 2.877s = 88.62 tok/s acceptance: 165/276 = 59.8% 
rep2 35B p2-code-medium.txt spec DEFAULT :: K=2] 256 tok in 0.976s = 261.33 tok/s acceptance: 156/198 = 78.8% 
rep2 35B p2-code-medium.txt spec KF4 :: K=2] 256 tok in 1.017s = 250.83 tok/s acceptance: 152/210 = 72.4% 
rep2 9B  p3-agentic-long.txt spec DEFAULT :: K=3] 256 tok in 1.147s = 222.34 tok/s acceptance: 168/261 = 64.4% 
rep2 9B  p3-agentic-long.txt spec KF4 :: K=3] 256 tok in 1.295s = 196.84 tok/s acceptance: 160/288 = 55.6% 
rep2 27B p3-agentic-long.txt spec DEFAULT :: K=3] 256 tok in 2.438s = 104.58 tok/s acceptance: 184/222 = 82.9% 
rep2 27B p3-agentic-long.txt spec KF4 :: K=3] 256 tok in 2.570s = 99.20 tok/s acceptance: 180/231 = 77.9% 
rep2 35B p3-agentic-long.txt spec DEFAULT :: K=2] 256 tok in 0.952s = 267.90 tok/s acceptance: 164/184 = 89.1% 
rep2 35B p3-agentic-long.txt spec KF4 :: K=2] 256 tok in 0.953s = 267.69 tok/s acceptance: 163/184 = 88.6% 
BATTERY-PERF-DONE
