2026-07-20T04:40:25+03:00
               total        used        free      shared  buff/cache   available
Mem:            60Gi        13Gi        40Gi       3.7Gi        11Gi        47Gi
Swap:          8.0Gi       8.0Gi        41Mi
NAME      TYPE       SIZE       USED PRIO
/swap.img file 8589930496 8546062336   -1
	Command being timed: "sudo -n swapoff /swap.img"
	User time (seconds): 0.00
	System time (seconds): 4.66
	Percent of CPU this job got: 10%
	Elapsed (wall clock) time (h:mm:ss or m:ss): 0:42.60
	Average shared text size (kbytes): 0
	Average unshared data size (kbytes): 0
	Average stack size (kbytes): 0
	Average total size (kbytes): 0
	Maximum resident set size (kbytes): 6588
	Average resident set size (kbytes): 0
	Major (requiring I/O) page faults: 18
	Minor (reclaiming a frame) page faults: 871
	Voluntary context switches: 1108382
	Involuntary context switches: 6
	Swaps: 0
	File system inputs: 16285552
	File system outputs: 0
	Socket messages sent: 0
	Socket messages received: 0
	Signals delivered: 0
	Page size (bytes): 4096
	Exit status: 0
               total        used        free      shared  buff/cache   available
Mem:            60Gi        21Gi        32Gi       8.2Gi        16Gi        39Gi
Swap:          8.0Gi          0B       8.0Gi
NAME      TYPE       SIZE USED PRIO
/swap.img file 8589930496    0   -1
