2026-07-20T08:53:17+03:00
               total        used        free      shared  buff/cache   available
Mem:            60Gi        13Gi        40Gi       4.0Gi        11Gi        47Gi
Swap:          8.0Gi       8.0Gi       564Ki
NAME      TYPE SIZE USED PRIO
/swap.img file   8G   8G   -1
	Command being timed: "sudo -n swapoff /swap.img"
	User time (seconds): 0.00
	System time (seconds): 4.45
	Percent of CPU this job got: 10%
	Elapsed (wall clock) time (h:mm:ss or m:ss): 0:41.80
	Average shared text size (kbytes): 0
	Average unshared data size (kbytes): 0
	Average stack size (kbytes): 0
	Average total size (kbytes): 0
	Maximum resident set size (kbytes): 6284
	Average resident set size (kbytes): 0
	Major (requiring I/O) page faults: 3
	Minor (reclaiming a frame) page faults: 877
	Voluntary context switches: 1116676
	Involuntary context switches: 4
	Swaps: 0
	File system inputs: 16249032
	File system outputs: 0
	Socket messages sent: 0
	Socket messages received: 0
	Signals delivered: 0
	Page size (bytes): 4096
	Exit status: 0
	Command being timed: "sudo -n swapon /swap.img"
	User time (seconds): 0.00
	System time (seconds): 0.00
	Percent of CPU this job got: 81%
	Elapsed (wall clock) time (h:mm:ss or m:ss): 0:00.01
	Average shared text size (kbytes): 0
	Average unshared data size (kbytes): 0
	Average stack size (kbytes): 0
	Average total size (kbytes): 0
	Maximum resident set size (kbytes): 6348
	Average resident set size (kbytes): 0
	Major (requiring I/O) page faults: 0
	Minor (reclaiming a frame) page faults: 892
	Voluntary context switches: 13
	Involuntary context switches: 0
	Swaps: 0
	File system inputs: 16
	File system outputs: 0
	Socket messages sent: 0
	Socket messages received: 0
	Signals delivered: 0
	Page size (bytes): 4096
	Exit status: 0
               total        used        free      shared  buff/cache   available
Mem:            60Gi        21Gi        32Gi       8.2Gi        15Gi        39Gi
Swap:          8.0Gi       640Ki       8.0Gi
NAME      TYPE SIZE USED PRIO
/swap.img file   8G 4.3M   -1
