2026-07-20T19:31:50+03:00
[clean-swap] before
               total        used        free      shared  buff/cache   available
Mem:            60Gi        19Gi        25Gi       8.7Gi        26Gi        41Gi
Swap:          8.0Gi       7.9Gi        78Mi
NAME      TYPE SIZE USED PRIO
/swap.img file   8G 7.9G   -1
	Command being timed: "sudo -n swapoff /swap.img"
	User time (seconds): 0.00
	System time (seconds): 4.27
	Percent of CPU this job got: 11%
	Elapsed (wall clock) time (h:mm:ss or m:ss): 0:37.20
	Average shared text size (kbytes): 0
	Average unshared data size (kbytes): 0
	Average stack size (kbytes): 0
	Average total size (kbytes): 0
	Maximum resident set size (kbytes): 6464
	Average resident set size (kbytes): 0
	Major (requiring I/O) page faults: 3
	Minor (reclaiming a frame) page faults: 868
	Voluntary context switches: 893037
	Involuntary context switches: 14
	Swaps: 0
	File system inputs: 16087728
	File system outputs: 0
	Socket messages sent: 0
	Socket messages received: 0
	Signals delivered: 0
	Page size (bytes): 4096
	Exit status: 0
	Command being timed: "sudo -n swapon /swap.img"
	User time (seconds): 0.00
	System time (seconds): 0.00
	Percent of CPU this job got: 75%
	Elapsed (wall clock) time (h:mm:ss or m:ss): 0:00.00
	Average shared text size (kbytes): 0
	Average unshared data size (kbytes): 0
	Average stack size (kbytes): 0
	Average total size (kbytes): 0
	Maximum resident set size (kbytes): 6456
	Average resident set size (kbytes): 0
	Major (requiring I/O) page faults: 0
	Minor (reclaiming a frame) page faults: 893
	Voluntary context switches: 14
	Involuntary context switches: 0
	Swaps: 0
	File system inputs: 32
	File system outputs: 0
	Socket messages sent: 0
	Socket messages received: 0
	Signals delivered: 0
	Page size (bytes): 4096
	Exit status: 0
[clean-swap] after
               total        used        free      shared  buff/cache   available
Mem:            60Gi        26Gi        17Gi        14Gi        32Gi        34Gi
Swap:          8.0Gi          0B       8.0Gi
NAME      TYPE SIZE USED PRIO
/swap.img file   8G   0B   -1
2026-07-20T19:32:27+03:00
