c56c7d004d5a951c322274a5af3221d9c6e19588480a7a935a8871870d7a27ca  tools/bw24_cpu_experts.cpp
0d9ea5293ffb12bf5c67b6bcb669e156c8f6e0d0561e68d940bdfd5a458e29a9  /tmp/libbw24-cpu-experts-release.so
96b622860535cfc814af7ddc73ca15e51fb8c00f985c56da03e06e94de1e2729  /tmp/bench-cpu-moe-token
[bw24-cpu-profile] calls=108 prepare=0.000526s io=0.000001s insert=0.000002s compute=0.047063s read_projections=0 read_GB=0.000
experts=4 iterations=100 ms/token=0.422973 hash=0b35230a73c63d1f first=-4.3375001 last=-2.42459393
	Command being timed: "env GOMP_CPU_AFFINITY=0-3 BW24_CPU_EXPERT_CACHE_GB=0 /tmp/bench-cpu-moe-token /tmp/libbw24-cpu-experts-release.so /home/avifenesh/.local/share/bw24-models/hy3-layer103p5-dual-nvme 4 100"
	User time (seconds): 0.17
	System time (seconds): 0.00
	Percent of CPU this job got: 358%
	Elapsed (wall clock) time (h:mm:ss or m:ss): 0:00.05
	Average shared text size (kbytes): 0
	Average unshared data size (kbytes): 0
	Average stack size (kbytes): 0
	Average total size (kbytes): 0
	Maximum resident set size (kbytes): 31556
	Average resident set size (kbytes): 0
	Major (requiring I/O) page faults: 0
	Minor (reclaiming a frame) page faults: 1600
	Voluntary context switches: 5255
	Involuntary context switches: 575
	Swaps: 0
	File system inputs: 0
	File system outputs: 0
	Socket messages sent: 0
	Socket messages received: 0
	Signals delivered: 0
	Page size (bytes): 4096
	Exit status: 0
