[bw24-cpu-profile] calls=108 prepare=0.000542s io=0.000001s insert=0.000002s compute=0.066999s read_projections=0 read_GB=0.000
experts=4 iterations=100 ms/token=0.408773 hash=0b35230a73c63d1f first=-4.3375001 last=-2.42459393
	Command being timed: "env GOMP_CPU_AFFINITY=0-3 BW24_CPU_EXPERT_CACHE_GB=0 /tmp/bench-cpu-moe-token /tmp/libbw24-cpu-experts-winner.so /home/avifenesh/.local/share/bw24-models/hy3-layer103p5-dual-nvme 4 100"
	User time (seconds): 0.17
	System time (seconds): 0.01
	Percent of CPU this job got: 263%
	Elapsed (wall clock) time (h:mm:ss or m:ss): 0:00.07
	Average shared text size (kbytes): 0
	Average unshared data size (kbytes): 0
	Average stack size (kbytes): 0
	Average total size (kbytes): 0
	Maximum resident set size (kbytes): 31824
	Average resident set size (kbytes): 0
	Major (requiring I/O) page faults: 72
	Minor (reclaiming a frame) page faults: 2222
	Voluntary context switches: 6243
	Involuntary context switches: 658
	Swaps: 0
	File system inputs: 68752
	File system outputs: 0
	Socket messages sent: 0
	Socket messages received: 0
	Signals delivered: 0
	Page size (bytes): 4096
	Exit status: 0
