[bench] alternating order by repetition; GOMP_CPU_AFFINITY=0-7; no intentional cooldown
[bench] experts=2 rep=1 arm=control
[bw24-cpu-profile] calls=2008 prepare=0.004595s io=0.000028s insert=0.000026s compute=0.508441s read_projections=0 read_GB=0.000
experts=2 iterations=2000 ms/token=0.256008 hash=32c6c3589518bcdd first=-9.52626228 last=-3.61297894
[bench] experts=2 rep=1 arm=scratch2
[bw24-cpu-profile] calls=2008 prepare=0.000640s io=0.000023s insert=0.000026s compute=0.368954s read_projections=0 read_GB=0.000
experts=2 iterations=2000 ms/token=0.184065 hash=32c6c3589518bcdd first=-9.52626228 last=-3.61297894
[bench] experts=2 rep=2 arm=scratch2
[bw24-cpu-profile] calls=2008 prepare=0.000692s io=0.000027s insert=0.000030s compute=0.625469s read_projections=0 read_GB=0.000
experts=2 iterations=2000 ms/token=0.312359 hash=32c6c3589518bcdd first=-9.52626228 last=-3.61297894
[bench] experts=2 rep=2 arm=control
[bw24-cpu-profile] calls=2008 prepare=0.004663s io=0.000024s insert=0.000026s compute=0.473931s read_projections=0 read_GB=0.000
experts=2 iterations=2000 ms/token=0.238939 hash=32c6c3589518bcdd first=-9.52626228 last=-3.61297894
[bench] experts=2 rep=3 arm=control
[bw24-cpu-profile] calls=2008 prepare=0.004622s io=0.000027s insert=0.000026s compute=0.452802s read_projections=0 read_GB=0.000
experts=2 iterations=2000 ms/token=0.228584 hash=32c6c3589518bcdd first=-9.52626228 last=-3.61297894
[bench] experts=2 rep=3 arm=scratch2
[bw24-cpu-profile] calls=2008 prepare=0.000748s io=0.000027s insert=0.000033s compute=0.660027s read_projections=0 read_GB=0.000
experts=2 iterations=2000 ms/token=0.329631 hash=32c6c3589518bcdd first=-9.52626228 last=-3.61297894
[bench] experts=2 rep=4 arm=scratch2
[bw24-cpu-profile] calls=2008 prepare=0.000632s io=0.000025s insert=0.000030s compute=0.466463s read_projections=0 read_GB=0.000
experts=2 iterations=2000 ms/token=0.232764 hash=32c6c3589518bcdd first=-9.52626228 last=-3.61297894
[bench] experts=2 rep=4 arm=control
[bw24-cpu-profile] calls=2008 prepare=0.004571s io=0.000023s insert=0.000025s compute=0.403314s read_projections=0 read_GB=0.000
experts=2 iterations=2000 ms/token=0.203612 hash=32c6c3589518bcdd first=-9.52626228 last=-3.61297894
[bench] experts=2 rep=5 arm=control
[bw24-cpu-profile] calls=2008 prepare=0.004798s io=0.000028s insert=0.000030s compute=0.753460s read_projections=0 read_GB=0.000
experts=2 iterations=2000 ms/token=0.365825 hash=32c6c3589518bcdd first=-9.52626228 last=-3.61297894
[bench] experts=2 rep=5 arm=scratch2
[bw24-cpu-profile] calls=2008 prepare=0.000772s io=0.000028s insert=0.000033s compute=0.631400s read_projections=0 read_GB=0.000
experts=2 iterations=2000 ms/token=0.315391 hash=32c6c3589518bcdd first=-9.52626228 last=-3.61297894
[bench] experts=2 rep=6 arm=scratch2
[bw24-cpu-profile] calls=2008 prepare=0.000751s io=0.000026s insert=0.000032s compute=0.610706s read_projections=0 read_GB=0.000
experts=2 iterations=2000 ms/token=0.305058 hash=32c6c3589518bcdd first=-9.52626228 last=-3.61297894
[bench] experts=2 rep=6 arm=control
[bw24-cpu-profile] calls=2008 prepare=0.004628s io=0.000024s insert=0.000027s compute=0.468944s read_projections=0 read_GB=0.000
experts=2 iterations=2000 ms/token=0.236577 hash=32c6c3589518bcdd first=-9.52626228 last=-3.61297894
[bench] experts=2 rep=7 arm=control
[bw24-cpu-profile] calls=2008 prepare=0.004606s io=0.000023s insert=0.000026s compute=0.373693s read_projections=0 read_GB=0.000
experts=2 iterations=2000 ms/token=0.188304 hash=32c6c3589518bcdd first=-9.52626228 last=-3.61297894
[bench] experts=2 rep=7 arm=scratch2
[bw24-cpu-profile] calls=2008 prepare=0.000746s io=0.000027s insert=0.000031s compute=0.615965s read_projections=0 read_GB=0.000
experts=2 iterations=2000 ms/token=0.307475 hash=32c6c3589518bcdd first=-9.52626228 last=-3.61297894
[bench] experts=4 rep=1 arm=control
[bw24-cpu-profile] calls=2008 prepare=0.010009s io=0.000041s insert=0.000031s compute=0.797006s read_projections=0 read_GB=0.000
experts=4 iterations=2000 ms/token=0.403278 hash=0b35230a73c63d1f first=-4.3375001 last=-2.42459393
[bench] experts=4 rep=1 arm=scratch2
[bw24-cpu-profile] calls=2008 prepare=0.001540s io=0.000027s insert=0.000032s compute=0.886550s read_projections=0 read_GB=0.000
experts=4 iterations=2000 ms/token=0.441260 hash=0b35230a73c63d1f first=-4.3375001 last=-2.42459393
[bench] experts=4 rep=2 arm=scratch2
[bw24-cpu-profile] calls=2008 prepare=0.001628s io=0.000026s insert=0.000033s compute=0.917730s read_projections=0 read_GB=0.000
experts=4 iterations=2000 ms/token=0.458596 hash=0b35230a73c63d1f first=-4.3375001 last=-2.42459393
[bench] experts=4 rep=2 arm=control
[bw24-cpu-profile] calls=2008 prepare=0.010425s io=0.000057s insert=0.000034s compute=0.891947s read_projections=0 read_GB=0.000
experts=4 iterations=2000 ms/token=0.450861 hash=0b35230a73c63d1f first=-4.3375001 last=-2.42459393
[bench] experts=4 rep=3 arm=control
[bw24-cpu-profile] calls=2008 prepare=0.009819s io=0.000048s insert=0.000029s compute=0.778310s read_projections=0 read_GB=0.000
experts=4 iterations=2000 ms/token=0.393643 hash=0b35230a73c63d1f first=-4.3375001 last=-2.42459393
[bench] experts=4 rep=3 arm=scratch2
[bw24-cpu-profile] calls=2008 prepare=0.001518s io=0.000027s insert=0.000035s compute=0.998628s read_projections=0 read_GB=0.000
experts=4 iterations=2000 ms/token=0.498794 hash=0b35230a73c63d1f first=-4.3375001 last=-2.42459393
[bench] experts=4 rep=4 arm=scratch2
[bw24-cpu-profile] calls=2008 prepare=0.001609s io=0.000025s insert=0.000030s compute=0.655977s read_projections=0 read_GB=0.000
experts=4 iterations=2000 ms/token=0.327424 hash=0b35230a73c63d1f first=-4.3375001 last=-2.42459393
[bench] experts=4 rep=4 arm=control
[bw24-cpu-profile] calls=2008 prepare=0.010373s io=0.000053s insert=0.000033s compute=0.907272s read_projections=0 read_GB=0.000
experts=4 iterations=2000 ms/token=0.458456 hash=0b35230a73c63d1f first=-4.3375001 last=-2.42459393
[bench] experts=4 rep=5 arm=control
[bw24-cpu-profile] calls=2008 prepare=0.009901s io=0.000055s insert=0.000029s compute=0.745765s read_projections=0 read_GB=0.000
experts=4 iterations=2000 ms/token=0.375701 hash=0b35230a73c63d1f first=-4.3375001 last=-2.42459393
[bench] experts=4 rep=5 arm=scratch2
[bw24-cpu-profile] calls=2008 prepare=0.001713s io=0.000029s insert=0.000038s compute=0.940342s read_projections=0 read_GB=0.000
experts=4 iterations=2000 ms/token=0.470035 hash=0b35230a73c63d1f first=-4.3375001 last=-2.42459393
[bench] experts=4 rep=6 arm=scratch2
[bw24-cpu-profile] calls=2008 prepare=0.001547s io=0.000026s insert=0.000031s compute=0.678769s read_projections=0 read_GB=0.000
experts=4 iterations=2000 ms/token=0.337639 hash=0b35230a73c63d1f first=-4.3375001 last=-2.42459393
[bench] experts=4 rep=6 arm=control
[bw24-cpu-profile] calls=2008 prepare=0.009954s io=0.000051s insert=0.000032s compute=0.738442s read_projections=0 read_GB=0.000
experts=4 iterations=2000 ms/token=0.369044 hash=0b35230a73c63d1f first=-4.3375001 last=-2.42459393
[bench] experts=4 rep=7 arm=control
[bw24-cpu-profile] calls=2008 prepare=0.010124s io=0.000056s insert=0.000033s compute=0.832517s read_projections=0 read_GB=0.000
experts=4 iterations=2000 ms/token=0.409096 hash=0b35230a73c63d1f first=-4.3375001 last=-2.42459393
[bench] experts=4 rep=7 arm=scratch2
[bw24-cpu-profile] calls=2008 prepare=0.001721s io=0.000030s insert=0.000039s compute=1.040533s read_projections=0 read_GB=0.000
experts=4 iterations=2000 ms/token=0.519926 hash=0b35230a73c63d1f first=-4.3375001 last=-2.42459393
