2026-07-20T03:04:07+03:00
name, temperature.gpu, power.draw [W], clocks.current.sm [MHz], clocks.current.memory [MHz], memory.used [MiB], memory.total [MiB]
NVIDIA GeForce RTX 5090 Laptop GPU, 51, 8.73 W, 180 MHz, 405 MHz, 312 MiB, 24463 MiB
               total        used        free      shared  buff/cache   available
Mem:            60Gi        21Gi        25Gi       8.0Gi        22Gi        39Gi
Swap:          8.0Gi          0B       8.0Gi
NAME      TYPE SIZE USED PRIO
/swap.img file   8G   0B   -1
loaded Hy3 from bw24 repack dir (80 trunk layers; optional MTP skipped)
chat-templated prompt:
<｜hy_begin_of_sentence:opensource｜><｜reasoning_mode:opensource｜>reasoning_effort:no_think<｜hy_User:opensource｜>Write a Python function that implements a doubly-linked list with insert, delete, and reverse operations. Include full type hints and docstrings.<｜hy_Assistant:opensource｜><think:opensource></think:opensource>
prompt text: "Write a Python function that implements a doubly-linked list with insert, delete, and reverse operations. Include full type hints and docstrings."
prompt tokens: [120000, 120044, 70830, 277, 9002, 647, 497, 25, 5130, 25152, 1326, 120006, 6331, 244, 7164, 958, 369, 12331, 244, 78357, 46997, 1703, 413, 8528, 11, 10243, 11, 289, 13561, 6590, 13, 44626, 4055, 1932, 42970, 289, 8913, 35510, 13, 120007, 120029, 120030]
[moe-cache] size-aware fixed slots: 5691 slots in 5 classes, 15.04 GB / 15.04 GB budget
[spill-pread] enabled: depth=32 buffer_bytes=6684672 total_pinned_bytes=213909504 (bounded O_DIRECT worker prefetch, caller-thread compute-stream H2D, mmap error fallback)
[bw24] experimental CPU expert backend: /tmp/libbw24-cpu-experts.so (threads=16)
[bw24-cpu] normal-RAM expert cache: 36.00 GiB policy=lru io=direct
[bw24-cpu] mirrored direct I/O: 237 inode mappings
verify-prefill argmax=40129  decode argmax=40129  logit maxdiff=1.328e0  MATCH
generated 64 tokens in 9.510s = 6.73 tok/s (ST greedy decode)
tokens: [40129, 316, 244, 4871, 11, 1622, 81425, 5278, 279, 244, 1970, 101435, 59909, 46997, 1703, 503, 280, 7164, 13, 4468, 2171, 5658, 25, 286, 12, 15993, 1970, 4906, 42970, 3236, 12, 1970, 24385, 35510, 503, 356, 252, 1054, 289, 2057, 1515, 1338, 185, 12, 607, 13130, 63, 341, 18264, 1320, 8528, 552, 4304, 584, 12, 607, 19392, 63, 341, 3595, 1364, 445, 4304, 584]
MoE cache DECODE-WINDOW: 5691 slots | hits=58188 misses=0 (hit-rate=100.0%) | staged 0.00 GB H2D (0.0 MB/token)
spill worker DECODE-WINDOW: reads=0 bytes=0 waits=0 ring_full=0 fallbacks=0
CPU experts DECODE-WINDOW: calls=5024 experts=21052 backend_wall=7.659s RAM_hits=55296 RAM_misses=7860 RAM_fills=20.71 GB RAM_resident=38.65 GB phase_prepare=0.135s phase_io=2.366s phase_insert=0.011s phase_compute=5.135s
CPU expert HBM fragments DECODE-WINDOW: resident_0=19504 resident_1=809 resident_2=739
storage DECODE-WINDOW: 20.71 GB physical reads
steady-state rep 0: generated 64 tokens in 9.921s = 6.45 tok/s (same-prefix warm-cache greedy decode)
steady-state tokens: [12, 607, 55266, 63, 341, 245, 61292, 1362, 1438, 6515, 185, 4140, 25274, 1661, 24708, 2243, 2732, 14006, 25, 185, 300, 12196, 32, 3548, 4814, 280, 244, 78357, 46997, 1703, 64102, 300, 1120, 4277, 5428, 9575, 1961, 11, 1364, 25, 1733, 8, 5131, 5953, 25, 185, 408, 1622, 11669, 25, 1733, 324, 1364, 185, 408, 1622, 79100, 25, 24708, 58, 5661, 60, 324, 5953]
MoE cache STEADY-STATE rep 0: 5691 slots | hits=45492 misses=0 (hit-rate=100.0%) | staged 0.00 GB H2D (0.0 MB/token)
spill worker STEADY-STATE rep 0: reads=0 bytes=0 waits=0 ring_full=0 fallbacks=0
CPU experts STEADY-STATE rep 0: calls=5044 experts=25284 backend_wall=8.366s RAM_hits=66416 RAM_misses=9436 RAM_fills=25.26 GB RAM_resident=38.65 GB phase_prepare=0.236s phase_io=2.694s phase_insert=0.017s phase_compute=5.404s
CPU expert HBM fragments STEADY-STATE rep 0: resident_0=23872 resident_1=650 resident_2=762
storage STEADY-STATE rep 0: 25.26 GB physical reads
steady-state MEDIAN: 64-token same-prefix window, N=1, 6.45 tok/s (warm HBM/RAM expert caches)
OUTPUT TEXT: "Below is a complete, self-contained implementation of a **doubly-linked list** in Python.  \nIt includes:\n\n- Full **type hints**\n- **Docstrings** for the class and every public method\n- `insert` (append / insert at index)\n- `delete` (by value or index)\n"
--- generated text ---
Below is a complete, self-contained implementation of a **doubly-linked list** in Python.  
It includes:

- Full **type hints**
- **Docstrings** for the class and every public method
- `insert` (append / insert at index)
- `delete` (by value or index)

[spill-pread] reads=34462 bytes=95949963264 errors=0 short_reads=0 fallbacks=0 buffer_waits=10767 ring_full=599
[bw24-cpu-profile] calls=21382 prepare=0.818940s io=14.502100s insert=0.063822s compute=24.370328s read_projections=46116 read_GB=122.724
	Command being timed: "env BW24_NGEN=64 BW24_NMEASURE=64 BW24_NMEASURE_REPS=1 BW24_CHAT=1 BW24_PROMPT=Write a Python function that implements a doubly-linked list with insert, delete, and reverse operations. Include full type hints and docstrings. BW24_MOE_CACHE=1 BW24_MOE_SIZE_AWARE=1 BW24_MOE_LFU=1 BW24_MOE_LFU_DECAY=0.8 BW24_MOE_VRAM_FRAC=0.97 BW24_MOE_HARD_VRAM_FRAC=0.97 BW24_SPILL_IO=direct BW24_SPILL_PREAD_DEPTH=32 BW24_SPILL_WORKER_EXPERT_WINDOW=8 BW24_CPU_EXPERT_LIB=/tmp/libbw24-cpu-experts.so BW24_CPU_EXPERT_THREADS=16 BW24_CPU_EXPERT_IO_THREADS=8 BW24_CPU_EXPERT_CACHE_GB=36 BW24_CPU_EXPERT_CACHE_POLICY=lru BW24_CPU_EXPERT_IO=direct BW24_CPU_EXPERT_MIRROR_MAP=/home/avifenesh/.local/share/bw24-models/hy3-layer103p5-root-mirror/inode-alternates.tsv GOMP_CPU_AFFINITY=0-15 target/release/run-gen /home/avifenesh/.local/share/bw24-models/hy3-layer103p5-dual-nvme"
	User time (seconds): 272.19
	System time (seconds): 49.84
	Percent of CPU this job got: 193%
	Elapsed (wall clock) time (h:mm:ss or m:ss): 2:46.75
	Average shared text size (kbytes): 0
	Average unshared data size (kbytes): 0
	Average stack size (kbytes): 0
	Average total size (kbytes): 0
	Maximum resident set size (kbytes): 47397056
	Average resident set size (kbytes): 0
	Major (requiring I/O) page faults: 11266
	Minor (reclaiming a frame) page faults: 20545198
	Voluntary context switches: 2508755
	Involuntary context switches: 7091
	Swaps: 0
	File system inputs: 449632528
	File system outputs: 0
	Socket messages sent: 0
	Socket messages received: 0
	Signals delivered: 0
	Page size (bytes): 4096
	Exit status: 0
name, temperature.gpu, power.draw [W], clocks.current.sm [MHz], clocks.current.memory [MHz], memory.used [MiB], memory.total [MiB]
NVIDIA GeForce RTX 5090 Laptop GPU, 64, 32.35 W, 1597 MHz, 14001 MHz, 312 MiB, 24463 MiB
               total        used        free      shared  buff/cache   available
Mem:            60Gi        13Gi        39Gi       3.6Gi        11Gi        47Gi
Swap:          8.0Gi       7.4Gi       573Mi
NAME      TYPE SIZE USED PRIO
/swap.img file   8G 7.4G   -1
run_status=0
