iteration=0 tasks=1896 weight_GB=5.008 threads=8 seconds=0.096589 weight_GB/s=51.84 expert_bound_tok/s=10.35 checksum=-72.6657809 warm_checksum=-72.6657809
iteration=1 tasks=1896 weight_GB=5.008 threads=8 seconds=0.092863 weight_GB/s=53.92 expert_bound_tok/s=10.77 checksum=-72.6657809 warm_checksum=-72.6657809
iteration=2 tasks=1896 weight_GB=5.008 threads=8 seconds=0.093140 weight_GB/s=53.76 expert_bound_tok/s=10.74 checksum=-72.6657809 warm_checksum=-72.6657809
iteration=3 tasks=1896 weight_GB=5.008 threads=8 seconds=0.092895 weight_GB/s=53.91 expert_bound_tok/s=10.76 checksum=-72.6657809 warm_checksum=-72.6657809
iteration=4 tasks=1896 weight_GB=5.008 threads=8 seconds=0.092357 weight_GB/s=54.22 expert_bound_tok/s=10.83 checksum=-72.6657809 warm_checksum=-72.6657809
	Command being timed: "/tmp/bw24-bench-cpu-expert-trace /home/avifenesh/.local/share/bw24-models/hy3-layer103p5-dual-nvme research/per-expert-quant/evidence/local-5090-sota-20260719/window4-routes.trace 8 5"
	User time (seconds): 4.55
	System time (seconds): 2.00
	Percent of CPU this job got: 475%
	Elapsed (wall clock) time (h:mm:ss or m:ss): 0:01.38
	Average shared text size (kbytes): 0
	Average unshared data size (kbytes): 0
	Average stack size (kbytes): 0
	Average total size (kbytes): 0
	Maximum resident set size (kbytes): 5167284
	Average resident set size (kbytes): 0
	Major (requiring I/O) page faults: 1920
	Minor (reclaiming a frame) page faults: 66496
	Voluntary context switches: 8461
	Involuntary context switches: 673
	Swaps: 0
	File system inputs: 11593424
	File system outputs: 0
	Socket messages sent: 0
	Socket messages received: 0
	Signals delivered: 0
	Page size (bytes): 4096
	Exit status: 0
