[bw24-cpu-profile] calls=108 prepare=0.000582s io=0.000001s insert=0.000002s compute=0.373735s read_projections=0 read_GB=0.000
experts=4 iterations=100 ms/token=3.462566 hash=0b35230a73c63d1f first=-4.3375001 last=-2.42459393
	Command being timed: "systemd-run --user --scope --quiet --unit=bw24-headroom-compute-smoke-2379784 -p CPUQuota=50% -p CPUWeight=10 -p MemoryHigh=1G -p MemoryMax=2G env GOMP_CPU_AFFINITY=0-3 BW24_CPU_EXPERT_CACHE_GB=0 /tmp/bench-cpu-moe-token /tmp/libbw24-cpu-experts-headroom-capped-verify.so /home/avifenesh/.local/share/bw24-models/hy3-layer103p5-dual-nvme 4 100"
	User time (seconds): 0.19
	System time (seconds): 0.01
	Percent of CPU this job got: 53%
	Elapsed (wall clock) time (h:mm:ss or m:ss): 0:00.39
	Average shared text size (kbytes): 0
	Average unshared data size (kbytes): 0
	Average stack size (kbytes): 0
	Average total size (kbytes): 0
	Maximum resident set size (kbytes): 30980
	Average resident set size (kbytes): 0
	Major (requiring I/O) page faults: 74
	Minor (reclaiming a frame) page faults: 2660
	Voluntary context switches: 6219
	Involuntary context switches: 697
	Swaps: 0
	File system inputs: 65584
	File system outputs: 0
	Socket messages sent: 0
	Socket messages received: 0
	Signals delivered: 0
	Page size (bytes): 4096
	Exit status: 0
[smoke] exit_status=0 cpu_quota=50% memory_max=2G
