loaded bw24-repack (81 layers, nextn=1)
text prompt (145 chars, chat-templated) -> 42 tokens
prompt tokens: [120000, 120044, 70830, 277, 9002, 647, 497, 25, 5130, 25152, 1326, 120006, 6331, 244, 7164, 958, 369, 12331, 244, 78357, 46997, 1703, 413, 8528, 11, 10243, 11, 289, 13561, 6590, 13, 44626, 4055, 1932, 42970, 289, 8913, 35510, 13, 120007, 120029, 120030]
[moe-cache] size-aware fixed slots: 5370 slots in 5 classes, 14.60 GB / 14.60 GB budget
[spill-pread] enabled: depth=32 buffer_bytes=6684672 total_pinned_bytes=213909504 (bounded O_DIRECT worker prefetch, caller-thread H2D, mmap error fallback)

[generate]   15 tok in 5.859s = 2.56 tok/s (gen-only; this run's prime 11.393s)
  tokens: [40129, 316, 244, 4871, 11, 1622, 81425, 5278, 279, 244, 1970, 101435, 59909, 46997, 1703, 503]
[spec-stats] rounds=5 full_accept=1 len_hist=[0, 0, 0, 5] per_slot=[5/5=1.000 5/5=1.000 1/5=0.200] total=11/15=0.733 tok_per_round=3.200

[generate_spec K=3] 16 tok in 6.314s = 2.38 tok/s (0.93x vs generate; this run's prime 11.095s)
  acceptance: 11/15 = 73.3%   self-consistency: PASS (identical to generate)

=== SELF-CONSISTENCY PASS ===
[spill-pread] reads=124914 bytes=336149594112 errors=0 short_reads=0 fallbacks=0 buffer_waits=35315 ring_full=1027
	Command being timed: "target/release/run-spec /home/avifenesh/.local/share/bw24-models/hy3-layer103p5-dual-nvme"
	User time (seconds): 157.62
	System time (seconds): 40.41
	Percent of CPU this job got: 93%
	Elapsed (wall clock) time (h:mm:ss or m:ss): 3:30.78
	Average shared text size (kbytes): 0
	Average unshared data size (kbytes): 0
	Average stack size (kbytes): 0
	Average total size (kbytes): 0
	Maximum resident set size (kbytes): 24099056
	Average resident set size (kbytes): 0
	Major (requiring I/O) page faults: 2125
	Minor (reclaiming a frame) page faults: 10178275
	Voluntary context switches: 371072
	Involuntary context switches: 2257
	Swaps: 0
	File system inputs: 671754704
	File system outputs: 0
	Socket messages sent: 0
	Socket messages received: 0
	Signals delivered: 0
	Page size (bytes): 4096
	Exit status: 0
