loaded Hy3 from bw24 repack dir (80 trunk layers; optional MTP skipped)
chat-templated prompt:
<｜hy_begin_of_sentence:opensource｜><｜reasoning_mode:opensource｜>reasoning_effort:no_think<｜hy_User:opensource｜>Write a Python function that implements a doubly-linked list with insert, delete, and reverse operations. Include full type hints and docstrings.<｜hy_Assistant:opensource｜><think:opensource></think:opensource>
prompt text: "Write a Python function that implements a doubly-linked list with insert, delete, and reverse operations. Include full type hints and docstrings."
prompt tokens: [120000, 120044, 70830, 277, 9002, 647, 497, 25, 5130, 25152, 1326, 120006, 6331, 244, 7164, 958, 369, 12331, 244, 78357, 46997, 1703, 413, 8528, 11, 10243, 11, 289, 13561, 6590, 13, 44626, 4055, 1932, 42970, 289, 8913, 35510, 13, 120007, 120029, 120030]
[moe-cache] size-aware fixed slots: 4991 slots in 5 classes, 13.19 GB / 13.19 GB budget
[spill-pread] enabled: depth=32 buffer_bytes=6684672 total_pinned_bytes=213909504 (bounded O_DIRECT worker prefetch, caller-thread H2D, mmap error fallback)
verify-prefill argmax=40129  decode argmax=40129  logit maxdiff=1.062e0  MATCH
generated 8 tokens in 2.792s = 2.87 tok/s (ST greedy decode)
tokens: [40129, 316, 244, 4871, 11, 1622, 81425, 5278]
MoE cache DECODE-WINDOW: 4991 slots | hits=8654 misses=6514 (hit-rate=57.1%) | staged 17.26 GB H2D (2057.9 MB/token)
spill worker DECODE-WINDOW: reads=6514 bytes=17262526464 waits=2377 ring_full=0 fallbacks=0
storage DECODE-WINDOW: 17.26 GB physical reads
OUTPUT TEXT: "Below is a complete, self-contained implementation"
--- generated text ---
Below is a complete, self-contained implementation
[spill-pread] reads=76017 bytes=206532378624 errors=0 short_reads=0 fallbacks=0 buffer_waits=26930 ring_full=839
	Command being timed: "target/release/run-gen /home/avifenesh/.local/share/bw24-models/hy3-layer103p5-dual-nvme"
	User time (seconds): 96.10
	System time (seconds): 30.00
	Percent of CPU this job got: 97%
	Elapsed (wall clock) time (h:mm:ss or m:ss): 2:09.69
	Average shared text size (kbytes): 0
	Average unshared data size (kbytes): 0
	Average stack size (kbytes): 0
	Average total size (kbytes): 0
	Maximum resident set size (kbytes): 18395816
	Average resident set size (kbytes): 0
	Major (requiring I/O) page faults: 50
	Minor (reclaiming a frame) page faults: 9049528
	Voluntary context switches: 222288
	Involuntary context switches: 1163
	Swaps: 0
	File system inputs: 403472816
	File system outputs: 0
	Socket messages sent: 0
	Socket messages received: 0
	Signals delivered: 0
	Page size (bytes): 4096
	Exit status: 0
