loaded Hy3 from bw24 repack dir (80 trunk layers; optional MTP skipped)
chat-templated prompt:
<｜hy_begin_of_sentence:opensource｜><｜reasoning_mode:opensource｜>reasoning_effort:no_think<｜hy_User:opensource｜>Write a Python function that implements a doubly-linked list with insert, delete, and reverse operations. Include full type hints and docstrings.<｜hy_Assistant:opensource｜><think:opensource></think:opensource>
prompt text: "Write a Python function that implements a doubly-linked list with insert, delete, and reverse operations. Include full type hints and docstrings."
prompt tokens: [120000, 120044, 70830, 277, 9002, 647, 497, 25, 5130, 25152, 1326, 120006, 6331, 244, 7164, 958, 369, 12331, 244, 78357, 46997, 1703, 413, 8528, 11, 10243, 11, 289, 13561, 6590, 13, 44626, 4055, 1932, 42970, 289, 8913, 35510, 13, 120007, 120029, 120030]
[moe-cache] size-aware fixed slots: 5691 slots in 5 classes, 15.04 GB / 15.04 GB budget
[spill-pread] enabled: depth=32 buffer_bytes=6684672 total_pinned_bytes=213909504 (bounded O_DIRECT worker prefetch, caller-thread compute-stream H2D, mmap error fallback)
[bw24] experimental CPU expert backend: /tmp/libbw24-cpu-experts-final.so (threads=8)
[bw24-cpu] normal-RAM expert cache: 36.00 GiB policy=lru io=direct
[bw24-cpu] mirrored direct I/O: 237 inode mappings
verify-prefill argmax=40129  decode argmax=40129  logit maxdiff=9.243e-1  MATCH
[moe-cache] warming 128 discarded decode tokens before fixed residency
[moe-cache] whole-expert pack: before=1866 complete + 43/25 one/two-projection fragments (93 stranded blocks); plan=1897 complete experts, 5691/5691 slots, route-score 48050.0
[moe-cache] residency frozen: 5691 slots, 5691 resident blocks; 1897 complete experts, 0 one-projection fragments, 0 two-projection fragments (0 stranded blocks)
generated 64 tokens in 9.199s = 6.96 tok/s (ST greedy decode)
tokens: [40129, 316, 244, 4871, 11, 1622, 81425, 5278, 279, 244, 1970, 101435, 59909, 46997, 1703, 503, 280, 7164, 11, 413, 1970, 26223, 1932, 42970, 40297, 1970, 24621, 35510, 40297, 289, 252, 3800, 6590, 25, 1970, 13130, 40297, 1970, 19392, 40297, 289, 1970, 55266, 53342, 286, 1438, 6515, 185, 4140, 4277, 58035, 667, 1661, 39839, 286, 4140, 25274, 1661, 24708, 2243, 2732, 14006, 25, 185]
MoE cache DECODE-WINDOW: 5691 slots | hits=72846 misses=0 (hit-rate=100.0%) | staged 0.00 GB H2D (0.0 MB/token)
spill worker DECODE-WINDOW: reads=0 bytes=0 waits=0 ring_full=0 fallbacks=0
CPU experts DECODE-WINDOW: calls=4897 experts=16166 backend_wall=7.091s RAM_hits=41776 RAM_misses=6722 RAM_fills=17.74 GB RAM_resident=38.65 GB phase_prepare=0.211s phase_io=1.985s phase_insert=0.014s phase_compute=4.869s
CPU expert HBM fragments DECODE-WINDOW: resident_0=16166 resident_1=0 resident_2=0
storage DECODE-WINDOW: 17.74 GB physical reads
steady-state rep 0: generated 64 tokens in 8.939s = 7.16 tok/s (same-prefix warm-cache greedy decode)
steady-state tokens: [300, 12196, 32, 3548, 4814, 280, 244, 78357, 46997, 1703, 64102, 300, 1120, 4277, 5428, 9575, 1961, 11, 1364, 25, 1733, 8, 5131, 5953, 25, 185, 408, 5454, 408, 15881, 244, 4814, 13, 286, 408, 1532, 3648, 1364, 25, 424, 1364, 7512, 280, 252, 4814, 13, 185, 408, 5454, 408, 1622, 11669, 25, 1733, 324, 1364, 185, 408, 1622, 79100, 25, 24708, 58, 5661]
MoE cache STEADY-STATE rep 0: 5691 slots | hits=69645 misses=0 (hit-rate=100.0%) | staged 0.00 GB H2D (0.0 MB/token)
spill worker STEADY-STATE rep 0: reads=0 bytes=0 waits=0 ring_full=0 fallbacks=0
CPU experts STEADY-STATE rep 0: calls=4935 experts=17233 backend_wall=7.147s RAM_hits=43572 RAM_misses=8127 RAM_fills=21.50 GB RAM_resident=38.65 GB phase_prepare=0.230s phase_io=2.320s phase_insert=0.017s phase_compute=4.567s
CPU expert HBM fragments STEADY-STATE rep 0: resident_0=17233 resident_1=0 resident_2=0
storage STEADY-STATE rep 0: 21.50 GB physical reads
steady-state MEDIAN: 64-token same-prefix window, N=1, 7.16 tok/s (warm HBM/RAM expert caches)
OUTPUT TEXT: "Below is a complete, self-contained implementation of a **doubly-linked list** in Python, with **full type hints**, **docstrings**, and the required operations: **insert**, **delete**, and **reverse**.\n\n```python\nfrom __future__ import annotations\n\nfrom typing import Optional\n\n\nclass Node:\n"
--- generated text ---
Below is a complete, self-contained implementation of a **doubly-linked list** in Python, with **full type hints**, **docstrings**, and the required operations: **insert**, **delete**, and **reverse**.

```python
from __future__ import annotations

from typing import Optional


class Node:

[spill-pread] reads=217096 bytes=572391800832 errors=0 short_reads=0 fallbacks=0 buffer_waits=171079 ring_full=650
[bw24-cpu-profile] calls=34647 prepare=2.188543s io=24.737975s insert=0.146325s compute=42.112456s read_projections=81826 read_GB=215.928
	Command being timed: "env BW24_NGEN=64 BW24_NMEASURE=64 BW24_NMEASURE_REPS=1 BW24_CHAT=1 BW24_PROMPT=Write a Python function that implements a doubly-linked list with insert, delete, and reverse operations. Include full type hints and docstrings. BW24_MOE_CACHE=1 BW24_MOE_SIZE_AWARE=1 BW24_MOE_LFU=1 BW24_MOE_LFU_DECAY=1.0 BW24_MOE_VRAM_FRAC=0.97 BW24_MOE_HARD_VRAM_FRAC=0.97 BW24_SPILL_IO=direct BW24_SPILL_PREAD_DEPTH=32 BW24_SPILL_WORKER_EXPERT_WINDOW=8 BW24_CPU_EXPERT_LIB=/tmp/libbw24-cpu-experts-final.so BW24_CPU_EXPERT_THREADS=8 BW24_CPU_EXPERT_IO_THREADS=8 BW24_CPU_EXPERT_CACHE_GB=36 BW24_CPU_EXPERT_CACHE_POLICY=lru BW24_CPU_EXPERT_IO=direct BW24_CPU_EXPERT_MIRROR_MAP=/home/avifenesh/.local/share/bw24-models/hy3-layer103p5-root-mirror/inode-alternates.tsv BW24_CPU_EXPERT_FREEZE_CACHE=1 BW24_CPU_EXPERT_FREEZE_WARMUP_TOKENS=128 BW24_CPU_EXPERT_FREEZE_PROFILE_ADMIT=1 BW24_CPU_EXPERT_FREEZE_PACK=1 GOMP_CPU_AFFINITY=0-7 target/release/run-gen /home/avifenesh/.local/share/bw24-models/hy3-layer103p5-dual-nvme"
	User time (seconds): 331.81
	System time (seconds): 94.29
	Percent of CPU this job got: 125%
	Elapsed (wall clock) time (h:mm:ss or m:ss): 5:39.12
	Average shared text size (kbytes): 0
	Average unshared data size (kbytes): 0
	Average stack size (kbytes): 0
	Average total size (kbytes): 0
	Maximum resident set size (kbytes): 46624192
	Average resident set size (kbytes): 0
	Major (requiring I/O) page faults: 8072
	Minor (reclaiming a frame) page faults: 19369029
	Voluntary context switches: 2867338
	Involuntary context switches: 4108
	Swaps: 0
	File system inputs: 1574642256
	File system outputs: 0
	Socket messages sent: 0
	Socket messages received: 0
	Signals delivered: 0
	Page size (bytes): 4096
	Exit status: 0
