loaded Hy3 from bw24 repack dir (80 trunk layers; optional MTP skipped)
chat-templated prompt:
<｜hy_begin_of_sentence:opensource｜><｜reasoning_mode:opensource｜>reasoning_effort:no_think<｜hy_User:opensource｜>Write a Python function that implements a doubly-linked list with insert, delete, and reverse operations. Include full type hints and docstrings.<｜hy_Assistant:opensource｜><think:opensource></think:opensource>
prompt text: "Write a Python function that implements a doubly-linked list with insert, delete, and reverse operations. Include full type hints and docstrings."
prompt tokens: [120000, 120044, 70830, 277, 9002, 647, 497, 25, 5130, 25152, 1326, 120006, 6331, 244, 7164, 958, 369, 12331, 244, 78357, 46997, 1703, 413, 8528, 11, 10243, 11, 289, 13561, 6590, 13, 44626, 4055, 1932, 42970, 289, 8913, 35510, 13, 120007, 120029, 120030]
[moe-cache] size-aware fixed slots: 5691 slots in 5 classes, 15.04 GB / 15.04 GB budget
[spill-pread] enabled: depth=16 buffer_bytes=6684672 total_pinned_bytes=106954752 (bounded O_DIRECT worker prefetch, caller-thread compute-stream H2D, mmap error fallback)
[bw24] experimental CPU expert backend: /tmp/libbw24-cpu-experts-headroom-final.so (threads=4)
[bw24-cpu] RAM headroom cap: requested=8.00 GiB available=40.61 GiB reserve=16.00 GiB effective=8.00 GiB
[bw24-cpu] normal-RAM expert cache: 8.00 GiB policy=lru io=direct
[bw24-cpu] mirrored direct I/O: 237 inode mappings
verify-prefill argmax=40129  decode argmax=40129  logit maxdiff=1.466e0  MATCH
[moe-cache] warming 16 discarded decode tokens before fixed residency
[moe-cache] residency frozen: 5691 slots, 5691 resident blocks; 1858 complete experts, 31 one-projection fragments, 43 two-projection fragments (117 stranded blocks)
generated 2 tokens in 1.213s = 1.65 tok/s (ST greedy decode)
tokens: [40129, 316]
MoE cache DECODE-WINDOW: 5691 slots | hits=2778 misses=0 (hit-rate=100.0%) | staged 0.00 GB H2D (0.0 MB/token)
spill worker DECODE-WINDOW: reads=0 bytes=0 waits=0 ring_full=0 fallbacks=0
CPU experts DECODE-WINDOW: calls=136 experts=338 backend_wall=1.142s RAM_hits=246 RAM_misses=768 RAM_fills=2.13 GB RAM_resident=8.59 GB phase_prepare=0.006s phase_io=0.514s phase_insert=0.001s phase_compute=0.620s
CPU expert transition prefetch DECODE-WINDOW: submitted=0 dropped=0 useful=0 unused=0 waits=0 failures=0
CPU expert HBM fragments DECODE-WINDOW: resident_0=313 resident_1=10 resident_2=15
storage DECODE-WINDOW: 2.13 GB physical reads
OUTPUT TEXT: "Below is"
--- generated text ---
Below is
[spill-pread] reads=111487 bytes=297704177664 errors=0 short_reads=0 fallbacks=0 buffer_waits=72563 ring_full=3381
[bw24-cpu-profile] calls=7995 prepare=0.913867s io=38.852469s insert=0.101189s compute=50.251247s read_projections=64358 read_GB=168.596
	Command being timed: "timeout --signal=TERM --kill-after=15s 10m env BW24_MOE_MIXED_Q8=1 BW24_NGEN=2 BW24_CHAT=1 BW24_PROMPT=Write a Python function that implements a doubly-linked list with insert, delete, and reverse operations. Include full type hints and docstrings. BW24_MOE_CACHE=1 BW24_MOE_SIZE_AWARE=1 BW24_MOE_LFU=1 BW24_MOE_LFU_DECAY=1.0 BW24_MOE_VRAM_FRAC=0.97 BW24_MOE_HARD_VRAM_FRAC=0.97 BW24_SPILL_IO=direct BW24_SPILL_PREAD_DEPTH=16 BW24_SPILL_WORKER_EXPERT_WINDOW=5 BW24_CPU_EXPERT_LIB=/tmp/libbw24-cpu-experts-headroom-final.so BW24_CPU_EXPERT_THREADS=4 BW24_CPU_EXPERT_IO_THREADS=2 BW24_CPU_EXPERT_CACHE_GB=8 BW24_CPU_EXPERT_RESERVE_GB=16 BW24_CPU_EXPERT_CACHE_POLICY=lru BW24_CPU_EXPERT_IO=direct BW24_CPU_EXPERT_MIRROR_MAP=/home/avifenesh/.local/share/bw24-models/hy3-layer103p5-root-mirror/inode-alternates.tsv BW24_CPU_EXPERT_FREEZE_CACHE=1 BW24_CPU_EXPERT_FREEZE_WARMUP_TOKENS=16 BW24_CPU_EXPERT_FREEZE_WARMUP_SPEC_K=3 BW24_CPU_EXPERT_FREEZE_PROFILE_ADMIT=1 OMP_WAIT_POLICY=PASSIVE GOMP_SPINCOUNT=0 GOMP_CPU_AFFINITY=0-3 target/release/run-gen /home/avifenesh/.local/share/bw24-models/hy3-layer103p5-dual-nvme"
	User time (seconds): 140.32
	System time (seconds): 58.48
	Percent of CPU this job got: 49%
	Elapsed (wall clock) time (h:mm:ss or m:ss): 6:40.00
	Average shared text size (kbytes): 0
	Average unshared data size (kbytes): 0
	Average stack size (kbytes): 0
	Average total size (kbytes): 0
	Maximum resident set size (kbytes): 23899728
	Average resident set size (kbytes): 0
	Major (requiring I/O) page faults: 6091
	Minor (reclaiming a frame) page faults: 11500867
	Voluntary context switches: 737571
	Involuntary context switches: 7191
	Swaps: 0
	File system inputs: 945385064
	File system outputs: 0
	Socket messages sent: 0
	Socket messages received: 0
	Signals delivered: 0
	Page size (bytes): 4096
	Exit status: 0
