[runner] thermal_regime=clean-swap, default system power policy, no intentional cooldown
[runner] cpu_regime=unlimited max-weight systemd scope, 8 P-core CPU expert team
[runner] io_regime=mirrored direct I/O across both NVMe devices; IOWeight=10000 requested
[runner] memory_regime=requested 36-GiB CPU cache with 6-GiB MemAvailable reserve
[runner] cgroup_memory_regime=unlimited sibling systemd scope
[runner] measurement_N=1 generation_tokens=64
[runner] mode=pack
[runner] fused_stages=0
[runner] mixed_q8=0
[runner] cache_policy=lru
[runner] preflight_free_vram_mib=23672
[runner] preflight_load_one=2.21
[runner] git_head=650d45c496ecb2d5cae009e1b3e03d347e2db8ea
ebecf5b8dcd1b6598c480e554199c08c361832ac23611821d517115ff8dfe093  /tmp/bw24-run-spec
8bf23e565f64baec94f9b40f1848d179e17e42b87784db1c1d3def5ea89fa031  /tmp/libbw24-cpu-experts-headroom-final.so
 19:32:27 up 16 days,  4:44,  2 users,  load average: 2.21, 3.88, 3.84
               total        used        free      shared  buff/cache   available
Mem:            60Gi        26Gi        17Gi        14Gi        32Gi        34Gi
Swap:          8.0Gi          0B       8.0Gi
NAME      TYPE SIZE USED PRIO
/swap.img file   8G   0B   -1
MemAvailable:   36044168 kB
SwapFree:        8388604 kB
Dirty:              7108 kB
Writeback:             0 kB
procs -----------memory---------- ---swap-- -----io---- -system-- -------cpu-------
 r  b   swpd   free   buff  cache   si   so    bi    bo   in   cs us sy id wa st gu
 1  0      0 18235740 2316016 31359160  541  598 66001  3813 23546   16 13  5 82  0  0  0
 0  0      0 18244960 2316024 31341644    0    0  1240    96 9423 25959  3  1 96  0  0  0
 0  0      0 18231268 2316028 31340128    0    0     4   168 10320 21229  2  1 98  0  0  0
2026/07/20 19:32:29.572, NVIDIA GeForce RTX 5090 Laptop GPU, 54, 9.29 W, 0 %, 312 MiB, 23672 MiB
[runner-scope] pid=2733055
0::/user.slice/user-1000.slice/user@1000.service/app.slice/bw24-headroom6-pack-2733000.scope
[runner-scope] cpu.max=max 100000
[runner-scope] cpu.weight=10000
[runner-scope] io.weight=unavailable
[runner-scope] memory.high=max
[runner-scope] memory.max=max
loaded bw24-repack (81 layers, nextn=1)
text prompt (145 chars, chat-templated) -> 42 tokens
prompt tokens: [120000, 120044, 70830, 277, 9002, 647, 497, 25, 5130, 25152, 1326, 120006, 6331, 244, 7164, 958, 369, 12331, 244, 78357, 46997, 1703, 413, 8528, 11, 10243, 11, 289, 13561, 6590, 13, 44626, 4055, 1932, 42970, 289, 8913, 35510, 13, 120007, 120029, 120030]
[moe-cache] warming 128 discarded speculative tokens at K=3 before fixed residency
[moe-cache] size-aware fixed slots: 5470 slots in 5 classes, 14.88 GB / 14.88 GB budget
[spill-pread] enabled: depth=32 buffer_bytes=6684672 total_pinned_bytes=213909504 (bounded O_DIRECT worker prefetch, caller-thread compute-stream H2D, mmap error fallback)
[spec] host-row embedding: 525860864 bytes kept off HBM
[bw24] experimental CPU expert backend: /tmp/libbw24-cpu-experts-headroom-final.so (threads=8)
[bw24-cpu] RAM headroom cap: requested=36.00 GiB available=37.98 GiB reserve=6.00 GiB effective=31.98 GiB
[bw24-cpu] normal-RAM expert cache: 31.98 GiB policy=lru io=direct
[bw24-cpu] mirrored direct I/O: 237 inode mappings
[spec-stats] rounds=56 full_accept=28 len_hist=[2, 14, 20, 20] per_slot=[43/54=0.796 22/40=0.550 8/20=0.400] total=73/114=0.640 tok_per_round=2.304
[spec-phase] draft=1524.5ms (1.1%) verify-issue=134614.7ms (98.8%) verify-wait=42.4ms (0.0%) commit-host=10.4ms (0.0%) rounds=56
[moe-cache] whole-expert pack: before=1802 complete + 20/22 one/two-projection fragments (64 stranded blocks); plan=1823 complete experts, 5469/5470 slots, route-score 62053.0; retained required resident experts=1802/1802
[moe-cache] residency frozen: 5470 slots, 5469 resident blocks; 1823 complete experts, 0 one-projection fragments, 0 two-projection fragments (0 stranded blocks)
[moe-cache] frozen MTP residency: 63 blocks, 21 complete experts

[generate]   63 tok in 8.737s = 7.21 tok/s (gen-only; this run's prime 6.804s)
  tokens: [40129, 316, 244, 4871, 11, 1622, 81425, 5278, 279, 244, 1970, 101435, 59909, 46997, 1703, 503, 280, 7164, 11, 413, 1970, 13130, 40297, 1970, 19392, 40297, 289, 1970, 55266, 503, 6590, 13, 4468, 628, 2816, 3865, 1970, 26223, 1932, 42970, 503, 289, 1970, 24621, 35510, 40297, 289, 316, 5413, 280, 244, 6323, 11, 4382, 24408, 5354, 13, 286, 1438, 6515, 185, 4140, 4277, 58035]
[spec] host-row embedding: 525860864 bytes kept off HBM
[spec-stats] rounds=35 full_accept=30 len_hist=[2, 33] per_slot=[28/33=0.848] total=28/33=0.848 tok_per_round=1.800
[spec-phase] draft=106.5ms (1.3%) verify-issue=8190.1ms (98.4%) verify-wait=22.3ms (0.3%) commit-host=4.6ms (0.1%) rounds=35

[generate_spec K=1] 64 tok in 8.533s = 7.38 tok/s (1.02x vs generate; this run's prime 6.465s)
  acceptance: 28/33 = 84.8%   self-consistency: PASS (identical to generate)

=== SELF-CONSISTENCY PASS ===
[spill-pread] reads=189448 bytes=498184519680 errors=0 short_reads=0 fallbacks=0 buffer_waits=163590 ring_full=932
[bw24-cpu-profile] calls=30265 prepare=1.478325s io=22.898226s insert=0.126688s compute=26.120650s read_projections=81239 read_GB=213.638
	Command being timed: "env BW24_CPU_EXPERT_FREEZE_PACK=1 BW24_CPU_EXPERT_FUSED_STAGES=0 BW24_MOE_MIXED_Q8=0 BW24_NGEN=64 BW24_SPEC_K=1 BW24_SPEC_HOST_EMBD=1 BW24_SPEC_STATS=1 BW24_SPEC_PHASE=1 BW24_SPEC_PMIN=0.2 BW24_SPEC_PMIN0=1 BW24_CHAT=1 BW24_PROMPT=Write a Python function that implements a doubly-linked list with insert, delete, and reverse operations. Include full type hints and docstrings. BW24_MOE_CACHE=1 BW24_MOE_SIZE_AWARE=1 BW24_MOE_LFU=1 BW24_MOE_LFU_DECAY=1.0 BW24_MOE_VRAM_FRAC=0.97 BW24_MOE_HARD_VRAM_FRAC=0.97 BW24_SPILL_IO=direct BW24_SPILL_PREAD_DEPTH=32 BW24_SPILL_WORKER_EXPERT_WINDOW=8 BW24_CPU_EXPERT_LIB=/tmp/libbw24-cpu-experts-headroom-final.so BW24_CPU_EXPERT_THREADS=8 BW24_CPU_EXPERT_IO_THREADS=8 BW24_CPU_EXPERT_CACHE_GB=36 BW24_CPU_EXPERT_RESERVE_GB=6 BW24_CPU_EXPERT_CACHE_POLICY=lru BW24_CPU_EXPERT_IO=direct BW24_CPU_EXPERT_MIRROR_MAP=/home/avifenesh/.local/share/bw24-models/hy3-layer103p5-root-mirror/inode-alternates.tsv BW24_CPU_EXPERT_FREEZE_CACHE=1 BW24_CPU_EXPERT_FREEZE_WARMUP_TOKENS=128 BW24_CPU_EXPERT_FREEZE_WARMUP_SPEC_K=3 BW24_CPU_EXPERT_FREEZE_PROFILE_ADMIT=1 GOMP_CPU_AFFINITY=0-7 /tmp/bw24-run-spec /home/avifenesh/.local/share/bw24-models/hy3-layer103p5-dual-nvme"
	User time (seconds): 322.39
	System time (seconds): 82.01
	Percent of CPU this job got: 114%
	Elapsed (wall clock) time (h:mm:ss or m:ss): 5:53.05
	Average shared text size (kbytes): 0
	Average unshared data size (kbytes): 0
	Average stack size (kbytes): 0
	Average total size (kbytes): 0
	Maximum resident set size (kbytes): 42224920
	Average resident set size (kbytes): 0
	Major (requiring I/O) page faults: 5733
	Minor (reclaiming a frame) page faults: 19414886
	Voluntary context switches: 2549991
	Involuntary context switches: 4174
	Swaps: 0
	File system inputs: 1436334680
	File system outputs: 0
	Socket messages sent: 0
	Socket messages received: 0
	Signals delivered: 0
	Page size (bytes): 4096
	Exit status: 0
[runner] exit_status=0
 19:38:22 up 16 days,  4:50,  2 users,  load average: 4.48, 3.61, 3.64
               total        used        free      shared  buff/cache   available
Mem:            60Gi        18Gi        40Gi       8.2Gi        10Gi        42Gi
Swap:          8.0Gi       8.0Gi       172Ki
NAME      TYPE SIZE USED PRIO
/swap.img file   8G   8G   -1
MemAvailable:   44160556 kB
SwapFree:            172 kB
Dirty:             10148 kB
Writeback:             0 kB
procs -----------memory---------- ---swap-- -----io---- -system-- -------cpu-------
 r  b   swpd   free   buff  cache   si   so    bi    bo   in   cs us sy id wa st gu
 0  0 8388432 42119044  99636 11263016  541  604 66502  3818 23548   16 13  5 82  0  0  0
 0  0 8388432 42135340  99640 11266076    0    0  1400    24 3272 6928  1  0 99  0  0  0
 1  0 8388316 42138956  99648 11278180  120    0 12224   152 2735 7356  1  1 99  0  0  0
2026/07/20 19:38:24.691, NVIDIA GeForce RTX 5090 Laptop GPU, 67, 32.66 W, 0 %, 312 MiB, 23672 MiB
