[runner] thermal_regime=clean-swap, default system power policy, no intentional cooldown
 16:57:43 up 16 days,  2:09,  2 users,  load average: 4.33, 10.61, 17.20
2026/07/20 16:57:43.165, NVIDIA GeForce RTX 5090 Laptop GPU, 55, 9.46 W, 0 %, 312 MiB
    PID STAT %CPU     ELAPSED COMMAND
loaded bw24-repack (81 layers, nextn=1)
text prompt (145 chars, chat-templated) -> 42 tokens
prompt tokens: [120000, 120044, 70830, 277, 9002, 647, 497, 25, 5130, 25152, 1326, 120006, 6331, 244, 7164, 958, 369, 12331, 244, 78357, 46997, 1703, 413, 8528, 11, 10243, 11, 289, 13561, 6590, 13, 44626, 4055, 1932, 42970, 289, 8913, 35510, 13, 120007, 120029, 120030]
[moe-cache] warming 128 discarded speculative tokens at K=3 before fixed residency
[moe-cache] size-aware fixed slots: 5470 slots in 5 classes, 14.88 GB / 14.88 GB budget
[spill-pread] enabled: depth=32 buffer_bytes=6684672 total_pinned_bytes=213909504 (bounded O_DIRECT worker prefetch, caller-thread compute-stream H2D, mmap error fallback)
[spec] host-row embedding: 525860864 bytes kept off HBM
[bw24] experimental CPU expert backend: /tmp/libbw24-cpu-experts-final.so (threads=8)
[bw24-cpu] normal-RAM expert cache: 36.00 GiB policy=lru io=direct
[bw24-cpu] mirrored direct I/O: 237 inode mappings
[spec-stats] rounds=56 full_accept=28 len_hist=[2, 14, 20, 20] per_slot=[43/54=0.796 22/40=0.550 8/20=0.400] total=73/114=0.640 tok_per_round=2.304
[spec-phase] draft=2110.8ms (1.4%) verify-issue=153577.2ms (98.6%) verify-wait=40.3ms (0.0%) commit-host=12.0ms (0.0%) rounds=56
[moe-cache] residency frozen: 5470 slots, 5470 resident blocks; 1802 complete experts, 20 one-projection fragments, 22 two-projection fragments (64 stranded blocks)
[moe-cache] frozen MTP residency: 63 blocks, 21 complete experts

[generate]   63 tok in 161.091s = 0.39 tok/s (gen-only; this run's prime 8.544s)
  tokens: [40129, 316, 244, 4871, 11, 1622, 81425, 5278, 279, 244, 1970, 101435, 59909, 46997, 1703, 503, 280, 7164, 13, 4468, 2171, 5658, 25, 286, 12, 15993, 1970, 4906, 42970, 503, 341, 5177, 47, 206, 35976, 1320, 607, 12474, 277, 52471, 12, 20424, 1970, 24621, 35510, 3236, 12, 607, 13130, 3175, 607, 19392, 3175, 289, 607, 55266, 63, 6590, 185, 12, 355, 4132, 607, 5661]
