# gpu    pwr  gtemp  mtemp     sm    mem    enc    dec    jpg    ofa   mclk   pclk  pviol  tviol     fb   bar1   ccpm  rxpci  txpci 
# Idx      W      C      C      %      %      %      %      %      %    MHz    MHz      %   bool     MB     MB     MB   MB/s   MB/s 
    0      8     49      -      0      0      0      0      0      0    405    180      0      0    312    313      0      0      1 
    0      8     49      -      0      0      0      0      0      0    405    180      0      0    312    313      0      0      0 
    0      8     49      -      0      0      0      0      0      0    405    180      0      0    312    313      0      0      0 
    0      8     49      -      0      0      0      0      0      0    405    180      0      0    312    313      0      0      0 
    0      8     49      -      0      0      0      0      0      0    405    180      0      0    312    313      0      0      0 
    0      8     49      -      0      0      0      0      0      0    405    180      0      0    312    313      0      0      1 
    0      8     49      -      0      0      0      0      0      0    405    180      0      0    312    313      0      0      2 
    0      8     49      -      0      0      0      0      0      0    405    180      0      0    312    313      0      0      0 
    0      8     49      -      0      0      0      0      0      0    405    180      0      0    312    313      0      0      2 
    0      8     49      -      0      0      0      0      0      0    405    180      0      0    312    313      0      0      0 
    0      8     49      -      0      0      0      0      0      0    405    180      0      0    312    313      0      0      2 
    0      8     49      -      0      0      0      0      0      0    405    180      0      0    312    313      0      0      0 
    0      8     49      -      0      0      0      0      0      0    405    180      0      0    312    313      0      0      2 
    0      8     49      -      0      0      0      0      0      0    405    180      0      0    312    313      0      0      0 
    0      8     49      -      0      0      0      0      0      0    405    180      0      0    312    313      0      0      2 
    0      8     49      -      0      0      0      0      0      0    405    180      0      0    312    313      0      0      1 
    0     27     49      -      0      0      0      0      0      0  14001   1597      0      0    608    609      0      0      0 
    0     27     50      -      0      0      0      0      0      0  14001   1597      0      0    608    609      0      0      0 
    0     26     50      -      0      0      0      0      0      0  14001   1590      0      0    608    609      0      0      0 
    0     26     50      -      0      0      0      0      0      0  14001   1597      0      0    608    609      0      0      0 
    0     26     50      -      0      0      0      0      0      0  14001   1590      0      0    608    609      0      0      0 
    0     26     50      -      0      0      0      0      0      0  14001   1590      0      0    640    641      0      0      0 
    0     27     50      -      0      0      0      0      0      0  14001   1590      0      0    640    641      0      0      0 
    0     26     50      -      0      0      0      0      0      0  14001   1597      0      0    640    641      0      0      2 
    0     26     50      -      0      0      0      0      0      0  14001   1590      0      0    640    641      0      0     11 
    0     26     50      -      0      0      0      0      0      0  14001   1597      0      0    640    641      0      0      2 
    0     26     51      -      0      0      0      0      0      0  14001   1590      0      0    640    641      0      0      0 
    0     26     51      -      0      0      0      0      0      0  14001   1590      0      0    640    641      0      0      4 
    0     26     51      -      0      0      0      0      0      0  14001   1597      0      0    640    641      0      0      0 
    0     26     51      -      0      0      0      0      0      0  14001   1590      0      0    640    641      0      0      0 
    0     27     51      -      0      0      0      0      0      0  14001   1597      0      0   1184   1185      0      0      0 
    0     27     51      -      0      0      0      0      0      0  14001   1590      0      0   1248   1249      0      0      0 
    0     27     51      -      1      0      0      0      0      0  14001   1590      0      0   1408   1409      0      0     21 
    0     27     51      -      0      0      0      0      0      0  14001   1590      0      0   1472   1473      0      0      0 
    0     27     51      -      1      0      0      0      0      0  14001   1590      0      0   1568   1569      0      0      2 
    0     27     51      -      0      0      0      0      0      0  14001   1590      0      0   1664   1665      0      0      0 
    0     27     52      -      0      0      0      0      0      0  14001   1597      0      0   1760   1761      0      0      2 
    0     27     52      -      0      0      0      0      0      0  14001   1590      0      0   1856   1857      0    352      1 
    0     27     52      -      2      0      0      0      0      0  14001   1590      0      0   1952   1953      0    352      0 
    0     27     52      -      0      0      0      0      0      0  14001   1590      0      0   2048   2049      0      0      0 
    0     27     52      -      0      0      0      0      0      0  14001   1590      0      0   2112   2113      0   2050      0 
    0     27     52      -      0      0      0      0      0      0  14001   1590      0      0   2208   2209      0      0    164 
    0     27     52      -      2      0      0      0      0      0  14001   1590      0      0   2304   2305      0      0      0 
    0     27     52      -      0      0      0      0      0      0  14001   1590      0      0   2400   2401      0      0      0 
# gpu    pwr  gtemp  mtemp     sm    mem    enc    dec    jpg    ofa   mclk   pclk  pviol  tviol     fb   bar1   ccpm  rxpci  txpci 
# Idx      W      C      C      %      %      %      %      %      %    MHz    MHz      %   bool     MB     MB     MB   MB/s   MB/s 
    0     27     52      -      0      0      0      0      0      0  14001   1590      0      0   2496   2497      0      0      0 
    0     27     52      -      0      0      0      0      0      0  14001   1590      0      0   2592   2593      0      0      0 
    0     27     52      -      0      0      0      0      0      0  14001   1590      0      0   2688   2689      0     12      1 
    0     27     53      -      0      0      0      0      0      0  14001   1590      0      0   2784   2785      0    235      0 
    0     27     53      -      0      0      0      0      0      0  14001   1590      0      0   2880   2881      0      0      0 
    0     27     53      -      0      0      0      0      0      0  14001   1590      0      0   2976   2977      0      0     21 
    0     27     53      -      0      0      0      0      0      0  14001   1590      0      0   3040   3041      0      0    164 
    0     27     53      -      0      0      0      0      0      0  14001   1590      0      0   3136   3137      0      0      0 
    0     27     53      -      0      0      0      0      0      0  14001   1590      0      0   3232   3233      0      0      0 
    0     27     53      -      0      0      0      0      0      0  14001   1590      0      0   3328   3329      0      0      0 
    0     27     53      -      2      0      0      0      0      0  14001   1590      0      0   3424   3425      0      0      0 
    0     27     53      -      0      0      0      0      0      0  14001   1590      0      0   3552   3553      0      0      2 
    0     27     53      -      0      0      0      0      0      0  14001   1590      0      0   3616   3617      0    355      0 
    0     27     53      -      0      0      0      0      0      0  14001   1590      0      0   3744   3745      0      0      2 
    0     27     53      -      0      0      0      0      0      0  14001   1590      0      0   3808   3809      0    353      1 
    0     27     53      -      0      0      0      0      0      0  14001   1590      0      0   3936   3937      0      0      0 
    0     27     54      -      0      0      0      0      0      0  14001   1590      0      0   4000   4001      0    310      0 
    0     27     54      -      0      0      0      0      0      0  14001   1590      0      0   4096   4097      0      0      0 
    0     27     54      -      0      0      0      0      0      0  14001   1590      0      0   4224   4225      0      0      0 
    0     27     54      -      0      0      0      0      0      0  14001   1590      0      0   4256   4257      0      0      0 
    0     27     54      -      1      0      0      0      0      0  14001   1590      0      0   4384   4385      0      0      0 
    0     27     54      -      0      0      0      0      0      0  14001   1590      0      0   4480   4481      0      0      0 
    0     27     54      -      0      0      0      0      0      0  14001   1590      0      0   4576   4577      0      0      0 
    0     27     54      -      0      0      0      0      0      0  14001   1590      0      0   4672   4673      0     10     21 
    0     27     54      -      0      0      0      0      0      0  14001   1590      0      0   4768   4769      0    229      2 
    0     27     54      -      0      0      0      0      0      0  14001   1590      0      0   4864   4865      0      0     21 
    0     27     54      -      0      0      0      0      0      0  14001   1590      0      0   4928   4929      0      0      2 
    0     27     54      -      0      0      0      0      0      0  14001   1590      0      0   5024   5025      0      0      0 
    0     27     55      -      0      0      0      0      0      0  14001   1590      0      0   5120   5121      0      0      0 
    0     27     55      -      0      0      0      0      0      0  14001   1590      0      0   5216   5217      0      0      0 
    0     27     55      -      0      0      0      0      0      0  14001   1590      0      0   5312   5313      0      0      0 
    0     27     55      -      1      0      0      0      0      0  14001   1590      0      0   5408   5409      0      0      0 
    0     27     55      -      0      0      0      0      0      0  14001   1590      0      0   5504   5505      0      0      0 
    0     27     55      -      0      0      0      0      0      0  14001   1590      0      0   5600   5601      0    353      0 
    0     27     55      -      0      0      0      0      0      0  14001   1590      0      0   5696   5697      0      0      0 
    0     27     55      -      2      0      0      0      0      0  14001   1590      0      0   5792   5793      0      0      0 
    0     27     55      -      0      0      0      0      0      0  14001   1590      0      0   5888   5889      0      0      0 
    0     27     55      -      0      0      0      0      0      0  14001   1590      0      0   5984   5985      0    166      0 
    0     27     55      -      0      0      0      0      0      0  14001   1590      0      0   6048   6049      0      0     96 
    0     27     55      -      0      0      0      0      0      0  14001   1590      0      0   6144   6145      0      0      0 
    0     27     55      -      1      0      0      0      0      0  14001   1590      0      0   6240   6241      0      0      0 
    0     27     55      -      0      0      0      0      0      0  14001   1590      0      0   6336   6337      0      0      0 
    0     27     55      -      0      0      0      0      0      0  14001   1590      0      0   6432   6433      0      0      0 
    0     27     55      -      0      0      0      0      0      0  14001   1590      0      0   6528   6529      0      0      2 
# gpu    pwr  gtemp  mtemp     sm    mem    enc    dec    jpg    ofa   mclk   pclk  pviol  tviol     fb   bar1   ccpm  rxpci  txpci 
# Idx      W      C      C      %      %      %      %      %      %    MHz    MHz      %   bool     MB     MB     MB   MB/s   MB/s 
    0     27     55      -      0      0      0      0      0      0  14001   1590      0      0   6624   6625      0     10      0 
    0     27     55      -      0      0      0      0      0      0  14001   1590      0      0   6688   6689      0      0      3 
    0     27     55      -      0      0      0      0      0      0  14001   1590      0      0   6784   6785      0      0      0 
    0     27     55      -      0      0      0      0      0      0  14001   1590      0      0   6880   6881      0      0      2 
    0     27     55      -      0      0      0      0      0      0  14001   1590      0      0   6976   6977      0      0      0 
    0     27     55      -      0      0      0      0      0      0  14001   1590      0      0   7104   7105      0      0      2 
    0     27     55      -      1      0      0      0      0      0  14001   1590      0      0   7168   7169      0      0      0 
    0     27     55      -      0      0      0      0      0      0  14001   1590      0      0   7264   7265      0    354      1 
    0     27     56      -      0      0      0      0      0      0  14001   1590      0      0   7328   7329      0   2050      0 
    0     27     56      -      0      0      0      0      0      0  14001   1590      0      0   7424   7425      0      0      2 
    0     27     56      -      0      0      0      0      0      0  14001   1590      0      0   7520   7521      0      0      0 
    0     27     56      -      0      0      0      0      0      0  14001   1590      0      0   7616   7617      0      0      0 
    0     27     56      -      0      0      0      0      0      0  14001   1590      0      0   7680   7681      0   1883      0 
    0     27     56      -      0      0      0      0      0      0  14001   1590      0      0   7776   7777      0      0      0 
    0     27     56      -      0      0      0      0      0      0  14001   1590      0      0   7872   7873      0      0      0 
    0     27     56      -      0      0      0      0      0      0  14001   1590      0      0   7968   7969      0      0      0 
    0     27     56      -      0      0      0      0      0      0  14001   1590      0      0   8064   8065      0    354      0 
    0     27     57      -      0      0      0      0      0      0  14001   1590      0      0   8128   8129      0      0    178 
    0     28     57      -      0      0      0      0      0      0  14001   1590      0      0   8224   8225      0      0      0 
    0     28     57      -      0      0      0      0      0      0  14001   1597      0      0   8320   8321      0    236      0 
    0     28     57      -      0      0      0      0      0      0  14001   1590      0      0   8384   8385      0      0     10 
    0     28     58      -      0      0      0      0      0      0  14001   1590      0      0   8480   8481      0      0      0 
    0     28     58      -      0      0      0      0      0      0  14001   1590      0      0   8544   8545      0    353      1 
    0     28     58      -      0      0      0      0      0      0  14001   1590      0      0   8640   8641      0      0      0 
    0     28     59      -      0      0      0      0      0      0  14001   1590      0      0   8704   8705      0      0      1 
    0     28     59      -      0      0      0      0      0      0  14001   1590      0      0   8768   8769      0   1884      0 
    0     28     59      -      0      0      0      0      0      0  14001   1590      0      0   8864   8865      0      0      2 
    0     28     59      -      0      0      0      0      0      0  14001   1590      0      0   8960   8961      0    354      0 
    0     28     59      -      0      0      0      0      0      0  14001   1590      0      0   9056   9057      0      0      2 
    0     28     59      -      0      0      0      0      0      0  14001   1590      0      0   9120   9121      0   2051      0 
    0     28     59      -      0      0      0      0      0      0  14001   1590      0      0   9184   9185      0      0      0 
    0     28     59      -      0      0      0      0      0      0  14001   1590      0      0   9280   9281      0      0      0 
    0     28     59      -      0      0      0      0      0      0  14001   1590      0      0   9280   9281      0      0      0 
    0     28     59      -      0      0      0      0      0      0  14001   1590      0      0   9280   9281      0      0      0 
    0     28     59      -      0      0      0      0      0      0  14001   1597      0      0   9280   9281      0      0      0 
    0     28     58      -      0      0      0      0      0      0  14001   1590      0      0   9280   9281      0      0      0 
    0     28     58      -      0      0      0      0      0      0  14001   1590      0      0   9280   9281      0      0      0 
    0     28     58      -      0      0      0      0      0      0  14001   1590      0      0   9280   9281      0      0      0 
    0     28     58      -      0      0      0      0      0      0  14001   1597      0      0   9280   9281      0      0      0 
    0     28     58      -      0      0      0      0      0      0  14001   1590      0      0   9280   9281      0      0      2 
    0     28     58      -      0      0      0      0      0      0  14001   1590      0      0   9280   9281      0      0      0 
    0     28     57      -      0      0      0      0      0      0  14001   1590      0      0   9280   9281      0      0      2 
    0     28     57      -      0      0      0      0      0      0  14001   1597      0      0   9280   9281      0     10      0 
    0     28     57      -      0      0      0      0      0      0  14001   1590      0      0   9280   9281      0      0      0 
# gpu    pwr  gtemp  mtemp     sm    mem    enc    dec    jpg    ofa   mclk   pclk  pviol  tviol     fb   bar1   ccpm  rxpci  txpci 
# Idx      W      C      C      %      %      %      %      %      %    MHz    MHz      %   bool     MB     MB     MB   MB/s   MB/s 
    0     27     57      -      0      0      0      0      0      0  14001   1590      0      0   9280   9281      0      0      0 
    0     27     57      -      0      0      0      0      0      0  14001   1590      0      0   9280   9281      0      0      0 
    0     27     57      -      0      0      0      0      0      0  14001   1597      0      0   9280   9281      0      0      0 
    0     27     56      -      0      0      0      0      0      0  14001   1590      0      0   9280   9281      0      0      0 
    0     27     56      -      0      0      0      0      0      0  14001   1597      0      0   9280   9281      0      0      0 
    0     20     55      -      0      0      0      0      0      0    810    180      0      0   9280   9281      0      0      0 
    0     15     55      -      0      0      0      0      0      0    810    180      0      0   9280   9281      0      0      0 
    0     10     55      -      0      0      0      0      0      0    405    180      0      0   9280   9281      0      0      0 
    0      9     55      -      0      0      0      0      0      0    405    180      0      0   9280   9281      0      0      0 
    0      9     54      -      0      0      0      0      0      0    405    180      0      0   9280   9281      0      0      0 
    0      9     54      -      0      0      0      0      0      0    405    180      0      0   9280   9281      0      0      0 
    0      9     54      -      0      0      0      0      0      0    405    180      0      0   9280   9281      0      0      0 
    0      9     54      -      0      0      0      0      0      0    405    180      0      0   9280   9281      0      0      2 
    0      9     53      -      0      0      0      0      0      0    405    180      0      0   9280   9281      0      0      0 
    0      9     53      -      0      0      0      0      0      0    405    180      0      0   9280   9281      0      0      1 
    0      9     53      -      0      0      0      0      0      0    405    180      0      0   9280   9281      0      0      0 
    0      8     53      -      0      0      0      0      0      0    405    180      0      0   9280   9281      0      0      0 
    0      8     53      -      0      0      0      0      0      0    405    180      0      0   9280   9281      0      0      0 
    0      8     52      -      0      0      0      0      0      0    405    180      0      0   9280   9281      0      0      2 
    0      9     52      -      0      0      0      0      0      0    405    180      0      0   9280   9281      0      0      0 
    0      9     52      -      0      0      0      0      0      0    405    180      0      0   9280   9281      0      0      2 
    0      8     52      -      0      0      0      0      0      0    405    180      0      0   9280   9281      0      0      0 
    0      8     52      -      0      0      0      0      0      0    405    180      0      0   9280   9281      0      0      2 
    0      8     52      -      0      0      0      0      0      0    405    180      0      0   9280   9281      0      0      0 
    0      8     51      -      0      0      0      0      0      0    405    180      0      0   9280   9281      0      0      2 
    0      8     51      -      0      0      0      0      0      0    405    180      0      0   9280   9281      0      0      0 
    0      8     51      -      0      0      0      0      0      0    405    180      0      0   9280   9281      0      0      1 
    0      9     51      -      0      0      0      0      0      0    405    180      0      0   9280   9281      0      0      0 
    0      8     51      -      0      0      0      0      0      0    405    180      0      0   9280   9281      0      0      2 
    0      8     51      -      0      0      0      0      0      0    405    180      0      0   9280   9281      0      0      0 
    0      8     51      -      0      0      0      0      0      0    405    180      0      0   9280   9281      0      0      1 
    0      8     50      -      0      0      0      0      0      0    405    180      0      0   9280   9281      0      0      0 
    0      8     50      -      0      0      0      0      0      0    405    180      0      0   9280   9281      0      0      0 
    0      8     50      -      0      0      0      0      0      0    405    180      0      0   9280   9281      0      0      0 
    0      8     50      -      0      0      0      0      0      0    405    180      0      0   9280   9281      0      0      0 
    0      8     50      -      0      0      0      0      0      0    405    180      0      0   9280   9281      0      0      0 
    0      8     50      -      0      0      0      0      0      0    405    180      0      0   9280   9281      0      0      0 
    0      8     50      -      0      0      0      0      0      0    405    180      0      0   9280   9281      0      0      2 
    0      8     50      -      0      0      0      0      0      0    405    180      0      0   9280   9281      0      0      0 
    0      8     50      -      0      0      0      0      0      0    405    180      0      0   9280   9281      0      0      2 
    0      8     50      -      0      0      0      0      0      0    405    180      0      0   9280   9281      0      0      1 
    0      8     50      -      0      0      0      0      0      0    405    180      0      0   9280   9281      0      0      0 
    0      8     50      -      0      0      0      0      0      0    405    180      0      0   9280   9281      0      0      0 
    0      8     50      -      0      0      0      0      0      0    405    180      0      0   9280   9281      0      0      0 
# gpu    pwr  gtemp  mtemp     sm    mem    enc    dec    jpg    ofa   mclk   pclk  pviol  tviol     fb   bar1   ccpm  rxpci  txpci 
# Idx      W      C      C      %      %      %      %      %      %    MHz    MHz      %   bool     MB     MB     MB   MB/s   MB/s 
    0     27     50      -      0      0      0      0      0      0  14001   1095      0      0   9280   9281      0      0      0 
    0     27     50      -      0      0      0      0      0      0  14001   1590      0      0   9280   9281      0      0      0 
    0     27     50      -      0      0      0      0      0      0  14001   1590      0      0   9280   9281      0     13      6 
    0     26     50      -      0      0      0      0      0      0  14001   1597      0      0   9280   9281      0      0      0 
    0     26     50      -      0      0      0      0      0      0  14001   1590      0      0   9280   9281      0      0      2 
    0     26     50      -      0      0      0      0      0      0  14001   1590      0      0  23520  23521      0  10173    776 
    0     96     57      -     61      5      0      0      0      0  14001   2587      0      0  23520  23521      0   5887    687 
    0    105     58      -     64      5      0      0      0      0  14001   2535      0      0  23520  23521      0   6709    822 
    0     85     57      -     55      3      0      0      0      0  14001   2565      0      0  23520  23521      0   7238    697 
    0     83     56      -     43      3      0      0      0      0  14001   2370      0      0  23520  23521      0   5776    613 
    0     73     55      -     34      2      0      0      0      0  14001   2302      0      0  23520  23521      0   9485    683 
    0     73     57      -     44      3      0      0      0      0  14001   2460      0      0  23520  23521      0   8226    735 
    0     72     55      -     45      3      0      0      0      0  14001   2407      0      0  23520  23521      0   7216    420 
    0     64     55      -     40      2      0      0      0      0  14001   2422      0      0  23520  23521      0  10070    841 
    0     66     55      -     35      2      0      0      0      0  14001   2347      0      0  23520  23521      0   8827    839 
    0     63     55      -     28      1      0      0      0      0  14001   2145      0      0  23520  23521      0   9408    459 
    0     57     55      -     32      2      0      0      0      0  14001   2325      0      0  23520  23521      0  10371    827 
    0     57     55      -     27      1      0      0      0      0  14001   2175      0      0  23520  23521      0  11509    710 
    0     59     55      -      7      4      0      0      0      0  14001   1950      0      0  23520  23521      0     34     19 
    0     58     56      -     19      4      0      0      0      0  14001   1950      0      0  23520  23521      0     33     17 
    0     62     57      -     19      5      0      0      0      0  14001   2002      0      0  23520  23521      0     14     13 
    0     58     56      -     16      4      0      0      0      0  14001   1942      0      0  23520  23521      0     53     31 
    0     63     56      -     15      5      0      0      0      0  14001   1920      0      0  23520  23521      0     24     11 
    0     57     56      -     15      5      0      0      0      0  14001   1920      0      0  23520  23521      0     41     39 
    0     65     58      -     27      7      0      0      0      0  14001   2107      0      0  23520  23521      0     35     27 
    0     72     58      -     31      7      0      0      0      0  14001   2010      0      0  23520  23521      0     48     31 
    0     59     56      -      9      2      0      0      0      0  14001   1807      0      0  23520  23521      0     17     32 
    0     50     58      -     23      8      0      0      0      0  14001   2085      0      0  23520  23521      0     60     29 
    0     91     63      -     48     12      0      0      0      0  14001   2317      0      0  23520  23521      0     21     10 
    0     70     59      -     18      4      0      0      0      0  14001   2107      0      0  23520  23521      0     52     23 
    0     78     63      -     39     10      0      0      0      0  14001   2302      0      0  23520  23521      0     36     24 
    0     94     61      -     22      7      0      0      0      0  14001   2175      0      0  23520  23521      0    273     24 
    0     37     57      -      1      0      0      0      0      0  14001   1762      0      0  23520  23521      0    273    107 
    0     35     57      -      2      0      0      0      0      0  14001   1755      0      0  23520  23521      0    275     25 
    0     33     57      -      9      1      0      0      0      0  14001   1792      0      0  23520  23521      0    273     24 
    0     35     57      -      2      0      0      0      0      0  14001   1755      0      0  23520  23521      0    218     24 
    0     35     59      -     12      1      0      0      0      0  14001   1822      0      0  23520  23521      0    283     24 
    0     34     57      -      4      0      0      0      0      0  14001   1762      0      0  23520  23521      0    274     24 
    0     32     57      -      3      0      0      0      0      0  14001   1755      0      0  23520  23521      0    220     24 
    0     34     56      -      4      0      0      0      0      0  14001   1777      0      0  23520  23521      0    272     19 
    0     33     56      -      5      0      0      0      0      0  14001   1762      0      0  23520  23521      0    890     24 
    0     34     56      -      2      0      0      0      0      0  14001   1755      0      0  23520  23521      0    276     20 
    0     36     56      -      2      0      0      0      0      0  14001   1740      0      0  23520  23521      0   1593     61 
    0     37     56      -      2      0      0      0      0      0  14001   1785      0      0  23520  23521      0    274     25 
# gpu    pwr  gtemp  mtemp     sm    mem    enc    dec    jpg    ofa   mclk   pclk  pviol  tviol     fb   bar1   ccpm  rxpci  txpci 
# Idx      W      C      C      %      %      %      %      %      %    MHz    MHz      %   bool     MB     MB     MB   MB/s   MB/s 
    0     37     56      -      2      0      0      0      0      0  14001   1800      0      0  23520  23521      0    272     36 
    0     33     56      -      7      0      0      0      0      0  14001   1777      0      0  23520  23521      0    221     25 
    0     33     56      -      3      0      0      0      0      0  14001   1747      0      0  23520  23521      0   1203    149 
    0     34     56      -     15      1      0      0      0      0  14001   1845      0      0  23520  23521      0    599     21 
    0     34     56      -      6      0      0      0      0      0  14001   1770      0      0  23520  23521      0    933     20 
    0     33     56      -      2      0      0      0      0      0  14001   1747      0      0  23520  23521      0    282     24 
    0     33     57      -      5      0      0      0      0      0  14001   1762      0      0  23520  23521      0   1859     24 
    0     33     56      -      2      0      0      0      0      0  14001   1732      0      0  23520  23521      0    273    134 
    0     32     56      -      4      0      0      0      0      0  14001   1762      0      0  23520  23521      0    599     48 
    0     33     56      -      1      0      0      0      0      0  14001   1792      0      0  23520  23521      0    282     53 
    0     32     56      -      3      0      0      0      0      0  14001   1747      0      0  23520  23521      0    273     19 
    0     34     56      -      2      0      0      0      0      0  14001   1740      0      0  23520  23521      0    599     78 
    0     32     56      -      2      0      0      0      0      0  14001   1747      0      0  23520  23521      0    546     54 
    0     34     56      -      2      0      0      0      0      0  14001   1755      0      0  23520  23521      0    274    134 
    0     34     56      -      7      0      0      0      0      0  14001   1800      0      0  23520  23521      0    274     24 
    0     33     56      -      4      0      0      0      0      0  14001   1755      0      0  23520  23521      0    580     25 
    0     33     56      -      2      0      0      0      0      0  14001   1725      0      0  23520  23521      0    229     22 
    0     33     56      -      2      0      0      0      0      0  14001   1762      0      0  23520  23521      0    252     46 
    0     33     56      -      3      0      0      0      0      0  14001   1755      0      0  23520  23521      0    281     53 
    0     33     56      -      2      0      0      0      0      0  14001   1755      0      0  23520  23521      0    218     24 
    0     35     56      -      6      0      0      0      0      0  14001   1762      0      0  23520  23521      0    555     22 
    0     34     56      -      3      0      0      0      0      0  14001   1755      0      0  23520  23521      0    276     19 
    0     33     56      -      3      0      0      0      0      0  14001   1777      0      0  23520  23521      0    219     36 
    0     36     56      -      4      0      0      0      0      0  14001   1755      0      0  23520  23521      0    607     27 
    0     37     56      -      9      4      0      0      0      0  14001   1792      0      0  23520  23521      0    230     32 
    0     35     56      -      6      2      0      0      0      0  14001   1770      0      0  23520  23521      0    254    112 
    0     36     56      -      2      0      0      0      0      0  14001   1747      0      0  23520  23521      0    604     24 
    0     34     56      -      2      0      0      0      0      0  14001   1770      0      0  23520  23521      0    273     26 
    0     34     56      -      1      0      0      0      0      0  14001   1740      0      0  23520  23521      0    218     24 
    0     34     56      -      6      0      0      0      0      0  14001   1770      0      0  23520  23521      0    297     20 
    0     34     56      -      3      0      0      0      0      0  14001   1747      0      0  23520  23521      0    763     22 
    0     34     56      -      2      0      0      0      0      0  14001   1747      0      0  23520  23521      0    280     25 
    0     34     56      -      4      0      0      0      0      0  14001   1755      0      0  23520  23521      0    275     53 
    0     35     56      -      2      0      0      0      0      0  14001   1755      0      0  23520  23521      0    273     30 
    0     35     56      -      2      0      0      0      0      0  14001   1762      0      0  23520  23521      0    340    188 
    0     36     56      -      3      0      0      0      0      0  14001   1755      0      0  23520  23521      0    252     34 
    0     34     56      -      9      1      0      0      0      0  14001   1762      0      0  23520  23521      0    306    111 
    0     33     56      -      6      0      0      0      0      0  14001   1770      0      0  23520  23521      0    218    147 
    0     36     56      -      2      0      0      0      0      0  14001   1762      0      0  23520  23521      0    549     27 
    0     36     56      -      3      0      0      0      0      0  14001   1755      0      0  23520  23521      0    432     22 
    0     36     56      -      2      0      0      0      0      0  14001   1725      0      0  23520  23521      0   1320     26 
    0     34     56      -      2      0      0      0      0      0  14001   1740      0      0  23520  23521      0    254     23 
    0     33     56      -      4      0      0      0      0      0  14001   1740      0      0  23520  23521      0    273     25 
    0     34     56      -      6      2      0      0      0      0  14001   1732      0      0  23520  23521      0    252     23 
# gpu    pwr  gtemp  mtemp     sm    mem    enc    dec    jpg    ofa   mclk   pclk  pviol  tviol     fb   bar1   ccpm  rxpci  txpci 
# Idx      W      C      C      %      %      %      %      %      %    MHz    MHz      %   bool     MB     MB     MB   MB/s   MB/s 
    0     36     57      -      7      3      0      0      0      0  14001   1755      0      0  23520  23521      0   2369     25 
    0     34     56      -      4      0      0      0      0      0  14001   1725      0      0  23520  23521      0    287     25 
    0     36     56      -      3      0      0      0      0      0  14001   1725      0      0  23520  23521      0   1144     26 
    0     38     56      -      2      0      0      0      0      0  14001   1755      0      0  23520  23521      0    252     20 
    0     34     57      -      6      0      0      0      0      0  14001   1732      0      0  23520  23521      0    266    123 
    0     35     56      -      2      0      0      0      0      0  14001   1740      0      0  23520  23521      0    286     95 
    0     34     56      -      4      0      0      0      0      0  14001   1725      0      0  23520  23521      0    717    221 
    0     34     56      -      2      0      0      0      0      0  14001   1717      0      0  23520  23521      0    290     22 
    0     34     56      -      1      0      0      0      0      0  14001   1762      0      0  23520  23521      0    198     67 
    0     32     56      -      3      0      0      0      0      0  14001   1717      0      0  23520  23521      0    232     49 
    0     34     56      -      2      0      0      0      0      0  14001   1702      0      0  23520  23521      0    430     25 
    0     34     56      -      4      0      0      0      0      0  14001   1740      0      0  23520  23521      0    294     22 
    0     32     56      -      4      0      0      0      0      0  14001   1702      0      0  23520  23521      0    773     25 
    0     32     56      -      5      0      0      0      0      0  14001   1725      0      0  23520  23521      0   1132     45 
    0     32     56      -      2      0      0      0      0      0  14001   1717      0      0  23520  23521      0    242    183 
    0     34     56      -      6      0      0      0      0      0  14001   1740      0      0  23520  23521      0    262     68 
    0     33     55      -      3      0      0      0      0      0  14001   1702      0      0  23520  23521      0    252     25 
    0     33     56      -      3      0      0      0      0      0  14001   1732      0      0  23520  23521      0    272    144 
    0     34     56      -      2      0      0      0      0      0  14001   1710      0      0  23520  23521      0   1366     23 
    0     32     56      -      2      0      0      0      0      0  14001   1717      0      0  23520  23521      0    773     36 
    0     33     56      -      2      0      0      0      0      0  14001   1710      0      0  23520  23521      0   2059     23 
    0     33     56      -      7      0      0      0      0      0  14001   1755      0      0  23520  23521      0    305     54 
    0     35     56      -      5      0      0      0      0      0  14001   1747      0      0  23520  23521      0    307    159 
    0     34     56      -      6      0      0      0      0      0  14001   1725      0      0  23520  23521      0    834     24 
    0     33     56      -      3      0      0      0      0      0  14001   1710      0      0  23520  23521      0    287     25 
    0     32     56      -      2      0      0      0      0      0  14001   1710      0      0  23520  23521      0   1034     27 
    0     33     56      -      1      0      0      0      0      0  14001   1702      0      0  23520  23521      0    286     20 
    0     31     56      -      4      0      0      0      0      0  14001   1717      0      0  23520  23521      0    232    265 
    0     33     56      -      3      0      0      0      0      0  14001   1755      0      0  23520  23521      0    287     61 
    0     32     55      -      3      0      0      0      0      0  14001   1710      0      0  23520  23521      0    252    106 
    0     34     56      -      7      1      0      0      0      0  14001   1770      0      0  23552  23553      0    264     25 
    0     31     56      -      3      0      0      0      0      0  14001   1725      0      0  23552  23553      0    297     19 
    0     32     55      -      3      0      0      0      0      0  14001   1725      0      0  23552  23553      0    242     22 
    0     31     55      -      1      0      0      0      0      0  14001   1695      0      0  23552  23553      0   1221     24 
    0     32     56      -      8      0      0      0      0      0  14001   1740      0      0  23552  23553      0    297     19 
    0     31     55      -      1      0      0      0      0      0  14001   1702      0      0  23552  23553      0    253    105 
    0     31     55      -      1      0      0      0      0      0  14001   1702      0      0  23552  23553      0    242     23 
    0     32     56      -     10      1      0      0      0      0  14001   1740      0      0  23552  23553      0    274    179 
    0     32     55      -      1      0      0      0      0      0  14001   1687      0      0  23552  23553      0    264     27 
    0     31     55      -      1      0      0      0      0      0  14001   1710      0      0  23552  23553      0    770     23 
    0     33     55      -      1      0      0      0      0      0  14001   1687      0      0  23552  23553      0    222     21 
    0     30     55      -      2      0      0      0      0      0  14001   1702      0      0  23552  23553      0    232     62 
    0     31     55      -      2      0      0      0      0      0  14001   1710      0      0  23552  23553      0    252    168 
    0     33     55      -      1      0      0      0      0      0  14001   1755      0      0  23552  23553      0    252     25 
# gpu    pwr  gtemp  mtemp     sm    mem    enc    dec    jpg    ofa   mclk   pclk  pviol  tviol     fb   bar1   ccpm  rxpci  txpci 
# Idx      W      C      C      %      %      %      %      %      %    MHz    MHz      %   bool     MB     MB     MB   MB/s   MB/s 
    0     31     55      -      6      0      0      0      0      0  14001   1710      0      0  23552  23553      0    264     49 
    0     31     56      -      4      0      0      0      0      0  14001   1717      0      0  23552  23553      0    242     20 
    0     31     55      -      2      0      0      0      0      0  14001   1672      0      0  23552  23553      0    782     21 
    0     31     55      -      2      0      0      0      0      0  14001   1702      0      0  23552  23553      0    287     19 
    0     33     56      -     10      3      0      0      0      0  14001   1725      0      0  23552  23553      0    697     27 
    0     32     55      -      3      0      0      0      0      0  14001   1710      0      0  23552  23553      0    232    131 
    0     32     55      -      2      0      0      0      0      0  14001   1717      0      0  23552  23553      0    298     21 
    0     32     55      -      1      0      0      0      0      0  14001   1710      0      0  23552  23553      0    252     26 
    0     30     55      -      1      0      0      0      0      0  14001   1710      0      0  23552  23553      0    242     69 
    0     31     55      -      1      0      0      0      0      0  14001   1710      0      0  23552  23553      0    287     23 
    0     33     55      -     11      1      0      0      0      0  14001   1725      0      0  23552  23553      0    263     22 
    0     31     55      -      1      0      0      0      0      0  14001   1710      0      0  23552  23553      0    285     27 
    0     31     55      -      2      0      0      0      0      0  14001   1702      0      0  23552  23553      0    198     63 
    0     32     55      -      2      0      0      0      0      0  14001   1695      0      0  23552  23553      0    276     28 
    0     30     55      -      3      0      0      0      0      0  14001   1710      0      0  23552  23553      0    703     20 
    0     31     55      -      3      0      0      0      0      0  14001   1702      0      0  23552  23553      0    264    201 
    0     33     55      -      3      0      0      0      0      0  14001   1770      0      0  23552  23553      0    253     27 
    0     30     55      -      2      0      0      0      0      0  14001   1702      0      0  23552  23553      0    760     25 
    0     31     55      -      2      0      0      0      0      0  14001   1717      0      0  23552  23553      0    321    114 
    0     31     55      -      6      0      0      0      0      0  14001   1702      0      0  23552  23553      0   8253     32 
    0     33     55      -      1      0      0      0      0      0  14001   1702      0      0  23552  23553      0    285     22 
    0     31     55      -      2      0      0      0      0      0  14001   1725      0      0  23552  23553      0    265     20 
    0     31     55      -      6      0      0      0      0      0  14001   1702      0      0  23552  23553      0    287     23 
    0     32     55      -      2      0      0      0      0      0  14001   1687      0      0  23552  23553      0    659     26 
    0     30     55      -      5      0      0      0      0      0  14001   1695      0      0  23552  23553      0    198     64 
    0     30     55      -      3      0      0      0      0      0  14001   1717      0      0  23552  23553      0    287     25 
    0     32     55      -      3      0      0      0      0      0  14001   1732      0      0  23552  23553      0    264     21 
    0     31     55      -      2      0      0      0      0      0  14001   1702      0      0  23552  23553      0    232     25 
    0     31     55      -      2      0      0      0      0      0  14001   1732      0      0  23552  23553      0   1352     20 
    0     31     55      -      3      0      0      0      0      0  14001   1740      0      0  23552  23553      0    243     25 
    0     32     55      -      1      0      0      0      0      0  14001   1770      0      0  23552  23553      0    232     25 
    0     30     55      -      1      0      0      0      0      0  14001   1687      0      0  23552  23553      0    287    108 
    0     30     55      -      1      0      0      0      0      0  14001   1687      0      0  23552  23553      0    253     68 
    0     33     55      -      9      1      0      0      0      0  14001   1777      0      0  23552  23553      0    242    366 
    0     30     55      -      2      0      0      0      0      0  14001   1695      0      0  23552  23553      0    243     25 
    0     30     55      -      3      0      0      0      0      0  14001   1687      0      0  23552  23553      0    264     70 
    0     30     55      -      1      0      0      0      0      0  14001   1695      0      0  23552  23553      0    253     44 
    0     32     55      -      4      0      0      0      0      0  14001   1740      0      0  23552  23553      0    274    289 
    0     31     55      -      1      0      0      0      0      0  14001   1687      0      0  23552  23553      0    232     37 
    0     30     55      -      3      0      0      0      0      0  14001   1695      0      0  23552  23553      0    274     21 
    0     31     55      -      5      0      0      0      0      0  14001   1695      0      0  23552  23553      0    771     25 
    0     33     55      -      3      0      0      0      0      0  14001   1755      0      0  23552  23553      0    451     21 
    0     30     55      -      2      0      0      0      0      0  14001   1687      0      0  23552  23553      0    556    106 
    0     31     55      -      1      0      0      0      0      0  14001   1717      0      0  23552  23553      0    804     26 
# gpu    pwr  gtemp  mtemp     sm    mem    enc    dec    jpg    ofa   mclk   pclk  pviol  tviol     fb   bar1   ccpm  rxpci  txpci 
# Idx      W      C      C      %      %      %      %      %      %    MHz    MHz      %   bool     MB     MB     MB   MB/s   MB/s 
    0     31     55      -      5      0      0      0      0      0  14001   1687      0      0  23552  23553      0   1910     26 
    0     31     55      -      1      0      0      0      0      0  14001   1680      0      0  23552  23553      0    297     22 
    0     30     55      -      3      0      0      0      0      0  14001   1710      0      0  23552  23553      0    275     28 
    0     30     55      -      4      0      0      0      0      0  14001   1702      0      0  23552  23553      0    254     20 
    0     32     55      -      2      0      0      0      0      0  14001   1762      0      0  23552  23553      0     18     19 
    0    126     64      -     72     63      0      0      0      0  14001   2595      0      0  23552  23553      0     42     20 
    0    151     64      -     66     58      0      0      0      0  14001   2475      0      0  23552  23553      0     39     29 
    0    145     66      -     69     60      0      0      0      0  14001   2505      0      0  23552  23553      0     38     19 
    0    148     66      -     69     60      0      0      0      0  14001   2542      0      0  23552  23553      0     36     28 
    0     33     59      -      3      0      0      0      0      0  14001   1755      0      0  23552  23553      0    274     29 
    0     34     59      -      2      0      0      0      0      0  14001   1770      0      0  23552  23553      0   1258     19 
    0     33     58      -      2      0      0      0      0      0  14001   1747      0      0  23552  23553      0    277     24 
    0     35     58      -      2      0      0      0      0      0  14001   1800      0      0  23552  23553      0    272     19 
    0     33     58      -      2      0      0      0      0      0  14001   1755      0      0  23552  23553      0   1543     16 
    0     34     58      -      2      0      0      0      0      0  14001   1747      0      0  23552  23553      0    274     15 
    0     33     58      -      4      0      0      0      0      0  14001   1762      0      0  23552  23553      0    231     21 
    0     34     58      -      2      0      0      0      0      0  14001   1732      0      0  23552  23553      0    218     43 
    0     33     58      -      4      0      0      0      0      0  14001   1755      0      0  23552  23553      0   1802     25 
    0     33     58      -      1      0      0      0      0      0  14001   1702      0      0  23552  23553      0    109     14 
    0     32     58      -      2      0      0      0      0      0  14001   1747      0      0  23552  23553      0    494     21 
    0     33     59      -      3      0      0      0      0      0  14001   1687      0      0  23552  23553      0    218     19 
    0     38     59      -      6      2      0      0      0      0  14001   1762      0      0  23552  23553      0    109     11 
    0     33     59      -      2      0      0      0      0      0  14001   1740      0      0  23552  23553      0    218     73 
    0     34     59      -      2      0      0      0      0      0  14001   1702      0      0  23552  23553      0    277    103 
    0     35     59      -      4      0      0      0      0      0  14001   1747      0      0  23552  23553      0    218     19 
    0     33     60      -      5      2      0      0      0      0  14001   1695      0      0  23552  23553      0    174     21 
    0     34     60      -      4      0      0      0      0      0  14001   1717      0      0  23552  23553      0    218     24 
    0     32     59      -      2      0      0      0      0      0  14001   1747      0      0  23552  23553      0    556    111 
    0     35     59      -      3      0      0      0      0      0  14001   1845      0      0  23552  23553      0   1257     19 
    0     33     59      -      4      0      0      0      0      0  14001   1777      0      0  23552  23553      0   1266     26 
    0     34     59      -      3      0      0      0      0      0  14001   1755      0      0  23552  23553      0    218    219 
    0     33     58      -      2      0      0      0      0      0  14001   1762      0      0  23552  23553      0    281     54 
    0     33     58      -      2      0      0      0      0      0  14001   1740      0      0  23552  23553      0    599     24 
    0     33     58      -      3      0      0      0      0      0  14001   1762      0      0  23552  23553      0    273     88 
    0     34     58      -      3      0      0      0      0      0  14001   1747      0      0  23552  23553      0    219     48 
    0     33     58      -      3      0      0      0      0      0  14001   1755      0      0  23552  23553      0   1148     31 
    0     34     57      -      2      0      0      0      0      0  14001   1740      0      0  23552  23553      0   1456     34 
    0     33     57      -      3      0      0      0      0      0  14001   1740      0      0  23552  23553      0    219    203 
    0     34     57      -      3      0      0      0      0      0  14001   1740      0      0  23552  23553      0    599     53 
    0     34     57      -      7      0      0      0      0      0  14001   1777      0      0  23552  23553      0    273     32 
    0     33     57      -      5      0      0      0      0      0  14001   1777      0      0  23552  23553      0    962     22 
    0     33     57      -      3      0      0      0      0      0  14001   1725      0      0  23552  23553      0   1055     54 
    0     33     57      -      2      0      0      0      0      0  14001   1755      0      0  23552  23553      0    558     22 
    0     34     57      -      2      0      0      0      0      0  14001   1755      0      0  23552  23553      0    547     24 
# gpu    pwr  gtemp  mtemp     sm    mem    enc    dec    jpg    ofa   mclk   pclk  pviol  tviol     fb   bar1   ccpm  rxpci  txpci 
# Idx      W      C      C      %      %      %      %      %      %    MHz    MHz      %   bool     MB     MB     MB   MB/s   MB/s 
    0     33     57      -      4      2      0      0      0      0  14001   1762      0      0  23552  23553      0    273     19 
    0     35     57      -      2      0      0      0      0      0  14001   1792      0      0  23552  23553      0    604    305 
    0     34     57      -      2      0      0      0      0      0  14001   1747      0      0  23552  23553      0    273     19 
    0     34     57      -      8      3      0      0      0      0  14001   1777      0      0  23552  23553      0    218     24 
    0     36     57      -      5      0      0      0      0      0  14001   1755      0      0  23552  23553      0    273     19 
    0     37     57      -      6      2      0      0      0      0  14001   1792      0      0  23552  23553      0    277     24 
    0     35     57      -      3      0      0      0      0      0  14001   1762      0      0  23552  23553      0    831     81 
    0     36     56      -      2      0      0      0      0      0  14001   1762      0      0  23552  23553      0    548     24 
    0     34     56      -      3      0      0      0      0      0  14001   1755      0      0  23552  23553      0    272     34 
    0     34     56      -      4      0      0      0      0      0  14001   1777      0      0  23552  23553      0    273     24 
    0     33     56      -      7      1      0      0      0      0  14001   1747      0      0  23552  23553      0    273     37 
    0     34     56      -      5      0      0      0      0      0  14001   1747      0      0  23552  23553      0    274     24 
    0     34     56      -      3      0      0      0      0      0  14001   1755      0      0  23552  23553      0    252     35 
    0     34     56      -      4      0      0      0      0      0  14001   1762      0      0  23552  23553      0    219     24 
    0     35     56      -      2      0      0      0      0      0  14001   1762      0      0  23552  23553      0   1210     22 
    0     34     56      -      3      0      0      0      0      0  14001   1747      0      0  23552  23553      0    273     24 
    0     36     56      -      2      0      0      0      0      0  14001   1785      0      0  23552  23553      0    273     24 
    0     34     56      -      3      0      0      0      0      0  14001   1762      0      0  23552  23553      0   1216     54 
    0     33     57      -      5      0      0      0      0      0  14001   1732      0      0  23552  23553      0    218     49 
    0     36     57      -      5      0      0      0      0      0  14001   1770      0      0  23552  23553      0    282     94 
    0     36     56      -      5      2      0      0      0      0  14001   1762      0      0  23552  23553      0   1583     22 
    0     35     56      -      5      2      0      0      0      0  14001   1755      0      0  23552  23553      0    282     23 
    0     35     56      -      3      0      0      0      0      0  14001   1732      0      0  23552  23553      0    272    123 
    0     33     56      -      3      0      0      0      0      0  14001   1755      0      0  23552  23553      0    560     24 
    0     34     56      -      2      0      0      0      0      0  14001   1755      0      0  23552  23553      0    649     20 
    0     36     56      -      4      2      0      0      0      0  14001   1717      0      0  23552  23553      0   1094     18 
    0     35     56      -      2      0      0      0      0      0  14001   1740      0      0  23552  23553      0    273    128 
    0     36     56      -      2      0      0      0      0      0  14001   1792      0      0  23552  23553      0    615     51 
    0     39     57      -      7      0      0      0      0      0  14001   1755      0      0  23552  23553      0    230     24 
    0     33     56      -      2      0      0      0      0      0  14001   1725      0      0  23552  23553      0    254     37 
    0     35     58      -     12      3      0      0      0      0  14001   1755      0      0  23552  23553      0    285     27 
    0     35     56      -      2      0      0      0      0      0  14001   1777      0      0  23552  23553      0    274     59 
    0     34     56      -      2      0      0      0      0      0  14001   1740      0      0  23552  23553      0    696     86 
    0     34     56      -      2      0      0      0      0      0  14001   1725      0      0  23552  23553      0    230     28 
    0     33     56      -      3      0      0      0      0      0  14001   1725      0      0  23552  23553      0    252     21 
    0     34     57      -      6      0      0      0      0      0  14001   1770      0      0  23552  23553      0    304     20 
    0     34     56      -      4      0      0      0      0      0  14001   1725      0      0  23552  23553      0    218     22 
    0     33     56      -      5      0      0      0      0      0  14001   1695      0      0  23552  23553      0    242     40 
    0     32     56      -      7      0      0      0      0      0  14001   1725      0      0  23552  23553      0    260     20 
    0     32     56      -      2      0      0      0      0      0  14001   1717      0      0  23552  23553      0    285     24 
    0     34     56      -      2      0      0      0      0      0  14001   1710      0      0  23552  23553      0    382    267 
    0     33     56      -      2      0      0      0      0      0  14001   1747      0      0  23552  23553      0    299     68 
    0     33     57      -      5      0      0      0      0      0  14001   1717      0      0  23552  23553      0    272     17 
    0     34     56      -      2      0      0      0      0      0  14001   1785      0      0  23552  23553      0    635     26 
# gpu    pwr  gtemp  mtemp     sm    mem    enc    dec    jpg    ofa   mclk   pclk  pviol  tviol     fb   bar1   ccpm  rxpci  txpci 
# Idx      W      C      C      %      %      %      %      %      %    MHz    MHz      %   bool     MB     MB     MB   MB/s   MB/s 
    0     32     56      -      2      0      0      0      0      0  14001   1732      0      0  23552  23553      0   2115     22 
    0     33     56      -      2      0      0      0      0      0  14001   1732      0      0  23552  23553      0    264     21 
    0     34     56      -      7      0      0      0      0      0  14001   1740      0      0  23552  23553      0    262     53 
    0     35     56      -      4      0      0      0      0      0  14001   1740      0      0  23552  23553      0    693     22 
    0     34     57      -      6      0      0      0      0      0  14001   1695      0      0  23552  23553      0    231     33 
    0     33     56      -      2      0      0      0      0      0  14001   1815      0      0  23552  23553      0    285    102 
    0     32     56      -      5      2      0      0      0      0  14001   1710      0      0  23552  23553      0    661     31 
    0     33     56      -      2      0      0      0      0      0  14001   1732      0      0  23552  23553      0    287     22 
    0     31     56      -      3      0      0      0      0      0  14001   1740      0      0  23552  23553      0    276     16 
    0     33     57      -     11      1      0      0      0      0  14001   1762      0      0  23552  23553      0    295     22 
    0     33     56      -      2      0      0      0      0      0  14001   1717      0      0  23552  23553      0    242     23 
    0     33     56      -     11      3      0      0      0      0  14001   1732      0      0  23552  23553      0    287     20 
    0     32     56      -      2      0      0      0      0      0  14001   1695      0      0  23552  23553      0    730     21 
    0     32     57      -      7      0      0      0      0      0  14001   1725      0      0  23552  23553      0    307     22 
    0     32     56      -      2      0      0      0      0      0  14001   1687      0      0  23552  23553      0    175     55 
    0     32     56      -      4      0      0      0      0      0  14001   1717      0      0  23552  23553      0    308     34 
    0     32     56      -      1      0      0      0      0      0  14001   1687      0      0  23552  23553      0    285     24 
    0     31     56      -      2      0      0      0      0      0  14001   1710      0      0  23552  23553      0    285     32 
    0     32     56      -     10      1      0      0      0      0  14001   1717      0      0  23552  23553      0    979     64 
    0     33     56      -      1      0      0      0      0      0  14001   1687      0      0  23552  23553      0    728     36 
    0     31     56      -      1      0      0      0      0      0  14001   1710      0      0  23552  23553      0   1555     18 
    0     34     56      -      1      0      0      0      0      0  14001   1777      0      0  23552  23553      0    924     23 
    0     30     56      -      1      0      0      0      0      0  14001   1717      0      0  23552  23553      0    298     69 
    0     31     56      -      5      0      0      0      0      0  14001   1695      0      0  23552  23553      0    264     20 
    0     34     56      -      1      0      0      0      0      0  14001   1740      0      0  23552  23553      0    232    106 
    0     30     56      -      3      0      0      0      0      0  14001   1702      0      0  23552  23553      0    176    109 
    0     32     56      -      4      0      0      0      0      0  14001   1702      0      0  23552  23553      0   1112     21 
    0     32     56      -      1      0      0      0      0      0  14001   1687      0      0  23552  23553      0    242     23 
    0     31     56      -      3      0      0      0      0      0  14001   1710      0      0  23552  23553      0    300     25 
    0     32     56      -      5      0      0      0      0      0  14001   1717      0      0  23552  23553      0    287    609 
    0     33     56      -      3      0      0      0      0      0  14001   1702      0      0  23552  23553      0   1258     24 
    0     32     56      -      5      0      0      0      0      0  14001   1680      0      0  23552  23553      0    253     22 
    0     32     56      -      4      1      0      0      0      0  14001   1717      0      0  23552  23553      0    252     22 
    0     30     56      -      3      0      0      0      0      0  14001   1702      0      0  23552  23553      0    253     23 
    0     31     56      -      1      0      0      0      0      0  14001   1702      0      0  23552  23553      0    242     23 
    0     32     56      -      1      0      0      0      0      0  14001   1740      0      0  23552  23553      0    230     22 
    0     31     56      -      2      0      0      0      0      0  14001   1695      0      0  23552  23553      0    835     77 
    0     31     56      -      2      0      0      0      0      0  14001   1710      0      0  23552  23553      0    254     25 
    0     33     56      -      2      0      0      0      0      0  14001   1710      0      0  23552  23553      0    297     26 
    0     31     56      -      3      0      0      0      0      0  14001   1725      0      0  23552  23553      0    791     21 
    0     31     56      -      2      0      0      0      0      0  14001   1710      0      0  23552  23553      0    232     21 
    0     33     56      -      1      0      0      0      0      0  14001   1785      0      0  23552  23553      0    253     23 
    0     30     56      -      2      0      0      0      0      0  14001   1695      0      0  23552  23553      0    285     27 
    0     31     56      -      1      0      0      0      0      0  14001   1717      0      0  23552  23553      0    242     26 
# gpu    pwr  gtemp  mtemp     sm    mem    enc    dec    jpg    ofa   mclk   pclk  pviol  tviol     fb   bar1   ccpm  rxpci  txpci 
# Idx      W      C      C      %      %      %      %      %      %    MHz    MHz      %   bool     MB     MB     MB   MB/s   MB/s 
    0     31     56      -      3      0      0      0      0      0  14001   1717      0      0  23552  23553      0   6543     23 
    0     33     56      -      1      0      0      0      0      0  14001   1702      0      0  23552  23553      0    817     24 
    0     31     56      -      1      0      0      0      0      0  14001   1695      0      0  23552  23553      0    287     70 
    0     31     56      -      1      0      0      0      0      0  14001   1732      0      0  23552  23553      0    264     27 
    0     32     56      -      2      0      0      0      0      0  14001   1702      0      0  23552  23553      0    297     23 
    0     31     56      -      2      0      0      0      0      0  14001   1725      0      0  23552  23553      0    773     24 
    0     31     56      -      3      0      0      0      0      0  14001   1717      0      0  23552  23553      0    287    152 
    0     33     56      -      1      0      0      0      0      0  14001   1732      0      0  23552  23553      0    297     21 
    0     30     56      -      2      0      0      0      0      0  14001   1702      0      0  23552  23553      0    297     21 
    0     31     56      -      2      0      0      0      0      0  14001   1702      0      0  23552  23553      0    670     27 
    0     31     56      -      3      0      0      0      0      0  14001   1710      0      0  23552  23553      0   1953     22 
    0     32     56      -      1      0      0      0      0      0  14001   1755      0      0  23552  23553      0    276     24 
    0     30     56      -      4      0      0      0      0      0  14001   1695      0      0  23552  23553      0    783     21 
    0     30     56      -      1      0      0      0      0      0  14001   1710      0      0  23552  23553      0    287    106 
    0     32     56      -      7      0      0      0      0      0  14001   1740      0      0  23552  23553      0    242     22 
    0     30     56      -      3      0      0      0      0      0  14001   1702      0      0  23552  23553      0    264     25 
    0     30     56      -      2      0      0      0      0      0  14001   1710      0      0  23552  23553      0    762     23 
    0     31     56      -      1      0      0      0      0      0  14001   1680      0      0  23552  23553      0    825     20 
    0     33     56      -     10      1      0      0      0      0  14001   1755      0      0  23552  23553      0    243     34 
    0     31     56      -      1      0      0      0      0      0  14001   1695      0      0  23552  23553      0    308     18 
    0     31     56      -      3      0      0      0      0      0  14001   1695      0      0  23552  23553      0    253     19 
    0     31     56      -      4      0      0      0      0      0  14001   1710      0      0  23552  23553      0    253     20 
    0     32     56      -      1      0      0      0      0      0  14001   1732      0      0  23552  23553      0    232     25 
    0     30     56      -      2      0      0      0      0      0  14001   1680      0      0  23552  23553      0    264    104 
    0     31     56      -      2      0      0      0      0      0  14001   1695      0      0  23552  23553      0    242     22 
    0     30     56      -      1      0      0      0      0      0  14001   1702      0      0  23552  23553      0    606     22 
    0     31     56      -      1      0      0      0      0      0  14001   1680      0      0  23552  23553      0    263     21 
    0     30     56      -      4      0      0      0      0      0  14001   1702      0      0  23552  23553      0    254     28 
    0     30     56      -      3      0      0      0      0      0  14001   1665      0      0  23552  23553      0    849     23 
    0     32     56      -      6      1      0      0      0      0  14001   1740      0      0  23552  23553      0    288     21 
    0    114     63      -     73     65      0      0      0      0  14001   2587      0      0  23552  23553      0     36     23 
    0    158     64      -     59     51      0      0      0      0  14001   2535      0      0  23552  23553      0     48     19 
    0    154     65      -     58     50      0      0      0      0  14001   2565      0      0  23552  23553      0     31     20 
    0    147     67      -     70     61      0      0      0      0  14001   2400      0      0  23552  23553      0     45     16 
    0    128     60      -      0      0      0      0      0      0  14001   2362      0      0  23552  23553      0      0      0 
    0     28     59      -      0      0      0      0      0      0  14001   1590      0      0    312    313      0      9      2 
    0     28     58      -      0      0      0      0      0      0   9001   1590      0      0    312    313      0      0      1 
    0     18     58      -      0      0      0      0      0      0   9001    180      0      0    312    313      0     16      3 
    0     18     57      -      0      0      0      0      0      0   9001    180      0      0    312    313      0      0      0 
    0     17     57      -      0      0      0      0      0      0   9001    180      0      0    312    313      0      0      2 
    0     17     57      -      0      0      0      0      0      0   9001    180      0      0    312    313      0      0      0 
    0     17     57      -      0      0      0      0      0      0   9001    180      0      0    312    313      0      0      2 
    0     14     56      -      0      0      0      0      0      0    810    180      0      0    312    313      0      0      0 
    0      9     56      -      0      0      0      0      0      0    405    180      0      0    312    313      0      0      2 
# gpu    pwr  gtemp  mtemp     sm    mem    enc    dec    jpg    ofa   mclk   pclk  pviol  tviol     fb   bar1   ccpm  rxpci  txpci 
# Idx      W      C      C      %      %      %      %      %      %    MHz    MHz      %   bool     MB     MB     MB   MB/s   MB/s 
    0      9     56      -      0      0      0      0      0      0    405    180      0      0    312    313      0      0      0 
