loaded bw24-repack (81 layers, nextn=1)
text prompt (145 chars, chat-templated) -> 42 tokens
prompt tokens: [120000, 120044, 70830, 277, 9002, 647, 497, 25, 5130, 25152, 1326, 120006, 6331, 244, 7164, 958, 369, 12331, 244, 78357, 46997, 1703, 413, 8528, 11, 10243, 11, 289, 13561, 6590, 13, 44626, 4055, 1932, 42970, 289, 8913, 35510, 13, 120007, 120029, 120030]
[moe-cache] warming 16 discarded speculative tokens at K=3 before fixed residency
[moe-cache] size-aware fixed slots: 5482 slots in 5 classes, 14.91 GB / 14.91 GB budget
[spill-pread] enabled: depth=16 buffer_bytes=6684672 total_pinned_bytes=106954752 (bounded O_DIRECT worker prefetch, caller-thread compute-stream H2D, mmap error fallback)
[spec] host-row embedding: 525860864 bytes kept off HBM
[bw24] experimental CPU expert backend: /tmp/libbw24-cpu-experts-headroom-final.so (threads=4)
[bw24-cpu] RAM headroom cap: requested=8.00 GiB available=27.53 GiB reserve=16.00 GiB effective=8.00 GiB
[bw24-cpu] normal-RAM expert cache: 8.00 GiB policy=lru io=direct
[bw24-cpu] mirrored direct I/O: 237 inode mappings
[spec-stats] rounds=5 full_accept=2 len_hist=[0, 0, 1, 4] per_slot=[5/5=1.000 5/5=1.000 1/4=0.250] total=11/14=0.786 tok_per_round=3.200
[spec-phase] draft=534.2ms (1.8%) verify-issue=29469.0ms (98.2%) verify-wait=3.6ms (0.0%) commit-host=1.0ms (0.0%) rounds=5
[moe-cache] residency frozen: 5482 slots, 5482 resident blocks; 1741 complete experts, 69 one-projection fragments, 95 two-projection fragments (259 stranded blocks)
[moe-cache] frozen MTP residency: 81 blocks, 27 complete experts

[generate]   7 tok in 4.485s = 1.56 tok/s (gen-only; this run's prime 47.580s)
  tokens: [40129, 316, 244, 4871, 11, 1622, 81425, 5278]
[spec] host-row embedding: 525860864 bytes kept off HBM
[spec-stats] rounds=4 full_accept=4 len_hist=[0, 4] per_slot=[4/4=1.000] total=4/4=1.000 tok_per_round=2.000
[spec-phase] draft=76.6ms (2.1%) verify-issue=3523.1ms (97.8%) verify-wait=2.5ms (0.1%) commit-host=0.3ms (0.0%) rounds=4

[generate_spec K=1] 8 tok in 4.418s = 1.58 tok/s (1.02x vs generate; this run's prime 47.012s)
  acceptance: 4/4 = 100.0%   self-consistency: PASS (identical to generate)
[spec] host-row embedding: 525860864 bytes kept off HBM
[spec-stats] rounds=3 full_accept=3 len_hist=[0, 0, 3] per_slot=[3/3=1.000 3/3=1.000] total=6/6=1.000 tok_per_round=3.000
[spec-phase] draft=18.2ms (0.4%) verify-issue=4098.9ms (99.5%) verify-wait=2.1ms (0.1%) commit-host=0.3ms (0.0%) rounds=3

[generate_spec K=2] 8 tok in 4.922s = 1.42 tok/s (0.91x vs generate; this run's prime 46.466s)
  acceptance: 6/6 = 100.0%   self-consistency: PASS (identical to generate)
[spec] host-row embedding: 525860864 bytes kept off HBM
[spec-stats] rounds=3 full_accept=2 len_hist=[0, 0, 1, 2] per_slot=[3/3=1.000 3/3=1.000 1/2=0.500] total=7/8=0.875 tok_per_round=3.333
[spec-phase] draft=89.2ms (1.7%) verify-issue=5206.2ms (98.3%) verify-wait=2.1ms (0.0%) commit-host=0.4ms (0.0%) rounds=3

[generate_spec K=3] 8 tok in 6.101s = 1.15 tok/s (0.74x vs generate; this run's prime 47.577s)
  acceptance: 7/8 = 87.5%   self-consistency: PASS (identical to generate)
[spec] host-row embedding: 525860864 bytes kept off HBM
[spec-stats] rounds=3 full_accept=1 len_hist=[0, 0, 1, 1, 1] per_slot=[3/3=1.000 3/3=1.000 1/2=0.500 0/1=0.000] total=7/9=0.778 tok_per_round=3.333
[spec-phase] draft=97.8ms (1.6%) verify-issue=5898.0ms (98.3%) verify-wait=2.1ms (0.0%) commit-host=0.6ms (0.0%) rounds=3

[generate_spec K=4] 8 tok in 6.875s = 1.02 tok/s (0.65x vs generate; this run's prime 46.324s)
  acceptance: 7/9 = 77.8%   self-consistency: PASS (identical to generate)
[spec] host-row embedding: 525860864 bytes kept off HBM
[spec-stats] rounds=3 full_accept=1 len_hist=[0, 0, 1, 1, 0, 1] per_slot=[3/3=1.000 3/3=1.000 1/2=0.500 0/1=0.000 0/1=0.000] total=7/10=0.700 tok_per_round=3.333
[spec-phase] draft=172.5ms (2.6%) verify-issue=6424.0ms (97.3%) verify-wait=2.2ms (0.0%) commit-host=0.6ms (0.0%) rounds=3

[generate_spec K=5] 8 tok in 7.400s = 0.95 tok/s (0.61x vs generate; this run's prime 46.400s)
  acceptance: 7/10 = 70.0%   self-consistency: PASS (identical to generate)
[spec] host-row embedding: 525860864 bytes kept off HBM
[spec-stats] rounds=3 full_accept=1 len_hist=[0, 0, 1, 1, 0, 0, 1] per_slot=[3/3=1.000 3/3=1.000 1/2=0.500 0/1=0.000 0/1=0.000 0/1=0.000] total=7/11=0.636 tok_per_round=3.333
[spec-phase] draft=120.7ms (1.7%) verify-issue=7187.4ms (98.3%) verify-wait=2.2ms (0.0%) commit-host=0.5ms (0.0%) rounds=3

[generate_spec K=6] 8 tok in 8.113s = 0.86 tok/s (0.55x vs generate; this run's prime 46.713s)
  acceptance: 7/11 = 63.6%   self-consistency: PASS (identical to generate)
[spec] host-row embedding: 525860864 bytes kept off HBM
[spec-stats] rounds=3 full_accept=1 len_hist=[0, 0, 1, 1, 0, 0, 0, 1] per_slot=[3/3=1.000 3/3=1.000 1/2=0.500 0/1=0.000 0/1=0.000 0/1=0.000 0/1=0.000] total=7/12=0.583 tok_per_round=3.333
[spec-phase] draft=192.8ms (2.3%) verify-issue=8038.9ms (97.6%) verify-wait=2.2ms (0.0%) commit-host=0.5ms (0.0%) rounds=3

[generate_spec K=7] 8 tok in 9.169s = 0.76 tok/s (0.49x vs generate; this run's prime 47.304s)
  acceptance: 7/12 = 58.3%   self-consistency: PASS (identical to generate)
[spec] host-row embedding: 525860864 bytes kept off HBM
[spec-stats] rounds=3 full_accept=1 len_hist=[0, 0, 1, 1, 0, 0, 0, 1, 0] per_slot=[3/3=1.000 3/3=1.000 1/2=0.500 0/1=0.000 0/1=0.000 0/1=0.000 0/1=0.000 0/0] total=7/12=0.583 tok_per_round=3.333
[spec-phase] draft=200.8ms (2.4%) verify-issue=8214.4ms (97.6%) verify-wait=2.2ms (0.0%) commit-host=0.5ms (0.0%) rounds=3

[generate_spec K=8] 8 tok in 9.230s = 0.76 tok/s (0.49x vs generate; this run's prime 47.308s)
  acceptance: 7/12 = 58.3%   self-consistency: PASS (identical to generate)

=== SELF-CONSISTENCY PASS ===
[spill-pread] reads=49714 bytes=134736986112 errors=0 short_reads=0 fallbacks=0 buffer_waits=28070 ring_full=2718
[bw24-cpu-profile] calls=38524 prepare=2.670022s io=176.180238s insert=0.531415s compute=307.029295s read_projections=276044 read_GB=723.502
	Command being timed: "timeout --signal=TERM --kill-after=15s 18m env BW24_MOE_MIXED_Q8=1 BW24_NGEN=8 BW24_SPEC_HOST_EMBD=1 BW24_SPEC_STATS=1 BW24_SPEC_PHASE=1 BW24_SPEC_PMIN=0.2 BW24_SPEC_PMIN0=1 BW24_CHAT=1 BW24_PROMPT=Write a Python function that implements a doubly-linked list with insert, delete, and reverse operations. Include full type hints and docstrings. BW24_MOE_CACHE=1 BW24_MOE_SIZE_AWARE=1 BW24_MOE_LFU=1 BW24_MOE_LFU_DECAY=1.0 BW24_MOE_VRAM_FRAC=0.97 BW24_MOE_HARD_VRAM_FRAC=0.97 BW24_SPILL_IO=direct BW24_SPILL_PREAD_DEPTH=16 BW24_SPILL_WORKER_EXPERT_WINDOW=5 BW24_CPU_EXPERT_LIB=/tmp/libbw24-cpu-experts-headroom-final.so BW24_CPU_EXPERT_THREADS=4 BW24_CPU_EXPERT_IO_THREADS=2 BW24_CPU_EXPERT_CACHE_GB=8 BW24_CPU_EXPERT_RESERVE_GB=16 BW24_CPU_EXPERT_CACHE_POLICY=lru BW24_CPU_EXPERT_IO=direct BW24_CPU_EXPERT_MIRROR_MAP=/home/avifenesh/.local/share/bw24-models/hy3-layer103p5-root-mirror/inode-alternates.tsv BW24_CPU_EXPERT_FREEZE_CACHE=1 BW24_CPU_EXPERT_FREEZE_WARMUP_TOKENS=16 BW24_CPU_EXPERT_FREEZE_WARMUP_SPEC_K=3 BW24_CPU_EXPERT_FREEZE_PROFILE_ADMIT=1 OMP_WAIT_POLICY=PASSIVE GOMP_SPINCOUNT=0 GOMP_CPU_AFFINITY=0-3 target/release/run-spec /home/avifenesh/.local/share/bw24-models/hy3-layer103p5-dual-nvme"
	User time (seconds): 348.73
	System time (seconds): 81.89
	Percent of CPU this job got: 49%
	Elapsed (wall clock) time (h:mm:ss or m:ss): 14:31.37
	Average shared text size (kbytes): 0
	Average unshared data size (kbytes): 0
	Average stack size (kbytes): 0
	Average total size (kbytes): 0
	Maximum resident set size (kbytes): 33502972
	Average resident set size (kbytes): 0
	Major (requiring I/O) page faults: 7002
	Minor (reclaiming a frame) page faults: 13030766
	Voluntary context switches: 1731691
	Involuntary context switches: 21052
	Swaps: 0
	File system inputs: 1680860488
	File system outputs: 0
	Socket messages sent: 0
	Socket messages received: 0
	Signals delivered: 0
	Page size (bytes): 4096
	Exit status: 0
