loaded bw24-repack (81 layers, nextn=1)
text prompt (145 chars, chat-templated) -> 42 tokens
prompt tokens: [120000, 120044, 70830, 277, 9002, 647, 497, 25, 5130, 25152, 1326, 120006, 6331, 244, 7164, 958, 369, 12331, 244, 78357, 46997, 1703, 413, 8528, 11, 10243, 11, 289, 13561, 6590, 13, 44626, 4055, 1932, 42970, 289, 8913, 35510, 13, 120007, 120029, 120030]
[moe-cache] warming 128 discarded speculative tokens at K=1 before fixed residency
[moe-cache] size-aware fixed slots: 5470 slots in 5 classes, 14.88 GB / 14.88 GB budget
[spill-pread] enabled: depth=32 buffer_bytes=6684672 total_pinned_bytes=213909504 (bounded O_DIRECT worker prefetch, caller-thread compute-stream H2D, mmap error fallback)
[spec] host-row embedding: 525860864 bytes kept off HBM
[bw24] experimental CPU expert backend: /tmp/libbw24-cpu-experts.so (threads=8)
[bw24-cpu] normal-RAM expert cache: 36.00 GiB policy=lru io=direct
[bw24-cpu] mirrored direct I/O: 237 inode mappings
[spec-stats] rounds=72 full_accept=57 len_hist=[0, 72] per_slot=[57/72=0.792] total=57/72=0.792 tok_per_round=1.792
[moe-cache] residency frozen: 5470 slots, 5470 resident blocks

[generate]   63 tok in 8.285s = 7.60 tok/s (gen-only; this run's prime 157.891s)
  tokens: [40129, 316, 244, 4871, 11, 1622, 81425, 5278, 279, 244, 1970, 101435, 59909, 46997, 1703, 503, 280, 7164, 11, 413, 4055, 1970, 4906, 42970, 503, 289, 1970, 24621, 35510, 40297, 15189, 25, 286, 9, 607, 13130, 63, 341, 18264, 552, 1684, 11, 445, 8528, 552, 4304, 584, 9, 607, 19392, 63, 341, 3595, 1364, 445, 493, 4304, 584, 9, 607, 55266, 63, 341, 245]
[spec] host-row embedding: 525860864 bytes kept off HBM
[spec-stats] rounds=37 full_accept=27 len_hist=[0, 37] per_slot=[27/37=0.730] total=27/37=0.730 tok_per_round=1.730

[generate_spec K=1] 64 tok in 9.003s = 7.00 tok/s (0.92x vs generate; this run's prime 178.182s)
  acceptance: 27/37 = 73.0%   self-consistency: PASS (identical to generate)

=== SELF-CONSISTENCY PASS ===
[spill-pread] reads=35268 bytes=97232142336 errors=0 short_reads=0 fallbacks=0 buffer_waits=9321 ring_full=949
[bw24-cpu-profile] calls=22278 prepare=0.710990s io=12.888272s insert=0.057044s compute=18.121014s read_projections=43990 read_GB=116.535
	Command being timed: "env BW24_NGEN=64 BW24_SPEC_K=1 BW24_SPEC_HOST_EMBD=1 BW24_SPEC_STATS=1 BW24_CHAT=1 BW24_PROMPT=Write a Python function that implements a doubly-linked list with insert, delete, and reverse operations. Include full type hints and docstrings. BW24_MOE_CACHE=1 BW24_MOE_SIZE_AWARE=1 BW24_MOE_LFU=1 BW24_MOE_LFU_DECAY=1.0 BW24_MOE_VRAM_FRAC=0.97 BW24_MOE_HARD_VRAM_FRAC=0.97 BW24_SPILL_IO=direct BW24_SPILL_PREAD_DEPTH=32 BW24_SPILL_WORKER_EXPERT_WINDOW=8 BW24_CPU_EXPERT_LIB=/tmp/libbw24-cpu-experts.so BW24_CPU_EXPERT_THREADS=8 BW24_CPU_EXPERT_IO_THREADS=8 BW24_CPU_EXPERT_CACHE_GB=36 BW24_CPU_EXPERT_CACHE_POLICY=lru BW24_CPU_EXPERT_IO=direct BW24_CPU_EXPERT_MIRROR_MAP=/home/avifenesh/.local/share/bw24-models/hy3-layer103p5-root-mirror/inode-alternates.tsv BW24_CPU_EXPERT_FREEZE_CACHE=1 BW24_CPU_EXPERT_FREEZE_WARMUP_TOKENS=128 BW24_CPU_EXPERT_FREEZE_WARMUP_SPEC_K=1 GOMP_CPU_AFFINITY=0-7 target/release/run-spec /home/avifenesh/.local/share/bw24-models/hy3-layer103p5-dual-nvme"
	User time (seconds): 314.68
	System time (seconds): 101.89
	Percent of CPU this job got: 74%
	Elapsed (wall clock) time (h:mm:ss or m:ss): 9:17.34
	Average shared text size (kbytes): 0
	Average unshared data size (kbytes): 0
	Average stack size (kbytes): 0
	Average total size (kbytes): 0
	Maximum resident set size (kbytes): 48740936
	Average resident set size (kbytes): 0
	Major (requiring I/O) page faults: 19346631
	Minor (reclaiming a frame) page faults: 20274251
	Voluntary context switches: 20714394
	Involuntary context switches: 3718
	Swaps: 0
	File system inputs: 621882752
	File system outputs: 0
	Socket messages sent: 0
	Socket messages received: 0
	Signals delivered: 0
	Page size (bytes): 4096
	Exit status: 0
