2026-07-20T03:41:41+03:00
name, temperature.gpu, power.draw [W], clocks.current.sm [MHz], clocks.current.memory [MHz], memory.used [MiB], memory.total [MiB]
NVIDIA GeForce RTX 5090 Laptop GPU, 52, 9.01 W, 180 MHz, 405 MHz, 312 MiB, 24463 MiB
               total        used        free      shared  buff/cache   available
Mem:            60Gi        21Gi        34Gi       8.1Gi        13Gi        39Gi
Swap:          8.0Gi        18Mi       8.0Gi
NAME      TYPE SIZE  USED PRIO
/swap.img file   8G 18.1M   -1
loaded bw24-repack (81 layers, nextn=1)
text prompt (145 chars, chat-templated) -> 42 tokens
prompt tokens: [120000, 120044, 70830, 277, 9002, 647, 497, 25, 5130, 25152, 1326, 120006, 6331, 244, 7164, 958, 369, 12331, 244, 78357, 46997, 1703, 413, 8528, 11, 10243, 11, 289, 13561, 6590, 13, 44626, 4055, 1932, 42970, 289, 8913, 35510, 13, 120007, 120029, 120030]
[moe-cache] size-aware fixed slots: 5482 slots in 5 classes, 14.91 GB / 14.91 GB budget
[spill-pread] enabled: depth=32 buffer_bytes=6684672 total_pinned_bytes=213909504 (bounded O_DIRECT worker prefetch, caller-thread compute-stream H2D, mmap error fallback)

[generate]   31 tok in 10.635s = 2.91 tok/s (gen-only; this run's prime 12.543s)
  tokens: [40129, 316, 244, 4871, 11, 1622, 81425, 5278, 279, 244, 1970, 101435, 59909, 46997, 1703, 503, 280, 7164, 11, 413, 25, 286, 9, 4055, 1970, 4906, 42970, 3236, 9, 3727, 1970, 24621]
[spec] host-row embedding: 525860864 bytes kept off HBM
[spec-stats] rounds=14 full_accept=2 len_hist=[0, 0, 0, 14] per_slot=[11/14=0.786 6/14=0.429 2/14=0.143] total=19/42=0.452 tok_per_round=2.357

[generate_spec K=3] 32 tok in 15.735s = 1.97 tok/s (0.68x vs generate; this run's prime 12.494s)
  acceptance: 19/42 = 45.2%   self-consistency: PASS (identical to generate)

=== SELF-CONSISTENCY PASS ===
[spill-pread] reads=169678 bytes=448018808832 errors=0 short_reads=0 fallbacks=0 buffer_waits=51652 ring_full=1352
	Command being timed: "env BW24_NGEN=32 BW24_SPEC_K=3 BW24_SPEC_HOST_EMBD=1 BW24_SPEC_STATS=1 BW24_CHAT=1 BW24_PROMPT=Write a Python function that implements a doubly-linked list with insert, delete, and reverse operations. Include full type hints and docstrings. BW24_MOE_CACHE=1 BW24_MOE_SIZE_AWARE=1 BW24_MOE_LFU=1 BW24_MOE_LFU_DECAY=0.8 BW24_MOE_VRAM_FRAC=0.97 BW24_MOE_HARD_VRAM_FRAC=0.97 BW24_SPILL_IO=direct BW24_SPILL_PREAD_DEPTH=32 BW24_SPILL_WORKER_EXPERT_WINDOW=8 target/release/run-spec /home/avifenesh/.local/share/bw24-models/hy3-layer103p5-dual-nvme"
	User time (seconds): 163.64
	System time (seconds): 52.89
	Percent of CPU this job got: 92%
	Elapsed (wall clock) time (h:mm:ss or m:ss): 3:53.64
	Average shared text size (kbytes): 0
	Average unshared data size (kbytes): 0
	Average stack size (kbytes): 0
	Average total size (kbytes): 0
	Maximum resident set size (kbytes): 15940272
	Average resident set size (kbytes): 0
	Major (requiring I/O) page faults: 9703
	Minor (reclaiming a frame) page faults: 10128122
	Voluntary context switches: 507609
	Involuntary context switches: 1893
	Swaps: 0
	File system inputs: 922776056
	File system outputs: 0
	Socket messages sent: 0
	Socket messages received: 0
	Signals delivered: 0
	Page size (bytes): 4096
	Exit status: 0
name, temperature.gpu, power.draw [W], clocks.current.sm [MHz], clocks.current.memory [MHz], memory.used [MiB], memory.total [MiB]
NVIDIA GeForce RTX 5090 Laptop GPU, 64, 53.06 W, 1597 MHz, 14001 MHz, 312 MiB, 24463 MiB
               total        used        free      shared  buff/cache   available
Mem:            60Gi        14Gi        33Gi       4.1Gi        18Gi        46Gi
Swap:          8.0Gi       7.4Gi       596Mi
NAME      TYPE SIZE USED PRIO
/swap.img file   8G 7.4G   -1
run_status=0
