[frspec-trim] self-trimmed head: 32768 rows of main output.weight (Q8_0)
loaded bw24-repack (81 layers, nextn=1)
text prompt (145 chars, chat-templated) -> 42 tokens
prompt tokens: [120000, 120044, 70830, 277, 9002, 647, 497, 25, 5130, 25152, 1326, 120006, 6331, 244, 7164, 958, 369, 12331, 244, 78357, 46997, 1703, 413, 8528, 11, 10243, 11, 289, 13561, 6590, 13, 44626, 4055, 1932, 42970, 289, 8913, 35510, 13, 120007, 120029, 120030]
[moe-cache] warming 64 discarded speculative tokens at K=1 before fixed residency
[moe-cache] size-aware fixed slots: 5422 slots in 5 classes, 14.75 GB / 14.75 GB budget
[spill-pread] enabled: depth=32 buffer_bytes=6684672 total_pinned_bytes=213909504 (bounded O_DIRECT worker prefetch, caller-thread compute-stream H2D, mmap error fallback)
[spec] host-row embedding: 525860864 bytes kept off HBM
[bw24] experimental CPU expert backend: /tmp/libbw24-cpu-experts-batch.so (threads=8 batch_threads=16)
[bw24-cpu] normal-RAM expert cache: 36.00 GiB policy=lru io=direct
[bw24-cpu] mirrored direct I/O: 237 inode mappings
[spec-stats] rounds=39 full_accept=29 len_hist=[3, 36] per_slot=[26/36=0.722] total=26/36=0.722 tok_per_round=1.667
[spec-phase] draft=147.0ms (1.1%) verify-issue=13303.2ms (98.7%) verify-wait=24.9ms (0.2%) commit-host=5.1ms (0.0%) rounds=39
[moe-cache] residency frozen: 5422 slots, 5422 resident blocks
[mixed-gdec] metadata-aware grouped GPU path active

[generate]   31 tok in 4.779s = 6.49 tok/s (gen-only; this run's prime 156.219s)
  tokens: [40129, 316, 244, 4871, 11, 1622, 81425, 5278, 279, 244, 1970, 101435, 59909, 46997, 1703, 503, 280, 7164, 13, 4468, 2171, 5658, 25, 286, 12, 15993, 1970, 4906, 42970, 503, 341, 5177]
[spec] host-row embedding: 525860864 bytes kept off HBM
[spec-stats] rounds=18 full_accept=14 len_hist=[1, 17] per_slot=[13/17=0.765] total=13/17=0.765 tok_per_round=1.722
[spec-phase] draft=83.2ms (1.9%) verify-issue=4190.5ms (97.7%) verify-wait=14.1ms (0.3%) commit-host=2.6ms (0.1%) rounds=18

[generate_spec K=1] 32 tok in 4.434s = 6.99 tok/s (1.08x vs generate; this run's prime 160.069s)
  acceptance: 13/17 = 76.5%   self-consistency: PASS (identical to generate)

=== SELF-CONSISTENCY PASS ===
[spill-pread] reads=35400 bytes=97563574272 errors=0 short_reads=0 fallbacks=0 buffer_waits=9818 ring_full=867
[bw24-cpu-profile] calls=11200 prepare=0.357123s io=6.895142s insert=0.020438s compute=11.948125s read_projections=22417 read_GB=59.192 batch_calls=4028 batch_tokens=8014 batch_pairs=32811 batch_gate_up_groups=58850 batch_down_groups=29425
	Command being timed: "env BW24_NGEN=32 BW24_SPEC_K=1 BW24_SPEC_HOST_EMBD=1 BW24_SPEC_STATS=1 BW24_SPEC_PHASE=1 BW24_SPEC_PMIN=0.2 BW24_SPEC_PMIN0=1 BW24_CHAT=1 BW24_PROMPT=Write a Python function that implements a doubly-linked list with insert, delete, and reverse operations. Include full type hints and docstrings. BW24_MOE_CACHE=1 BW24_MOE_SIZE_AWARE=1 BW24_MOE_LFU=1 BW24_MOE_LFU_DECAY=0.8 BW24_MOE_VRAM_FRAC=0.97 BW24_MOE_HARD_VRAM_FRAC=0.97 BW24_SPILL_IO=direct BW24_SPILL_PREAD_DEPTH=32 BW24_SPILL_WORKER_EXPERT_WINDOW=8 BW24_CPU_EXPERT_LIB=/tmp/libbw24-cpu-experts-batch.so BW24_CPU_EXPERT_THREADS=8 BW24_CPU_EXPERT_BATCH_THREADS=16 BW24_CPU_EXPERT_IO_THREADS=8 BW24_CPU_EXPERT_CACHE_GB=36 BW24_CPU_EXPERT_CACHE_POLICY=lru BW24_CPU_EXPERT_IO=direct BW24_CPU_EXPERT_MIRROR_MAP=/home/avifenesh/.local/share/bw24-models/hy3-layer103p5-root-mirror/inode-alternates.tsv BW24_CPU_EXPERT_FREEZE_CACHE=1 BW24_CPU_EXPERT_FREEZE_WARMUP_TOKENS=64 BW24_CPU_EXPERT_FREEZE_WARMUP_SPEC_K=1 BW24_CPU_EXPERT_BATCH=1 BW24_CPU_EXPERT_BATCH_WEIGHT_REUSE=1 BW24_MOE_MIXED_GDEC=1 BW24_FRSPEC_TRIM=/data/ai-ml/hf-models/hy3-layer103p5-bw24-runtime/frspec-code-wiki-32768.gguf GOMP_CPU_AFFINITY=0-15 target/release/run-spec /home/avifenesh/.local/share/bw24-models/hy3-layer103p5-dual-nvme"
	User time (seconds): 263.78
	System time (seconds): 99.04
	Percent of CPU this job got: 68%
	Elapsed (wall clock) time (h:mm:ss or m:ss): 8:47.55
	Average shared text size (kbytes): 0
	Average unshared data size (kbytes): 0
	Average stack size (kbytes): 0
	Average total size (kbytes): 0
	Maximum resident set size (kbytes): 49168200
	Average resident set size (kbytes): 0
	Major (requiring I/O) page faults: 17921229
	Minor (reclaiming a frame) page faults: 20796091
	Voluntary context switches: 18706508
	Involuntary context switches: 6883
	Swaps: 0
	File system inputs: 500601160
	File system outputs: 0
	Socket messages sent: 0
	Socket messages received: 0
	Signals delivered: 0
	Page size (bytes): 4096
	Exit status: 0
