# gpu    pwr  gtemp  mtemp     sm    mem    enc    dec    jpg    ofa   mclk   pclk  pviol  tviol     fb   bar1   ccpm  rxpci  txpci 
# Idx      W      C      C      %      %      %      %      %      %    MHz    MHz      %   bool     MB     MB     MB   MB/s   MB/s 
    0      8     52      -      0      0      0      0      0      0    405    180      0      0    312    313      0      0      0 
    0      8     52      -      0      0      0      0      0      0    405    180      0      0    312    313      0      0      0 
    0      8     52      -      0      0      0      0      0      0    405    180      0      0    312    313      0      0      1 
    0      8     52      -      0      0      0      0      0      0    405    180      0      0    312    313      0      0      0 
    0      8     52      -      0      0      0      0      0      0    405    180      0      0    312    313      0      0      0 
    0      8     52      -      0      0      0      0      0      0    405    180      0      0    312    313      0      0      0 
    0      9     52      -      0      0      0      0      0      0    405    180      0      0    312    313      0      0      0 
    0      9     52      -      0      0      0      0      0      0    405    180      0      0    312    313      0      0      0 
    0      8     52      -      0      0      0      0      0      0    405    180      0      0    312    313      0      0      2 
    0      8     52      -      0      0      0      0      0      0    405    180      0      0    312    313      0      0      0 
    0      8     52      -      0      0      0      0      0      0    405    180      0      0    312    313      0      0      2 
    0      8     52      -      0      0      0      0      0      0    405    180      0      0    312    313      0      0      0 
    0      8     52      -      0      0      0      0      0      0    405    180      0      0    312    313      0      0      1 
    0      8     52      -      0      0      0      0      0      0    405    180      0      0    312    313      0      0      0 
    0     28     52      -      0      0      0      0      0      0  14001    180      0      0    608    609      0      0      0 
    0     27     52      -      0      0      0      0      0      0  14001   1590      0      0    608    609      0      0      0 
    0     27     53      -      0      0      0      0      0      0  14001   1597      0      0    608    609      0      0      1 
    0     27     53      -      0      0      0      0      0      0  14001   1590      0      0    608    609      0      0      0 
    0     27     53      -      0      0      0      0      0      0  14001   1597      0      0    608    609      0      0      2 
    0     27     53      -      0      0      0      0      0      0  14001   1590      0      0    640    641      0      0      0 
    0     27     53      -      0      0      0      0      0      0  14001   1590      0      0    640    641      0      0      2 
    0     27     53      -      0      0      0      0      0      0  14001   1597      0      0    640    641      0      0      0 
    0     27     53      -      0      0      0      0      0      0  14001   1597      0      0    640    641      0      0      2 
    0     27     53      -      0      0      0      0      0      0  14001   1597      0      0    640    641      0      0      0 
    0     27     54      -      0      0      0      0      0      0  14001   1590      0      0    640    641      0      0      0 
    0     27     54      -      0      0      0      0      0      0  14001   1590      0      0    640    641      0      0      1 
    0     27     54      -      0      0      0      0      0      0  14001   1590      0      0    640    641      0      0      0 
    0     27     54      -      0      0      0      0      0      0  14001   1597      0      0    640    641      0      0      0 
    0     27     54      -     48      3      0      0      0      0  14001   1590      0      0   1120   1121      0      0      0 
    0     27     54      -      1      0      0      0      0      0  14001   1597      0      0   1216   1217      0      0      0 
    0     27     54      -      0      0      0      0      0      0  14001   1590      0      0   1248   1249      0      0      0 
    0     27     54      -      0      0      0      0      0      0  14001   1590      0      0   1376   1377      0      0      0 
    0     27     54      -      0      0      0      0      0      0  14001   1590      0      0   1440   1441      0      0      0 
    0     27     55      -      0      0      0      0      0      0  14001   1590      0      0   1504   1505      0     10      0 
    0     27     55      -      0      0      0      0      0      0  14001   1590      0      0   1568   1569      0      0      0 
    0     27     55      -      0      0      0      0      0      0  14001   1590      0      0   1664   1665      0      0      1 
    0     27     55      -      0      0      0      0      0      0  14001   1590      0      0   1728   1729      0      0      0 
    0     27     55      -      0      0      0      0      0      0  14001   1590      0      0   1792   1793      0      0      0 
    0     27     55      -      0      0      0      0      0      0  14001   1590      0      0   1888   1889      0      0      0 
    0     27     55      -      0      0      0      0      0      0  14001   1590      0      0   2016   2017      0      0      2 
    0     27     55      -      0      0      0      0      0      0  14001   1590      0      0   2112   2113      0      0      0 
    0     27     55      -      0      0      0      0      0      0  14001   1590      0      0   2176   2177      0    235      2 
    0     27     55      -      0      0      0      0      0      0  14001   1590      0      0   2240   2241      0   1885      0 
    0     27     55      -      0      0      0      0      0      0  14001   1590      0      0   2368   2369      0      0      2 
# gpu    pwr  gtemp  mtemp     sm    mem    enc    dec    jpg    ofa   mclk   pclk  pviol  tviol     fb   bar1   ccpm  rxpci  txpci 
# Idx      W      C      C      %      %      %      %      %      %    MHz    MHz      %   bool     MB     MB     MB   MB/s   MB/s 
    0     27     55      -      1      0      0      0      0      0  14001   1590      0      0   2464   2465      0      0      0 
    0     27     55      -      0      0      0      0      0      0  14001   1590      0      0   2560   2561      0      0      2 
    0     27     56      -      0      0      0      0      0      0  14001   1590      0      0   2656   2657      0      0     31 
    0     27     56      -      1      0      0      0      0      0  14001   1590      0      0   2752   2753      0    352      2 
    0     27     56      -      0      0      0      0      0      0  14001   1590      0      0   2816   2817      0    353      3 
    0     27     56      -      0      0      0      0      0      0  14001   1590      0      0   2880   2881      0      0     25 
    0     27     56      -      1      0      0      0      0      0  14001   1590      0      0   2976   2977      0      0      0 
    0     27     56      -      0      0      0      0      0      0  14001   1590      0      0   3072   3073      0      0      2 
    0     27     56      -      0      0      0      0      0      0  14001   1590      0      0   3136   3137      0   1883      0 
    0     27     56      -      0      0      0      0      0      0  14001   1590      0      0   3232   3233      0      0     12 
    0     28     56      -      1      0      0      0      0      0  14001   1590      0      0   3328   3329      0      0      0 
    0     27     56      -      0      0      0      0      0      0  14001   1590      0      0   3424   3425      0      0      2 
    0     27     56      -      0      0      0      0      0      0  14001   1590      0      0   3552   3553      0      0      0 
    0     27     56      -      0      0      0      0      0      0  14001   1590      0      0   3616   3617      0      0      0 
    0     28     56      -      1      0      0      0      0      0  14001   1590      0      0   3744   3745      0      0      0 
    0     27     56      -      0      0      0      0      0      0  14001   1590      0      0   3808   3809      0      0     31 
    0     27     56      -      0      0      0      0      0      0  14001   1590      0      0   3904   3905      0    353      0 
    0     28     56      -      0      0      0      0      0      0  14001   1590      0      0   4000   4001      0      0      0 
    0     28     56      -      1      0      0      0      0      0  14001   1590      0      0   4064   4065      0      0      0 
    0     28     57      -      0      0      0      0      0      0  14001   1590      0      0   4160   4161      0      0      2 
    0     28     57      -      0      0      0      0      0      0  14001   1590      0      0   4256   4257      0      0      0 
    0     28     57      -      0      0      0      0      0      0  14001   1590      0      0   4352   4353      0      0     21 
    0     28     57      -      0      0      0      0      0      0  14001   1590      0      0   4416   4417      0   1883      1 
    0     28     57      -      0      0      0      0      0      0  14001   1590      0      0   4512   4513      0      0      0 
    0     28     57      -      0      0      0      0      0      0  14001   1590      0      0   4608   4609      0      0      0 
    0     28     57      -      0      0      0      0      0      0  14001   1590      0      0   4704   4705      0    355      0 
    0     28     57      -      0      0      0      0      0      0  14001   1597      0      0   4800   4801      0      0      0 
    0     28     57      -      0      0      0      0      0      0  14001   1590      0      0   4896   4897      0      0     31 
    0     28     57      -      0      0      0      0      0      0  14001   1590      0      0   4992   4993      0    352      2 
    0     28     57      -      1      0      0      0      0      0  14001   1590      0      0   5088   5089      0      0      0 
    0     28     57      -      0      0      0      0      0      0  14001   1590      0      0   5152   5153      0      9      2 
    0     28     57      -      0      0      0      0      0      0  14001   1590      0      0   5248   5249      0      0      0 
    0     28     57      -      0      0      0      0      0      0  14001   1590      0      0   5344   5345      0      0      2 
    0     28     57      -      0      0      0      0      0      0  14001   1590      0      0   5440   5441      0      0      0 
    0     28     57      -      0      0      0      0      0      0  14001   1590      0      0   5568   5569      0      0      2 
    0     28     57      -      0      0      0      0      0      0  14001   1590      0      0   5664   5665      0      0     21 
    0     28     57      -      0      0      0      0      0      0  14001   1590      0      0   5728   5729      0   1773      2 
    0     28     58      -      0      0      0      0      0      0  14001   1590      0      0   5792   5793      0      0      0 
    0     28     58      -      0      0      0      0      0      0  14001   1590      0      0   5920   5921      0      0      2 
    0     28     58      -      1      0      0      0      0      0  14001   1590      0      0   6016   6017      0      0      0 
    0     28     58      -      0      0      0      0      0      0  14001   1590      0      0   6112   6113      0      1      2 
    0     28     58      -      0      0      0      0      0      0  14001   1590      0      0   6176   6177      0    353      0 
    0     28     58      -      1      0      0      0      0      0  14001   1590      0      0   6272   6273      0      0      2 
    0     28     58      -      1      0      0      0      0      0  14001   1590      0      0   6400   6401      0      0      0 
# gpu    pwr  gtemp  mtemp     sm    mem    enc    dec    jpg    ofa   mclk   pclk  pviol  tviol     fb   bar1   ccpm  rxpci  txpci 
# Idx      W      C      C      %      %      %      %      %      %    MHz    MHz      %   bool     MB     MB     MB   MB/s   MB/s 
    0     28     58      -      0      0      0      0      0      0  14001   1590      0      0   6464   6465      0      0     32 
    0     28     58      -      0      0      0      0      0      0  14001   1590      0      0   6592   6593      0      0      0 
    0     28     58      -      0      0      0      0      0      0  14001   1590      0      0   6624   6625      0      0      0 
    0     28     58      -      1      0      0      0      0      0  14001   1590      0      0   6752   6753      0      6      0 
    0     28     58      -      0      0      0      0      0      0  14001   1590      0      0   6848   6849      0      0      0 
    0     28     58      -      0      0      0      0      0      0  14001   1590      0      0   6944   6945      0      0      0 
    0     28     58      -      0      0      0      0      0      0  14001   1590      0      0   7040   7041      0      0     11 
    0     28     58      -      0      0      0      0      0      0  14001   1590      0      0   7136   7137      0      0     21 
    0     28     58      -      0      0      0      0      0      0  14001   1590      0      0   7232   7233      0    235      0 
    0     28     58      -      1      0      0      0      0      0  14001   1590      0      0   7296   7297      0      0    164 
    0     28     58      -      0      0      0      0      0      0  14001   1590      0      0   7392   7393      0      0      0 
    0     28     58      -      0      0      0      0      0      0  14001   1590      0      0   7488   7489      0      0      1 
    0     28     57      -      0      0      0      0      0      0  14001   1590      0      0   7584   7585      0      0      0 
    0     28     57      -      0      0      0      0      0      0  14001   1590      0      0   7680   7681      0      0      2 
    0     28     57      -      1      0      0      0      0      0  14001   1590      0      0   7776   7777      0      2      0 
    0     28     57      -      0      0      0      0      0      0  14001   1590      0      0   7872   7873      0      0      2 
    0     28     57      -      0      0      0      0      0      0  14001   1590      0      0   7968   7969      0      0     31 
    0     28     57      -      0      0      0      0      0      0  14001   1590      0      0   8064   8065      0    353      2 
    0     28     57      -      0      0      0      0      0      0  14001   1590      0      0   8160   8161      0      0      0 
    0     28     57      -      0      0      0      0      0      0  14001   1590      0      0   8224   8225      0      0    166 
    0     28     57      -      0      0      0      0      0      0  14001   1590      0      0   8320   8321      0      0      0 
    0     28     57      -      0      0      0      0      0      0  14001   1590      0      0   8416   8417      0      0      2 
    0     28     57      -      1      0      0      0      0      0  14001   1590      0      0   8512   8513      0      0      0 
    0     28     57      -      0      0      0      0      0      0  14001   1590      0      0   8608   8609      0      0      2 
    0     28     56      -      0      0      0      0      0      0  14001   1590      0      0   8704   8705      0      0      0 
    0     28     56      -      0      0      0      0      0      0  14001   1590      0      0   8800   8801      0      0     22 
    0     27     56      -      0      0      0      0      0      0  14001   1590      0      0   8864   8865      0      0      0 
    0     27     56      -      1      0      0      0      0      0  14001   1590      0      0   8960   8961      0      9      2 
    0     27     56      -      0      0      0      0      0      0  14001   1590      0      0   9056   9057      0      0      0 
    0     27     56      -      0      0      0      0      0      0  14001   1590      0      0   9152   9153      0      0      2 
    0     27     56      -      0      0      0      0      0      0  14001   1590      0      0   9248   9249      0      0      0 
    0     27     56      -      0      0      0      0      0      0  14001   1590      0      0   9280   9281      0      0      0 
    0     27     56      -      0      0      0      0      0      0  14001   1590      0      0   9280   9281      0      4      0 
    0     27     56      -      0      0      0      0      0      0  14001   1597      0      0   9280   9281      0      0      0 
    0     27     56      -      0      0      0      0      0      0  14001   1590      0      0   9280   9281      0      0      0 
    0     27     55      -      0      0      0      0      0      0  14001   1597      0      0   9280   9281      0      0      0 
    0     27     55      -      0      0      0      0      0      0  14001   1590      0      0   9280   9281      0      0      1 
    0     27     55      -      0      0      0      0      0      0  14001   1597      0      0   9280   9281      0      0      0 
    0     27     55      -      0      0      0      0      0      0  14001   1590      0      0   9280   9281      0      0      1 
    0     27     55      -      0      0      0      0      0      0  14001   1597      0      0   9280   9281      0      0      0 
    0     27     55      -      0      0      0      0      0      0  14001   1590      0      0   9280   9281      0      0      2 
    0     27     55      -      0      0      0      0      0      0  14001   1590      0      0   9280   9281      0      0      0 
    0     27     55      -      0      0      0      0      0      0  14001   1597      0      0   9280   9281      0      0      2 
    0     27     55      -      0      0      0      0      0      0  14001   1590      0      0   9280   9281      0      0      0 
# gpu    pwr  gtemp  mtemp     sm    mem    enc    dec    jpg    ofa   mclk   pclk  pviol  tviol     fb   bar1   ccpm  rxpci  txpci 
# Idx      W      C      C      %      %      %      %      %      %    MHz    MHz      %   bool     MB     MB     MB   MB/s   MB/s 
    0     27     55      -      0      0      0      0      0      0  14001   1597      0      0   9280   9281      0      0      0 
    0     27     55      -      0      0      0      0      0      0  14001   1590      0      0   9280   9281      0      0      0 
    0     27     55      -      0      0      0      0      0      0  14001   1597      0      0   9280   9281      0      0      0 
    0     27     54      -      0      0      0      0      0      0  14001   1590      0      0   9280   9281      0      0      0 
    0     18     54      -      0      0      0      0      0      0    810    180      0      0   9280   9281      0      0     10 
    0     10     54      -      0      0      0      0      0      0    405    180      0      0   9280   9281      0      0      0 
    0      8     53      -      0      0      0      0      0      0    405    180      0      0   9280   9281      0      0      0 
    0      8     53      -      0      0      0      0      0      0    405    180      0      0   9280   9281      0      0      2 
    0      9     53      -      0      0      0      0      0      0    405    180      0      0   9280   9281      0      0      0 
    0     10     53      -      0      0      0      0      0      0    405    180      0      0   9280   9281      0      0      2 
    0      9     53      -      0      0      0      0      0      0    405    180      0      0   9280   9281      0      0      0 
    0      9     52      -      0      0      0      0      0      0    405    180      0      0   9280   9281      0      0      0 
    0      9     52      -      0      0      0      0      0      0    405    180      0      0   9280   9281      0      0      0 
    0      8     52      -      0      0      0      0      0      0    405    180      0      0   9280   9281      0      0      0 
    0      8     52      -      0      0      0      0      0      0    405    180      0      0   9280   9281      0      0      0 
    0      9     52      -      0      0      0      0      0      0    405    180      0      0   9280   9281      0      0      0 
    0      9     52      -      0      0      0      0      0      0    405    180      0      0   9280   9281      0      0      0 
    0      9     52      -      0      0      0      0      0      0    405    180      0      0   9280   9281      0      0      1 
    0      8     51      -      0      0      0      0      0      0    405    180      0      0   9280   9281      0      0      0 
    0      9     51      -      0      0      0      0      0      0    405    180      0      0   9280   9281      0      0      0 
    0      8     51      -      0      0      0      0      0      0    405    180      0      0   9280   9281      0      0      0 
    0      8     51      -      0      0      0      0      0      0    405    180      0      0   9280   9281      0      0      0 
    0      8     51      -      0      0      0      0      0      0    405    180      0      0   9280   9281      0      0      0 
    0      8     51      -      0      0      0      0      0      0    405    180      0      0   9280   9281      0      0      0 
    0      8     51      -      0      0      0      0      0      0    405    180      0      0   9280   9281      0      0      2 
    0      9     51      -      0      0      0      0      0      0    405    180      0      0   9280   9281      0      0      0 
    0      9     51      -      0      0      0      0      0      0    405    180      0      0   9280   9281      0      0      2 
    0      8     51      -      0      0      0      0      0      0    405    180      0      0   9280   9281      0      0      0 
    0      8     51      -      0      0      0      0      0      0    405    180      0      0   9280   9281      0      0      0 
    0      8     51      -      0      0      0      0      0      0    405    180      0      0   9280   9281      0      0      0 
    0      8     51      -      0      0      0      0      0      0    405    180      0      0   9280   9281      0      0      0 
    0      8     50      -      0      0      0      0      0      0    405    180      0      0   9280   9281      0      0      0 
    0      8     50      -      0      0      0      0      0      0    405    180      0      0   9280   9281      0      0      0 
    0      8     50      -      0      0      0      0      0      0    405    180      0      0   9280   9281      0      0      0 
    0      8     50      -      0      0      0      0      0      0    405    180      0      0   9280   9281      0      0      0 
    0      8     50      -      0      0      0      0      0      0    405    180      0      0   9280   9281      0      0      0 
    0      8     50      -      0      0      0      0      0      0    405    180      0      0   9280   9281      0      0      0 
    0      8     50      -      0      0      0      0      0      0    405    180      0      0   9280   9281      0      0      1 
    0      8     50      -      0      0      0      0      0      0    405    180      0      0   9280   9281      0      0      0 
    0      8     50      -      0      0      0      0      0      0    405    180      0      0   9280   9281      0      0      2 
    0      8     50      -      0      0      0      0      0      0    405    180      0      0   9280   9281      0      0      0 
    0      8     50      -      0      0      0      0      0      0    405    180      0      0   9280   9281      0      0      2 
    0      8     50      -      0      0      0      0      0      0    405    180      0      0   9280   9281      0      0      0 
    0      8     50      -      0      0      0      0      0      0    405    180      0      0   9280   9281      0      0      0 
# gpu    pwr  gtemp  mtemp     sm    mem    enc    dec    jpg    ofa   mclk   pclk  pviol  tviol     fb   bar1   ccpm  rxpci  txpci 
# Idx      W      C      C      %      %      %      %      %      %    MHz    MHz      %   bool     MB     MB     MB   MB/s   MB/s 
    0      8     50      -      0      0      0      0      0      0    405    180      0      0   9280   9281      0      0      0 
    0      8     50      -      0      0      0      0      0      0    405    180      0      0   9280   9281      0      0     10 
    0     32     51      -      8      0      0      0      0      0  14001   1612      0      0  23552  23553      0   8441    444 
    0    103     57      -     60      4      0      0      0      0  14001   2595      0      0  23552  23553      0   2000    737 
    0    104     56      -     45      3      0      0      0      0  14001   2542      0      0  23552  23553      0   5847    611 
    0     87     59      -     54      3      0      0      0      0  14001   2542      0      0  23552  23553      0   8656    684 
    0     80     55      -     33      2      0      0      0      0  14001   2482      0      0  23552  23553      0   8509    784 
    0     74     56      -     43      3      0      0      0      0  14001   2362      0      0  23552  23553      0   9420    773 
    0     73     56      -     40      2      0      0      0      0  14001   2460      0      0  23552  23553      0   8624    885 
    0     71     57      -     42      3      0      0      0      0  14001   2407      0      0  23552  23553      0   5779    599 
    0     64     55      -     41      2      0      0      0      0  14001   2392      0      0  23552  23553      0  10148    761 
    0     66     55      -     37      2      0      0      0      0  14001   2377      0      0  23552  23553      0   8125    877 
    0     61     55      -     36      2      0      0      0      0  14001   2190      0      0  23552  23553      0   5901    663 
    0     58     55      -     36      2      0      0      0      0  14001   2355      0      0  23552  23553      0   6184    481 
    0     57     55      -     37      2      0      0      0      0  14001   2220      0      0  23552  23553      0   7452    921 
    0     58     55      -     10      4      0      0      0      0  14001   1972      0      0  23552  23553      0     49     10 
    0     59     56      -     13      4      0      0      0      0  14001   2002      0      0  23552  23553      0     37     13 
    0     59     56      -     12      4      0      0      0      0  14001   1965      0      0  23552  23553      0     26     18 
    0     57     56      -     10      3      0      0      0      0  14001   1965      0      0  23552  23553      0     42     27 
    0     66     57      -     23      6      0      0      0      0  14001   1980      0      0  23552  23553      0     35     20 
    0     70     59      -     32      7      0      0      0      0  14001   2175      0      0  23552  23553      0     34     18 
    0     69     57      -     19      6      0      0      0      0  14001   2130      0      0  23552  23553      0     64     19 
    0     77     59      -     27      7      0      0      0      0  14001   2242      0      0  23552  23553      0     28     13 
    0     68     58      -     19      5      0      0      0      0  14001   2032      0      0  23552  23553      0    106     10 
    0     78     60      -     36      9      0      0      0      0  14001   2190      0      0  23552  23553      0     35     20 
    0     72     60      -     25      8      0      0      0      0  14001   2212      0      0  23552  23553      0     45     25 
    0     78     61      -     25      9      0      0      0      0  14001   2137      0      0  23552  23553      0     43     22 
    0     56     57      -      2      0      0      0      0      0  14001   1747      0      0  23552  23553      0    600     53 
    0     34     57      -      2      0      0      0      0      0  14001   1792      0      0  23552  23553      0    286     26 
    0     34     56      -      2      0      0      0      0      0  14001   1747      0      0  23552  23553      0    218     24 
    0     34     56      -      2      0      0      0      0      0  14001   1800      0      0  23552  23553      0    274     56 
    0     32     56      -      2      0      0      0      0      0  14001   1762      0      0  23552  23553      0    601     24 
    0     34     56      -      2      0      0      0      0      0  14001   1740      0      0  23552  23553      0   1047     83 
    0     35     56      -      7      1      0      0      0      0  14001   1785      0      0  23552  23553      0    275     24 
    0     33     56      -      3      0      0      0      0      0  14001   1747      0      0  23552  23553      0    273     37 
    0     33     56      -      2      0      0      0      0      0  14001   1740      0      0  23552  23553      0    757     53 
    0     35     56      -      1      0      0      0      0      0  14001   1807      0      0  23552  23553      0    273     36 
    0     35     56      -      3      0      0      0      0      0  14001   1792      0      0  23552  23553      0    275     25 
    0     34     56      -      6      0      0      0      0      0  14001   1747      0      0  23552  23553      0    218     31 
    0     34     56      -      4      0      0      0      0      0  14001   1777      0      0  23552  23553      0    218     24 
    0     34     56      -      2      0      0      0      0      0  14001   1740      0      0  23552  23553      0    218     31 
    0     34     55      -      2      0      0      0      0      0  14001   1747      0      0  23552  23553      0    274     53 
    0     32     55      -      4      0      0      0      0      0  14001   1770      0      0  23552  23553      0    224     36 
    0     34     55      -      2      0      0      0      0      0  14001   1747      0      0  23552  23553      0    218     81 
# gpu    pwr  gtemp  mtemp     sm    mem    enc    dec    jpg    ofa   mclk   pclk  pviol  tviol     fb   bar1   ccpm  rxpci  txpci 
# Idx      W      C      C      %      %      %      %      %      %    MHz    MHz      %   bool     MB     MB     MB   MB/s   MB/s 
    0     33     55      -      3      0      0      0      0      0  14001   1755      0      0  23552  23553      0    218     19 
    0     32     55      -      2      0      0      0      0      0  14001   1740      0      0  23552  23553      0    218     81 
    0     34     55      -      1      0      0      0      0      0  14001   1785      0      0  23552  23553      0    272     19 
    0     32     55      -      4      0      0      0      0      0  14001   1770      0      0  23552  23553      0    243     48 
    0     33     55      -      4      0      0      0      0      0  14001   1770      0      0  23552  23553      0    273     24 
    0     33     55      -      2      0      0      0      0      0  14001   1747      0      0  23552  23553      0    218     81 
    0     34     56      -      6      0      0      0      0      0  14001   1762      0      0  23552  23553      0    547     24 
    0     32     56      -      6      0      0      0      0      0  14001   1762      0      0  23552  23553      0    884     82 
    0     34     56      -      1      0      0      0      0      0  14001   1807      0      0  23552  23553      0    601     24 
    0     33     56      -      3      0      0      0      0      0  14001   1777      0      0  23552  23553      0    227     21 
    0     33     55      -      3      0      0      0      0      0  14001   1725      0      0  23552  23553      0   2063     24 
    0     34     56      -      7      0      0      0      0      0  14001   1770      0      0  23552  23553      0    316     24 
    0     33     56      -      5      0      0      0      0      0  14001   1762      0      0  23552  23553      0    252     51 
    0     33     55      -      2      0      0      0      0      0  14001   1740      0      0  23552  23553      0    227    110 
    0     33     56      -      2      0      0      0      0      0  14001   1755      0      0  23552  23553      0    273     52 
    0     34     56      -      3      0      0      0      0      0  14001   1762      0      0  23552  23553      0    335     21 
    0     34     56      -      2      0      0      0      0      0  14001   1732      0      0  23552  23553      0    928     44 
    0     32     56      -      3      0      0      0      0      0  14001   1747      0      0  23552  23553      0    271     31 
    0     35     56      -      3      0      0      0      0      0  14001   1770      0      0  23552  23553      0    549     24 
    0     34     56      -      3      0      0      0      0      0  14001   1747      0      0  23552  23553      0    928     98 
    0     34     56      -      3      0      0      0      0      0  14001   1747      0      0  23552  23553      0    275     24 
    0     35     56      -      2      0      0      0      0      0  14001   1792      0      0  23552  23553      0    218     38 
    0     34     56      -      3      0      0      0      0      0  14001   1755      0      0  23552  23553      0    273     24 
    0     34     56      -      5      0      0      0      0      0  14001   1770      0      0  23552  23553      0    218     24 
    0     33     56      -      3      0      0      0      0      0  14001   1755      0      0  23552  23553      0    175     44 
    0     33     56      -      4      0      0      0      0      0  14001   1725      0      0  23552  23553      0    221     20 
    0     34     56      -      5      0      0      0      0      0  14001   1747      0      0  23552  23553      0    632     24 
    0     33     56      -      4      0      0      0      0      0  14001   1762      0      0  23552  23553      0    600    169 
    0     34     56      -      4      0      0      0      0      0  14001   1755      0      0  23552  23553      0   1281     22 
    0     34     56      -      4      0      0      0      0      0  14001   1747      0      0  23552  23553      0    285     24 
    0     35     56      -      1      0      0      0      0      0  14001   1777      0      0  23552  23553      0    228     18 
    0     33     56      -      4      0      0      0      0      0  14001   1740      0      0  23552  23553      0    272     25 
    0     34     56      -      6      0      0      0      0      0  14001   1755      0      0  23552  23553      0    939     20 
    0     34     56      -      7      1      0      0      0      0  14001   1762      0      0  23552  23553      0    273     24 
    0     35     56      -      4      0      0      0      0      0  14001   1762      0      0  23552  23553      0    218     36 
    0     35     56      -      4      0      0      0      0      0  14001   1755      0      0  23552  23553      0    409     25 
    0     34     56      -      3      0      0      0      0      0  14001   1732      0      0  23552  23553      0    350     24 
    0     33     56      -      2      0      0      0      0      0  14001   1725      0      0  23552  23553      0    254    190 
    0     33     56      -      3      0      0      0      0      0  14001   1732      0      0  23552  23553      0    275     29 
    0     34     56      -      2      0      0      0      0      0  14001   1717      0      0  23552  23553      0    254    114 
    0     35     56      -      1      0      0      0      0      0  14001   1725      0      0  23552  23553      0    332    112 
    0     36     56      -      9      1      0      0      0      0  14001   1770      0      0  23552  23553      0    285     73 
    0     36     56      -      4      1      0      0      0      0  14001   1762      0      0  23552  23553      0    274     25 
    0     34     56      -      3      0      0      0      0      0  14001   1717      0      0  23552  23553      0    258     20 
# gpu    pwr  gtemp  mtemp     sm    mem    enc    dec    jpg    ofa   mclk   pclk  pviol  tviol     fb   bar1   ccpm  rxpci  txpci 
# Idx      W      C      C      %      %      %      %      %      %    MHz    MHz      %   bool     MB     MB     MB   MB/s   MB/s 
    0     33     56      -      6      0      0      0      0      0  14001   1747      0      0  23552  23553      0    143     35 
    0     34     56      -      6      1      0      0      0      0  14001   1747      0      0  23552  23553      0    266     20 
    0     34     56      -      2      0      0      0      0      0  14001   1710      0      0  23552  23553      0    232     73 
    0     34     56      -      4      0      0      0      0      0  14001   1747      0      0  23552  23553      0    252     21 
    0     33     56      -      3      0      0      0      0      0  14001   1740      0      0  23552  23553      0    296     90 
    0     34     57      -     12      1      0      0      0      0  14001   1785      0      0  23552  23553      0    253     27 
    0     34     56      -      4      0      0      0      0      0  14001   1747      0      0  23552  23553      0   1598     19 
    0     33     56      -      5      0      0      0      0      0  14001   1710      0      0  23552  23553      0    737     22 
    0     32     56      -      3      0      0      0      0      0  14001   1732      0      0  23552  23553      0    276     20 
    0     33     56      -      3      0      0      0      0      0  14001   1725      0      0  23552  23553      0    297     23 
    0     33     56      -      2      0      0      0      0      0  14001   1702      0      0  23552  23553      0   1236     25 
    0     33     56      -      5      0      0      0      0      0  14001   1732      0      0  23552  23553      0    230     22 
    0     33     56      -      3      0      0      0      0      0  14001   1725      0      0  23552  23553      0    266     27 
    0     33     56      -      7      1      0      0      0      0  14001   1770      0      0  23552  23553      0    232     34 
    0     33     56      -      5      0      0      0      0      0  14001   1725      0      0  23552  23553      0    232     23 
    0     34     56      -      7      1      0      0      0      0  14001   1740      0      0  23552  23553      0    253     22 
    0     33     56      -      2      0      0      0      0      0  14001   1717      0      0  23552  23553      0   2697     26 
    0     34     56      -      2      0      0      0      0      0  14001   1710      0      0  23552  23553      0    737     38 
    0     35     56      -      2      0      0      0      0      0  14001   1755      0      0  23552  23553      0    318    120 
    0     33     56      -      3      0      0      0      0      0  14001   1710      0      0  23552  23553      0    264     24 
    0     33     56      -      2      0      0      0      0      0  14001   1702      0      0  23552  23553      0    531     21 
    0     34     56      -      2      0      0      0      0      0  14001   1725      0      0  23552  23553      0    407     22 
    0     32     56      -      2      0      0      0      0      0  14001   1725      0      0  23552  23553      0    218     25 
    0     33     56      -      5      0      0      0      0      0  14001   1770      0      0  23552  23553      0    264     22 
    0     32     56      -      2      0      0      0      0      0  14001   1702      0      0  23552  23553      0    242    115 
    0     34     56      -      5      1      0      0      0      0  14001   1747      0      0  23552  23553      0    297     19 
    0     31     56      -      3      0      0      0      0      0  14001   1710      0      0  23552  23553      0    752     36 
    0     33     56      -      6      0      0      0      0      0  14001   1732      0      0  23552  23553      0    297     91 
    0     32     56      -      2      0      0      0      0      0  14001   1695      0      0  23552  23553      0    285     64 
    0     31     56      -      2      0      0      0      0      0  14001   1710      0      0  23552  23553      0    748     22 
    0     33     56      -      5      0      0      0      0      0  14001   1755      0      0  23552  23553      0    285     38 
    0     31     56      -      1      0      0      0      0      0  14001   1710      0      0  23552  23553      0    253     54 
    0     32     56      -     10      1      0      0      0      0  14001   1747      0      0  23552  23553      0   1235     22 
    0     33     56      -      1      0      0      0      0      0  14001   1680      0      0  23552  23553      0    277     23 
    0     31     56      -      1      0      0      0      0      0  14001   1702      0      0  23552  23553      0    297     22 
    0     33     56      -      1      0      0      0      0      0  14001   1747      0      0  23552  23553      0    228     22 
    0     30     56      -      1      0      0      0      0      0  14001   1710      0      0  23552  23553      0    254    144 
    0     31     56      -      2      0      0      0      0      0  14001   1687      0      0  23552  23553      0    299     67 
    0     34     56      -     12      1      0      0      0      0  14001   1777      0      0  23552  23553      0    230    101 
    0     30     56      -      3      0      0      0      0      0  14001   1702      0      0  23552  23553      0    259     23 
    0     32     56      -      4      0      0      0      0      0  14001   1710      0      0  23552  23553      0    297     25 
    0     32     56      -      6      0      0      0      0      0  14001   1717      0      0  23552  23553      0    252     40 
    0     31     56      -      3      0      0      0      0      0  14001   1710      0      0  23552  23553      0    287     22 
    0     31     56      -      4      0      0      0      0      0  14001   1717      0      0  23552  23553      0    259     97 
# gpu    pwr  gtemp  mtemp     sm    mem    enc    dec    jpg    ofa   mclk   pclk  pviol  tviol     fb   bar1   ccpm  rxpci  txpci 
# Idx      W      C      C      %      %      %      %      %      %    MHz    MHz      %   bool     MB     MB     MB   MB/s   MB/s 
    0     33     56      -      2      0      0      0      0      0  14001   1702      0      0  23552  23553      0    707     98 
    0     32     56      -      5      0      0      0      0      0  14001   1717      0      0  23552  23553      0   1489     33 
    0     33     56      -      3      0      0      0      0      0  14001   1725      0      0  23552  23553      0    242     23 
    0     30     56      -      3      0      0      0      0      0  14001   1710      0      0  23552  23553      0   1146     35 
    0     31     56      -      1      0      0      0      0      0  14001   1725      0      0  23552  23553      0    230    153 
    0     33     57      -      9      1      0      0      0      0  14001   1717      0      0  23552  23553      0    263     21 
    0     31     56      -      2      0      0      0      0      0  14001   1702      0      0  23552  23553      0   1886     22 
    0     30     56      -      1      0      0      0      0      0  14001   1702      0      0  23552  23553      0    264     69 
    0     33     56      -      9      1      0      0      0      0  14001   1755      0      0  23552  23553      0    287     63 
    0     31     56      -      3      0      0      0      0      0  14001   1725      0      0  23552  23553      0    324     21 
    0     31     56      -      2      0      0      0      0      0  14001   1702      0      0  23552  23553      0    219     21 
    0     33     56      -      3      0      0      0      0      0  14001   1762      0      0  23552  23553      0    297     20 
    0     30     56      -      2      0      0      0      0      0  14001   1695      0      0  23552  23553      0    299     24 
    0     31     56      -      2      0      0      0      0      0  14001   1717      0      0  23552  23553      0    242     23 
    0     31     56      -      5      0      0      0      0      0  14001   1740      0      0  23552  23553      0    286     34 
    0     32     56      -      2      0      0      0      0      0  14001   1687      0      0  23552  23553      0    784     20 
    0     31     56      -      2      0      0      0      0      0  14001   1717      0      0  23552  23553      0    242     69 
    0     31     56      -      2      0      0      0      0      0  14001   1680      0      0  23552  23553      0    287     23 
    0     33     56      -      1      0      0      0      0      0  14001   1732      0      0  23552  23553      0    252     73 
    0     31     56      -      3      0      0      0      0      0  14001   1717      0      0  23552  23553      0    286     20 
    0     31     56      -      5      0      0      0      0      0  14001   1717      0      0  23552  23553      0    259    259 
    0     32     56      -      1      0      0      0      0      0  14001   1687      0      0  23552  23553      0    242     18 
    0     30     56      -      3      0      0      0      0      0  14001   1687      0      0  23552  23553      0    242     21 
    0     30     56      -      2      0      0      0      0      0  14001   1702      0      0  23552  23553      0    287     22 
    0     31     56      -      8      1      0      0      0      0  14001   1702      0      0  23552  23553      0   3134     31 
    0     32     56      -      1      0      0      0      0      0  14001   1687      0      0  23552  23553      0    232    108 
    0     30     56      -      1      0      0      0      0      0  14001   1695      0      0  23552  23553      0    232     27 
    0     30     56      -      1      0      0      0      0      0  14001   1695      0      0  23552  23553      0    254     24 
    0     32     56      -      8      1      0      0      0      0  14001   1777      0      0  23552  23553      0    287     23 
    0     32     56      -      1      0      0      0      0      0  14001   1695      0      0  23552  23553      0    230     25 
    0     30     56      -      2      0      0      0      0      0  14001   1695      0      0  23552  23553      0    706     22 
    0     31     56      -      5      0      0      0      0      0  14001   1732      0      0  23552  23553      0    263     27 
    0     33     56      -      5      0      0      0      0      0  14001   1740      0      0  23552  23553      0    264     18 
    0     30     56      -      2      0      0      0      0      0  14001   1680      0      0  23552  23553      0    297     22 
    0     31     56      -      2      0      0      0      0      0  14001   1710      0      0  23552  23553      0   1379     19 
    0     31     56      -      2      0      0      0      0      0  14001   1732      0      0  23552  23553      0    254     21 
    0     32     56      -      1      0      0      0      0      0  14001   1680      0      0  23552  23553      0    286     28 
    0     30     56      -      1      0      0      0      0      0  14001   1695      0      0  23552  23553      0    242     36 
    0     30     56      -      1      0      0      0      0      0  14001   1680      0      0  23552  23553      0    242     20 
    0     31     56      -      6      0      0      0      0      0  14001   1740      0      0  23552  23553      0    287    287 
    0     30     56      -      3      0      0      0      0      0  14001   1710      0      0  23552  23553      0    253     26 
    0     31     56      -      3      0      0      0      0      0  14001   1695      0      0  23552  23553      0    242     22 
    0     30     56      -      2      0      0      0      0      0  14001   1695      0      0  23552  23553      0   2669     22 
    0     40     60      -     36     11      0      0      0      0  14001   1935      0      0  23552  23553      0     33      9 
# gpu    pwr  gtemp  mtemp     sm    mem    enc    dec    jpg    ofa   mclk   pclk  pviol  tviol     fb   bar1   ccpm  rxpci  txpci 
# Idx      W      C      C      %      %      %      %      %      %    MHz    MHz      %   bool     MB     MB     MB   MB/s   MB/s 
    0    100     61      -     32     12      0      0      0      0  14001   2452      0      0  23552  23553      0     86     29 
    0     99     62      -     38     14      0      0      0      0  14001   2460      0      0  23552  23553      0     75     31 
    0    104     63      -     46     14      0      0      0      0  14001   2445      0      0  23552  23553      0     62     16 
    0     87     62      -     23      9      0      0      0      0  14001   2340      0      0  23552  23553      0    218     24 
    0     44     59      -      4      0      0      0      0      0  14001   1747      0      0  23552  23553      0    284     25 
    0     37     59      -      3      0      0      0      0      0  14001   1807      0      0  23552  23553      0    275     24 
    0     33     58      -      2      0      0      0      0      0  14001   1770      0      0  23552  23553      0   1266     25 
    0     33     58      -      3      0      0      0      0      0  14001   1747      0      0  23552  23553      0    272     19 
    0     35     58      -      2      0      0      0      0      0  14001   1785      0      0  23552  23553      0    274     35 
    0     35     58      -      7      0      0      0      0      0  14001   1785      0      0  23552  23553      0    273     20 
    0     34     58      -      3      0      0      0      0      0  14001   1762      0      0  23552  23553      0    273     23 
    0     34     58      -      2      0      0      0      0      0  14001   1785      0      0  23552  23553      0    273     19 
    0     33     58      -      5      0      0      0      0      0  14001   1770      0      0  23552  23553      0    284     26 
    0     34     58      -      2      0      0      0      0      0  14001   1755      0      0  23552  23553      0    274     53 
    0     36     58      -      3      0      0      0      0      0  14001   1755      0      0  23552  23553      0    875     36 
    0     35     57      -      3      0      0      0      0      0  14001   1762      0      0  23552  23553      0    274     25 
    0     36     58      -      5      0      0      0      0      0  14001   1762      0      0  23552  23553      0    279     34 
    0     34     57      -      1      0      0      0      0      0  14001   1732      0      0  23552  23553      0    218     52 
    0     33     57      -      4      0      0      0      0      0  14001   1747      0      0  23552  23553      0   2844     24 
    0     34     57      -      3      0      0      0      0      0  14001   1755      0      0  23552  23553      0    219    191 
    0     34     57      -      7      0      0      0      0      0  14001   1777      0      0  23552  23553      0    218     19 
    0     32     57      -      2      0      0      0      0      0  14001   1747      0      0  23552  23553      0    558     24 
    0     33     57      -      4      0      0      0      0      0  14001   1770      0      0  23552  23553      0    273    134 
    0     33     57      -      2      0      0      0      0      0  14001   1747      0      0  23552  23553      0    938     19 
    0     33     57      -      2      0      0      0      0      0  14001   1755      0      0  23552  23553      0    273     20 
    0     34     57      -      2      0      0      0      0      0  14001   1740      0      0  23552  23553      0    283     53 
    0     32     57      -      4      0      0      0      0      0  14001   1747      0      0  23552  23553      0   1750     42 
    0     34     57      -      2      0      0      0      0      0  14001   1747      0      0  23552  23553      0    603     25 
    0     34     57      -      3      0      0      0      0      0  14001   1830      0      0  23552  23553      0    273     24 
    0     33     57      -      4      0      0      0      0      0  14001   1785      0      0  23552  23553      0    282    203 
    0     34     57      -      3      0      0      0      0      0  14001   1747      0      0  23552  23553      0   1699     22 
    0     34     57      -      6      0      0      0      0      0  14001   1785      0      0  23552  23553      0    259     25 
    0     33     57      -      3      0      0      0      0      0  14001   1755      0      0  23552  23553      0    307     22 
    0     35     57      -     11      1      0      0      0      0  14001   1837      0      0  23552  23553      0    281     26 
    0     33     57      -      4      0      0      0      0      0  14001   1762      0      0  23552  23553      0    275     24 
    0     34     57      -      2      0      0      0      0      0  14001   1747      0      0  23552  23553      0   2515     36 
    0     35     57      -      1      0      0      0      0      0  14001   1807      0      0  23552  23553      0    272     24 
    0     33     57      -      2      0      0      0      0      0  14001   1747      0      0  23552  23553      0    218     37 
    0     36     59      -     10      1      0      0      0      0  14001   1777      0      0  23552  23553      0    273     24 
    0     36     57      -      4      0      0      0      0      0  14001   1785      0      0  23552  23553      0    273     39 
    0     34     57      -      2      0      0      0      0      0  14001   1747      0      0  23552  23553      0    388     74 
    0     34     57      -      4      0      0      0      0      0  14001   1747      0      0  23552  23553      0    276     32 
    0     34     56      -      2      0      0      0      0      0  14001   1762      0      0  23552  23553      0    927     24 
    0     33     57      -      5      0      0      0      0      0  14001   1762      0      0  23552  23553      0    273     32 
# gpu    pwr  gtemp  mtemp     sm    mem    enc    dec    jpg    ofa   mclk   pclk  pviol  tviol     fb   bar1   ccpm  rxpci  txpci 
# Idx      W      C      C      %      %      %      %      %      %    MHz    MHz      %   bool     MB     MB     MB   MB/s   MB/s 
    0     34     57      -      4      0      0      0      0      0  14001   1747      0      0  23552  23553      0    237     24 
    0     34     56      -      2      0      0      0      0      0  14001   1710      0      0  23552  23553      0    272     28 
    0     34     56      -      3      0      0      0      0      0  14001   1762      0      0  23552  23553      0   1020     24 
    0     34     57      -      4      0      0      0      0      0  14001   1755      0      0  23552  23553      0    274     24 
    0     35     57      -      5      0      0      0      0      0  14001   1770      0      0  23552  23553      0    283     24 
    0     35     57      -      4      0      0      0      0      0  14001   1747      0      0  23552  23553      0    275     82 
    0     35     57      -      4      0      0      0      0      0  14001   1755      0      0  23552  23553      0   1075     25 
    0     34     56      -      2      0      0      0      0      0  14001   1777      0      0  23552  23553      0    273     51 
    0     33     56      -      5      0      0      0      0      0  14001   1747      0      0  23552  23553      0   1481     32 
    0     35     57      -      7      0      0      0      0      0  14001   1770      0      0  23552  23553      0    230     22 
    0     35     57      -      3      0      0      0      0      0  14001   1747      0      0  23552  23553      0    220     47 
    0     35     57      -      4      0      0      0      0      0  14001   1740      0      0  23552  23553      0    218     25 
    0     34     57      -      3      0      0      0      0      0  14001   1732      0      0  23552  23553      0    362     27 
    0     33     56      -      3      0      0      0      0      0  14001   1747      0      0  23552  23553      0    331     24 
    0     34     57      -      3      0      0      0      0      0  14001   1740      0      0  23552  23553      0    253     18 
    0     35     56      -      3      0      0      0      0      0  14001   1717      0      0  23552  23553      0   2577    138 
    0     34     57      -      7      0      0      0      0      0  14001   1755      0      0  23552  23553      0    397     45 
    0     36     57      -      4      0      0      0      0      0  14001   1770      0      0  23552  23553      0    252     32 
    0     36     57      -      7      0      0      0      0      0  14001   1717      0      0  23552  23553      0    250     20 
    0     33     56      -      3      0      0      0      0      0  14001   1717      0      0  23552  23553      0    253    102 
    0     34     57      -      8      1      0      0      0      0  14001   1725      0      0  23552  23553      0    242     25 
    0     35     57      -      7      1      0      0      0      0  14001   1747      0      0  23552  23553      0    288     36 
    0     34     57      -      8      1      0      0      0      0  14001   1710      0      0  23552  23553      0    285     25 
    0     34     57      -      2      0      0      0      0      0  14001   1747      0      0  23552  23553      0    287     35 
    0     33     57      -      4      0      0      0      0      0  14001   1725      0      0  23552  23553      0    252     22 
    0     34     57      -      5      0      0      0      0      0  14001   1740      0      0  23552  23553      0    287     36 
    0     35     57      -      4      0      0      0      0      0  14001   1755      0      0  23552  23553      0    230     26 
    0     32     57      -      2      0      0      0      0      0  14001   1717      0      0  23552  23553      0    319     36 
    0     34     57      -      2      0      0      0      0      0  14001   1762      0      0  23552  23553      0    232     98 
    0     33     57      -      4      0      0      0      0      0  14001   1710      0      0  23552  23553      0    253     69 
    0     34     57      -      4      0      0      0      0      0  14001   1702      0      0  23552  23553      0    218     50 
    0     33     57      -      4      0      0      0      0      0  14001   1732      0      0  23552  23553      0    708     24 
    0     33     57      -      4      0      0      0      0      0  14001   1710      0      0  23552  23553      0    274     22 
    0     34     57      -      8      1      0      0      0      0  14001   1747      0      0  23552  23553      0    580     26 
    0     32     57      -      3      0      0      0      0      0  14001   1710      0      0  23552  23553      0    230     25 
    0     34     57      -      2      0      0      0      0      0  14001   1762      0      0  23552  23553      0    264     21 
    0     32     57      -      4      0      0      0      0      0  14001   1710      0      0  23552  23553      0    297     23 
    0     34     57      -      3      0      0      0      0      0  14001   1732      0      0  23552  23553      0   2020     25 
    0     34     57      -      2      0      0      0      0      0  14001   1725      0      0  23552  23553      0    308     17 
    0     33     58      -     14      1      0      0      0      0  14001   1695      0      0  23552  23553      0    230     20 
    0     34     56      -      3      0      0      0      0      0  14001   1710      0      0  23552  23553      0    263     57 
    0     34     57      -      4      0      0      0      0      0  14001   1740      0      0  23552  23553      0    265     13 
    0     32     56      -      5      0      0      0      0      0  14001   1702      0      0  23552  23553      0    294     22 
    0     32     56      -      3      0      0      0      0      0  14001   1717      0      0  23552  23553      0    287     93 
# gpu    pwr  gtemp  mtemp     sm    mem    enc    dec    jpg    ofa   mclk   pclk  pviol  tviol     fb   bar1   ccpm  rxpci  txpci 
# Idx      W      C      C      %      %      %      %      %      %    MHz    MHz      %   bool     MB     MB     MB   MB/s   MB/s 
    0     33     56      -      1      0      0      0      0      0  14001   1710      0      0  23552  23553      0    287    114 
    0     32     57      -      3      0      0      0      0      0  14001   1732      0      0  23552  23553      0    285     20 
    0     33     56      -      2      0      0      0      0      0  14001   1672      0      0  23552  23553      0    253     36 
    0     32     56      -      2      0      0      0      0      0  14001   1717      0      0  23552  23553      0    709     23 
    0     32     56      -      2      0      0      0      0      0  14001   1702      0      0  23552  23553      0    619     37 
    0     32     56      -      3      0      0      0      0      0  14001   1710      0      0  23552  23553      0   3114     19 
    0     33     57      -      5      0      0      0      0      0  14001   1725      0      0  23552  23553      0    242     23 
    0     31     56      -      2      0      0      0      0      0  14001   1717      0      0  23552  23553      0    308    136 
    0     31     56      -      2      0      0      0      0      0  14001   1702      0      0  23552  23553      0    231    111 
    0     33     57      -      9      1      0      0      0      0  14001   1747      0      0  23552  23553      0    224     41 
    0     31     56      -      1      0      0      0      0      0  14001   1702      0      0  23552  23553      0    288     20 
    0     32     56      -      2      0      0      0      0      0  14001   1732      0      0  23552  23553      0    285     19 
    0     33     56      -      1      0      0      0      0      0  14001   1687      0      0  23552  23553      0    242     69 
    0     31     56      -      2      0      0      0      0      0  14001   1732      0      0  23552  23553      0    239     27 
    0     34     56      -      1      0      0      0      0      0  14001   1732      0      0  23552  23553      0    263     23 
    0     31     56      -      3      0      0      0      0      0  14001   1710      0      0  23552  23553      0    305    243 
    0     32     57      -      4      0      0      0      0      0  14001   1725      0      0  23552  23553      0    264     22 
    0     32     56      -      1      0      0      0      0      0  14001   1732      0      0  23552  23553      0    305     26 
    0     30     56      -      2      0      0      0      0      0  14001   1710      0      0  23552  23553      0   1280     61 
    0     31     56      -      2      0      0      0      0      0  14001   1710      0      0  23552  23553      0    582     92 
    0     33     56      -      1      0      0      0      0      0  14001   1695      0      0  23552  23553      0   1235     22 
    0     32     56      -      3      0      0      0      0      0  14001   1725      0      0  23552  23553      0    253     59 
    0     31     56      -      3      0      0      0      0      0  14001   1695      0      0  23552  23553      0    252     21 
    0     32     56      -      2      0      0      0      0      0  14001   1672      0      0  23552  23553      0    274     24 
    0     31     56      -      2      0      0      0      0      0  14001   1717      0      0  23552  23553      0    828     25 
    0     33     57      -     11      1      0      0      0      0  14001   1732      0      0  23552  23553      0    234     34 
    0     31     56      -      1      0      0      0      0      0  14001   1702      0      0  23552  23553      0    219     22 
    0     31     56      -      2      0      0      0      0      0  14001   1702      0      0  23552  23553      0    231     25 
    0     32     57      -      6      0      0      0      0      0  14001   1747      0      0  23552  23553      0    242     18 
    0     31     56      -      1      0      0      0      0      0  14001   1680      0      0  23552  23553      0    713     21 
    0     31     56      -      3      0      0      0      0      0  14001   1710      0      0  23552  23553      0    285     69 
    0     32     56      -      3      0      0      0      0      0  14001   1762      0      0  23552  23553      0    285     22 
    0     32     56      -      2      0      0      0      0      0  14001   1695      0      0  23552  23553      0    727     25 
    0     30     56      -      2      0      0      0      0      0  14001   1695      0      0  23552  23553      0    242     24 
    0     31     56      -      3      0      0      0      0      0  14001   1695      0      0  23552  23553      0    232     26 
    0     32     56      -      2      0      0      0      0      0  14001   1695      0      0  23552  23553      0    253     64 
    0     31     56      -      2      0      0      0      0      0  14001   1717      0      0  23552  23553      0    858     39 
    0     31     56      -      2      0      0      0      0      0  14001   1695      0      0  23552  23553      0   1311     21 
    0     33     56      -      1      0      0      0      0      0  14001   1740      0      0  23552  23553      0    287     62 
    0     31     56      -      4      0      0      0      0      0  14001   1710      0      0  23552  23553      0    219     66 
    0     31     56      -      2      0      0      0      0      0  14001   1687      0      0  23552  23553      0    286    221 
    0     32     57      -      4      0      0      0      0      0  14001   1710      0      0  23552  23553      0    285     21 
    0     31     56      -      2      0      0      0      0      0  14001   1695      0      0  23552  23553      0    297     21 
    0     31     56      -      2      0      0      0      0      0  14001   1725      0      0  23552  23553      0    243     24 
# gpu    pwr  gtemp  mtemp     sm    mem    enc    dec    jpg    ofa   mclk   pclk  pviol  tviol     fb   bar1   ccpm  rxpci  txpci 
# Idx      W      C      C      %      %      %      %      %      %    MHz    MHz      %   bool     MB     MB     MB   MB/s   MB/s 
    0     31     56      -      4      0      0      0      0      0  14001   1710      0      0  23552  23553      0    253     24 
    0     33     56      -     10      1      0      0      0      0  14001   1747      0      0  23552  23553      0    297     22 
    0     30     56      -      4      0      0      0      0      0  14001   1687      0      0  23552  23553      0    783     25 
    0     31     56      -      2      0      0      0      0      0  14001   1695      0      0  23552  23553      0    773     24 
    0     34     57      -      7      1      0      0      0      0  14001   1792      0      0  23552  23553      0    242     26 
    0     31     56      -      1      0      0      0      0      0  14001   1687      0      0  23552  23553      0    232     22 
    0     30     56      -      2      0      0      0      0      0  14001   1702      0      0  23552  23553      0    451    211 
    0     30     56      -      3      0      0      0      0      0  14001   1680      0      0  23552  23553      0    242     49 
    0     32     57      -      6      0      0      0      0      0  14001   1740      0      0  23552  23553      0    264     20 
    0     32     56      -      2      0      0      0      0      0  14001   1687      0      0  23552  23553      0    696     20 
    0     30     56      -      2      0      0      0      0      0  14001   1695      0      0  23552  23553      0    286     20 
    0     31     56      -      4      0      0      0      0      0  14001   1680      0      0  23552  23553      0    230     25 
    0     33     56      -      3      0      0      0      0      0  14001   1732      0      0  23552  23553      0    221     22 
    0     30     56      -      3      0      0      0      0      0  14001   1687      0      0  23552  23553      0    253     24 
    0     31     56      -      6      1      0      0      0      0  14001   1680      0      0  23552  23553      0    750     21 
    0     31     56      -      2      0      0      0      0      0  14001   1732      0      0  23552  23553      0   1944     25 
    0     31     56      -      1      0      0      0      0      0  14001   1687      0      0  23552  23553      0    297     26 
    0     31     56      -      3      0      0      0      0      0  14001   1702      0      0  23552  23553      0    524     31 
    0     30     56      -      2      0      0      0      0      0  14001   1687      0      0  23552  23553      0    261     24 
    0     33     57      -      5      0      0      0      0      0  14001   1762      0      0  23552  23553      0     63     31 
    0     81     61      -     32     10      0      0      0      0  14001   2302      0      0  23552  23553      0     88     22 
    0    101     63      -     38      9      0      0      0      0  14001   2310      0      0  23552  23553      0     46     22 
    0     96     63      -     36     10      0      0      0      0  14001   2340      0      0  23552  23553      0     69     48 
    0     67     59      -      0      0      0      0      0      0  14001   1635      0      0  23552  23553      0      0      0 
    0     28     58      -      0      0      0      0      0      0  14001   1590      0      0    312    313      0      1     12 
    0     31     58      -      0      0      0      0      0      0  14001   1590      0      0    312    313      0      0      0 
    0     28     58      -      0      0      0      0      0      0   9001   1597      0      0    312    313      0      0     11 
    0     23     57      -      0      0      0      0      0      0   9001    180      0      0    312    313      0      0      0 
    0     17     57      -      0      0      0      0      0      0   9001    180      0      0    312    313      0      0      0 
    0     17     56      -      0      0      0      0      0      0   9001    172      0      0    312    313      0      0      0 
