loaded bw24-repack (81 layers, nextn=1)
text prompt (145 chars, chat-templated) -> 42 tokens
prompt tokens: [120000, 120044, 70830, 277, 9002, 647, 497, 25, 5130, 25152, 1326, 120006, 6331, 244, 7164, 958, 369, 12331, 244, 78357, 46997, 1703, 413, 8528, 11, 10243, 11, 289, 13561, 6590, 13, 44626, 4055, 1932, 42970, 289, 8913, 35510, 13, 120007, 120029, 120030]
[moe-cache] warming 16 discarded speculative tokens at K=3 before fixed residency
[moe-cache] size-aware fixed slots: 5482 slots in 5 classes, 14.91 GB / 14.91 GB budget
[spill-pread] enabled: depth=16 buffer_bytes=6684672 total_pinned_bytes=106954752 (bounded O_DIRECT worker prefetch, caller-thread compute-stream H2D, mmap error fallback)
[spec] host-row embedding: 525860864 bytes kept off HBM
[bw24] experimental CPU expert backend: /tmp/libbw24-cpu-experts-headroom-final.so (threads=4)
[bw24-cpu] RAM headroom cap: requested=8.00 GiB available=37.13 GiB reserve=16.00 GiB effective=8.00 GiB
[bw24-cpu] normal-RAM expert cache: 8.00 GiB policy=lru io=direct
[bw24-cpu] mirrored direct I/O: 237 inode mappings
[spec-stats] rounds=5 full_accept=2 len_hist=[0, 0, 1, 4] per_slot=[5/5=1.000 5/5=1.000 1/4=0.250] total=11/14=0.786 tok_per_round=3.200
[spec-phase] draft=691.6ms (2.5%) verify-issue=27037.3ms (97.5%) verify-wait=3.7ms (0.0%) commit-host=1.0ms (0.0%) rounds=5
[moe-cache] residency frozen: 5482 slots, 5482 resident blocks; 1742 complete experts, 68 one-projection fragments, 94 two-projection fragments (256 stranded blocks)
[moe-cache] frozen MTP residency: 84 blocks, 28 complete experts

[generate]   7 tok in 4.286s = 1.63 tok/s (gen-only; this run's prime 42.688s)
  tokens: [40129, 316, 244, 4871, 11, 1622, 81425, 5278]
[spec] host-row embedding: 525860864 bytes kept off HBM
[spec-stats] rounds=4 full_accept=4 len_hist=[0, 4] per_slot=[4/4=1.000] total=4/4=1.000 tok_per_round=2.000
[spec-phase] draft=19.3ms (0.6%) verify-issue=3197.3ms (99.3%) verify-wait=2.5ms (0.1%) commit-host=0.3ms (0.0%) rounds=4

[generate_spec K=1] 8 tok in 3.999s = 1.75 tok/s (1.07x vs generate; this run's prime 43.113s)
  acceptance: 4/4 = 100.0%   self-consistency: PASS (identical to generate)

=== SELF-CONSISTENCY PASS ===
[spill-pread] reads=49724 bytes=134719488000 errors=0 short_reads=0 fallbacks=0 buffer_waits=28099 ring_full=2957
[bw24-cpu-profile] calls=9197 prepare=0.898412s io=38.480594s insert=0.109206s compute=67.980334s read_projections=68897 read_GB=180.616
	Command being timed: "timeout --signal=TERM --kill-after=15s 12m env BW24_MOE_MIXED_Q8=0 BW24_NGEN=8 BW24_SPEC_K=1 BW24_SPEC_HOST_EMBD=1 BW24_SPEC_STATS=1 BW24_SPEC_PHASE=1 BW24_SPEC_PMIN=0.2 BW24_SPEC_PMIN0=1 BW24_CHAT=1 BW24_PROMPT=Write a Python function that implements a doubly-linked list with insert, delete, and reverse operations. Include full type hints and docstrings. BW24_MOE_CACHE=1 BW24_MOE_SIZE_AWARE=1 BW24_MOE_LFU=1 BW24_MOE_LFU_DECAY=1.0 BW24_MOE_VRAM_FRAC=0.97 BW24_MOE_HARD_VRAM_FRAC=0.97 BW24_SPILL_IO=direct BW24_SPILL_PREAD_DEPTH=16 BW24_SPILL_WORKER_EXPERT_WINDOW=5 BW24_CPU_EXPERT_LIB=/tmp/libbw24-cpu-experts-headroom-final.so BW24_CPU_EXPERT_THREADS=4 BW24_CPU_EXPERT_IO_THREADS=2 BW24_CPU_EXPERT_CACHE_GB=8 BW24_CPU_EXPERT_RESERVE_GB=16 BW24_CPU_EXPERT_CACHE_POLICY=lru BW24_CPU_EXPERT_IO=direct BW24_CPU_EXPERT_MIRROR_MAP=/home/avifenesh/.local/share/bw24-models/hy3-layer103p5-root-mirror/inode-alternates.tsv BW24_CPU_EXPERT_FREEZE_CACHE=1 BW24_CPU_EXPERT_FREEZE_WARMUP_TOKENS=16 BW24_CPU_EXPERT_FREEZE_WARMUP_SPEC_K=3 BW24_CPU_EXPERT_FREEZE_PROFILE_ADMIT=1 OMP_WAIT_POLICY=PASSIVE GOMP_SPINCOUNT=0 GOMP_CPU_AFFINITY=0-3 target/release/run-spec /home/avifenesh/.local/share/bw24-models/hy3-layer103p5-dual-nvme"
	User time (seconds): 200.65
	System time (seconds): 38.81
	Percent of CPU this job got: 49%
	Elapsed (wall clock) time (h:mm:ss or m:ss): 8:01.32
	Average shared text size (kbytes): 0
	Average unshared data size (kbytes): 0
	Average stack size (kbytes): 0
	Average total size (kbytes): 0
	Maximum resident set size (kbytes): 38689584
	Average resident set size (kbytes): 0
	Major (requiring I/O) page faults: 11284
	Minor (reclaiming a frame) page faults: 12703559
	Voluntary context switches: 566844
	Involuntary context switches: 9786
	Swaps: 0
	File system inputs: 630483096
	File system outputs: 0
	Socket messages sent: 0
	Socket messages received: 0
	Signals delivered: 0
	Page size (bytes): 4096
	Exit status: 0
