[runner] thermal_regime=clean-swap, default system power policy, no intentional cooldown
[runner] cpu_regime=unlimited systemd scope, 8 P-core CPU expert team
[runner] memory_regime=requested 36-GiB CPU cache with 6-GiB MemAvailable reserve
[runner] cgroup_memory_regime=unlimited sibling systemd scope
[runner] measurement_N=1 generation_tokens=64
[runner] mode=pack
[runner] preflight_free_vram_mib=23672
[runner] preflight_load_one=1.66
[runner] git_head=650d45c496ecb2d5cae009e1b3e03d347e2db8ea
ebecf5b8dcd1b6598c480e554199c08c361832ac23611821d517115ff8dfe093  /tmp/bw24-run-spec
8bf23e565f64baec94f9b40f1848d179e17e42b87784db1c1d3def5ea89fa031  /tmp/libbw24-cpu-experts-headroom-final.so
 18:20:11 up 16 days,  3:31,  2 users,  load average: 1.66, 2.00, 2.78
               total        used        free      shared  buff/cache   available
Mem:            60Gi        25Gi        11Gi        12Gi        36Gi        35Gi
Swap:          8.0Gi          0B       8.0Gi
NAME      TYPE SIZE USED PRIO
/swap.img file   8G   0B   -1
MemAvailable:   36743760 kB
SwapFree:        8388604 kB
Dirty:              5556 kB
Writeback:             0 kB
procs -----------memory---------- ---swap-- -----io---- -system-- -------cpu-------
 r  b   swpd   free   buff  cache   si   so    bi    bo   in   cs us sy id wa st gu
 1  0      0 12497676 1115132 37257064  525  581 62989  3799 23529   16 13  5 82  0  0  0
 0  0      0 12491348 1115132 37244248    0    0     0   580 15771 27841  4  3 93  0  0  0
 3  0      0 12472116 1115148 37246860    0    0     0   272 9410 16803  3  1 96  0  0  0
2026/07/20 18:20:13.224, NVIDIA GeForce RTX 5090 Laptop GPU, 52, 9.05 W, 0 %, 312 MiB, 23672 MiB
[runner-scope] pid=2431740
0::/user.slice/user-1000.slice/user@1000.service/app.slice/bw24-headroom6-pack-2431659.scope
[runner-scope] cpu.max=max 100000
[runner-scope] cpu.weight=100
[runner-scope] memory.high=max
[runner-scope] memory.max=max
loaded bw24-repack (81 layers, nextn=1)
text prompt (145 chars, chat-templated) -> 42 tokens
prompt tokens: [120000, 120044, 70830, 277, 9002, 647, 497, 25, 5130, 25152, 1326, 120006, 6331, 244, 7164, 958, 369, 12331, 244, 78357, 46997, 1703, 413, 8528, 11, 10243, 11, 289, 13561, 6590, 13, 44626, 4055, 1932, 42970, 289, 8913, 35510, 13, 120007, 120029, 120030]
[moe-cache] warming 128 discarded speculative tokens at K=3 before fixed residency
[moe-cache] size-aware fixed slots: 5312 slots in 5 classes, 14.45 GB / 14.45 GB budget
[spill-pread] enabled: depth=32 buffer_bytes=6684672 total_pinned_bytes=213909504 (bounded O_DIRECT worker prefetch, caller-thread compute-stream H2D, mmap error fallback)
[spec] host-row embedding: 525860864 bytes kept off HBM
[bw24] experimental CPU expert backend: /tmp/libbw24-cpu-experts-headroom-final.so (threads=8)
[bw24-cpu] RAM headroom cap: requested=36.00 GiB available=37.45 GiB reserve=6.00 GiB effective=31.45 GiB
[bw24-cpu] normal-RAM expert cache: 31.45 GiB policy=lru io=direct
[bw24-cpu] mirrored direct I/O: 237 inode mappings
[runner] exit_status=143
 18:24:57 up 16 days,  3:36,  2 users,  load average: 4.68, 3.05, 2.98
               total        used        free      shared  buff/cache   available
Mem:            60Gi        18Gi        38Gi       6.3Gi        10Gi        42Gi
Swap:          8.0Gi       7.9Gi       100Mi
NAME      TYPE SIZE USED PRIO
/swap.img file   8G 7.9G   -1
MemAvailable:   44794964 kB
SwapFree:         103240 kB
Dirty:              9356 kB
Writeback:            60 kB
procs -----------memory---------- ---swap-- -----io---- -system-- -------cpu-------
 r  b   swpd   free   buff  cache   si   so    bi    bo   in   cs us sy id wa st gu
 4  0 8285364 40940664 185612 11000108  525  587 63296  3805 23531   16 13  5 82  0  0  0
 2  0 8285360 40918516 185632 11023324    4    0  1016   452 21024 37323  5  3 92  0  0  0
 0  0 8285360 40872920 185632 11088656    0    0   348    64 15907 29985  3  2 94  0  0  0
2026/07/20 18:24:59.638, NVIDIA GeForce RTX 5090 Laptop GPU, 60, 31.48 W, 0 %, 312 MiB, 23672 MiB
