[runner] thermal_regime=clean-swap, default system power policy, no intentional cooldown
[runner] cpu_regime=unlimited max-weight systemd scope, 8 P-core CPU expert team
[runner] io_regime=mirrored direct I/O across both NVMe devices; IOWeight=10000 requested
[runner] memory_regime=requested 36-GiB CPU cache with 6-GiB MemAvailable reserve
[runner] cgroup_memory_regime=unlimited sibling systemd scope
[runner] measurement_N=1 generation_tokens=64
[runner] mode=control
[runner] fused_stages=1
[runner] mixed_q8=0
[runner] cache_policy=least-stale
[runner] preflight_free_vram_mib=23672
[runner] preflight_load_one=1.92
[runner] git_head=650d45c496ecb2d5cae009e1b3e03d347e2db8ea
733fcd0eae3a0c686fb0002b9359fc2f8e1dc1630537e778269ad9270550fdb1  /tmp/bw24-run-spec-sota-candidates
ba7cdb64b723308a92e99f728ff5aba32089b65a9777af3ed3ed634a08c82a4a  /tmp/libbw24-cpu-experts-sota-candidates.so
 19:40:51 up 16 days,  4:52,  2 users,  load average: 1.92, 2.80, 3.32
               total        used        free      shared  buff/cache   available
Mem:            60Gi        26Gi        31Gi        14Gi        17Gi        34Gi
Swap:          8.0Gi          0B       8.0Gi
NAME      TYPE SIZE USED PRIO
/swap.img file   8G   0B   -1
MemAvailable:   35848048 kB
SwapFree:        8388604 kB
Dirty:              6952 kB
Writeback:             0 kB
procs -----------memory---------- ---swap-- -----io---- -system-- -------cpu-------
 r  b   swpd   free   buff  cache   si   so    bi    bo   in   cs us sy id wa st gu
 0  0      0 33151088 177040 18371844  547  604 66501  3818 23546   16 13  5 82  0  0  0
 0  0      0 33133436 177048 18372040    0    0     0   148 2580 6273  1  0 99  0  0  0
 4  0      0 33095504 177072 18372184    0    0   196   256 8542 21193  2  2 96  0  0  0
2026/07/20 19:40:53.294, NVIDIA GeForce RTX 5090 Laptop GPU, 51, 8.82 W, 0 %, 312 MiB, 23672 MiB
[runner-scope] pid=2744067
0::/user.slice/user-1000.slice/user@1000.service/app.slice/bw24-headroom6-control-2743783.scope
[runner-scope] cpu.max=max 100000
[runner-scope] cpu.weight=10000
[runner-scope] io.weight=unavailable
[runner-scope] memory.high=max
[runner-scope] memory.max=max
loaded bw24-repack (81 layers, nextn=1)
text prompt (145 chars, chat-templated) -> 42 tokens
prompt tokens: [120000, 120044, 70830, 277, 9002, 647, 497, 25, 5130, 25152, 1326, 120006, 6331, 244, 7164, 958, 369, 12331, 244, 78357, 46997, 1703, 413, 8528, 11, 10243, 11, 289, 13561, 6590, 13, 44626, 4055, 1932, 42970, 289, 8913, 35510, 13, 120007, 120029, 120030]
[moe-cache] warming 128 discarded speculative tokens at K=3 before fixed residency
[moe-cache] size-aware fixed slots: 5470 slots in 5 classes, 14.88 GB / 14.88 GB budget
[spill-pread] enabled: depth=32 buffer_bytes=6684672 total_pinned_bytes=213909504 (bounded O_DIRECT worker prefetch, caller-thread compute-stream H2D, mmap error fallback)
[spec] host-row embedding: 525860864 bytes kept off HBM
[bw24] experimental CPU expert backend: /tmp/libbw24-cpu-experts-sota-candidates.so (threads=8)
[bw24-cpu] RAM headroom cap: requested=36.00 GiB available=36.13 GiB reserve=6.00 GiB effective=30.13 GiB
[bw24-cpu] normal-RAM expert cache: 30.13 GiB policy=least-stale io=direct
[bw24-cpu] fused gate/up/SwiGLU and down/reduce stages enabled
[bw24-cpu] mirrored direct I/O: 237 inode mappings
[spec-stats] rounds=56 full_accept=28 len_hist=[2, 14, 20, 20] per_slot=[43/54=0.796 22/40=0.550 8/20=0.400] total=73/114=0.640 tok_per_round=2.304
[spec-phase] draft=1508.1ms (1.1%) verify-issue=137915.1ms (98.9%) verify-wait=42.7ms (0.0%) commit-host=10.6ms (0.0%) rounds=56
[moe-cache] residency frozen: 5470 slots, 5470 resident blocks; 1802 complete experts, 20 one-projection fragments, 22 two-projection fragments (64 stranded blocks)
[moe-cache] frozen MTP residency: 63 blocks, 21 complete experts

[generate]   63 tok in 9.014s = 6.99 tok/s (gen-only; this run's prime 7.117s)
  tokens: [40129, 316, 244, 4871, 11, 1622, 81425, 5278, 279, 244, 1970, 101435, 59909, 46997, 1703, 503, 280, 7164, 13, 4468, 2171, 5658, 25, 286, 12, 15993, 1970, 4906, 42970, 503, 341, 5177, 47, 206, 35976, 1320, 607, 12474, 277, 52471, 12, 20424, 1970, 24621, 35510, 3236, 12, 607, 13130, 3175, 607, 19392, 3175, 289, 607, 55266, 63, 6590, 185, 12, 355, 4132, 607, 5661]
[spec] host-row embedding: 525860864 bytes kept off HBM
[spec-stats] rounds=37 full_accept=30 len_hist=[4, 33] per_slot=[26/33=0.788] total=26/33=0.788 tok_per_round=1.703
[spec-phase] draft=106.2ms (1.2%) verify-issue=8636.8ms (98.4%) verify-wait=25.6ms (0.3%) commit-host=5.1ms (0.1%) rounds=37

[generate_spec K=1] 64 tok in 8.955s = 7.04 tok/s (1.01x vs generate; this run's prime 6.827s)
  acceptance: 26/33 = 78.8%   self-consistency: PASS (identical to generate)

=== SELF-CONSISTENCY PASS ===
[spill-pread] reads=184042 bytes=484083007488 errors=0 short_reads=0 fallbacks=0 buffer_waits=159253 ring_full=898
[bw24-cpu-profile] calls=30428 prepare=1.319613s io=25.047837s insert=0.378807s compute=26.242208s read_projections=90092 read_GB=236.749
[bw24-cpu-cache] hits=265477 misses=90092 hit_rate=74.66% read_GB=236.749 resident_GB=32.354
[bw24-cpu-least-stale] cycle_transitions=242 stale_evictions=77826 current_evictions=0
	Command being timed: "env BW24_CPU_EXPERT_FUSED_STAGES=1 BW24_MOE_MIXED_Q8=0 BW24_NGEN=64 BW24_SPEC_K=1 BW24_SPEC_HOST_EMBD=1 BW24_SPEC_STATS=1 BW24_SPEC_PHASE=1 BW24_SPEC_PMIN=0.2 BW24_SPEC_PMIN0=1 BW24_CHAT=1 BW24_PROMPT=Write a Python function that implements a doubly-linked list with insert, delete, and reverse operations. Include full type hints and docstrings. BW24_MOE_CACHE=1 BW24_MOE_SIZE_AWARE=1 BW24_MOE_LFU=1 BW24_MOE_LFU_DECAY=1.0 BW24_MOE_VRAM_FRAC=0.97 BW24_MOE_HARD_VRAM_FRAC=0.97 BW24_SPILL_IO=direct BW24_SPILL_PREAD_DEPTH=32 BW24_SPILL_WORKER_EXPERT_WINDOW=8 BW24_CPU_EXPERT_LIB=/tmp/libbw24-cpu-experts-sota-candidates.so BW24_CPU_EXPERT_THREADS=8 BW24_CPU_EXPERT_IO_THREADS=8 BW24_CPU_EXPERT_CACHE_GB=36 BW24_CPU_EXPERT_RESERVE_GB=6 BW24_CPU_EXPERT_CACHE_POLICY=least-stale BW24_CPU_EXPERT_IO=direct BW24_CPU_EXPERT_MIRROR_MAP=/home/avifenesh/.local/share/bw24-models/hy3-layer103p5-root-mirror/inode-alternates.tsv BW24_CPU_EXPERT_FREEZE_CACHE=1 BW24_CPU_EXPERT_FREEZE_WARMUP_TOKENS=128 BW24_CPU_EXPERT_FREEZE_WARMUP_SPEC_K=3 BW24_CPU_EXPERT_FREEZE_PROFILE_ADMIT=1 GOMP_CPU_AFFINITY=0-7 /tmp/bw24-run-spec-sota-candidates /home/avifenesh/.local/share/bw24-models/hy3-layer103p5-dual-nvme"
	User time (seconds): 328.93
	System time (seconds): 86.03
	Percent of CPU this job got: 117%
	Elapsed (wall clock) time (h:mm:ss or m:ss): 5:54.62
	Average shared text size (kbytes): 0
	Average unshared data size (kbytes): 0
	Average stack size (kbytes): 0
	Average total size (kbytes): 0
	Maximum resident set size (kbytes): 41380780
	Average resident set size (kbytes): 0
	Major (requiring I/O) page faults: 2588
	Minor (reclaiming a frame) page faults: 18826355
	Voluntary context switches: 2251210
	Involuntary context switches: 4028
	Swaps: 0
	File system inputs: 1457333344
	File system outputs: 0
	Socket messages sent: 0
	Socket messages received: 0
	Signals delivered: 0
	Page size (bytes): 4096
	Exit status: 0
[runner] exit_status=0
 19:46:47 up 16 days,  4:58,  2 users,  load average: 5.31, 4.14, 3.74
               total        used        free      shared  buff/cache   available
Mem:            60Gi        20Gi        38Gi       9.9Gi        12Gi        40Gi
Swap:          8.0Gi       8.0Gi       2.2Mi
NAME      TYPE SIZE USED PRIO
/swap.img file   8G   8G   -1
MemAvailable:   42445464 kB
SwapFree:           2208 kB
Dirty:             23412 kB
Writeback:             0 kB
procs -----------memory---------- ---swap-- -----io---- -system-- -------cpu-------
 r  b   swpd   free   buff  cache   si   so    bi    bo   in   cs us sy id wa st gu
 0  0 8386396 40077880  38192 13444308  547  610 67008  3823 23549   16 13  5 82  0  0  0
 0  0 8386392 40064908  38476 13461804    4    0 14064   168 22703 20470  1  1 97  1  0  0
 0  0 8386392 40052620  38476 13461064    0    0   188    24 16084 11880  1  0 99  0  0  0
2026/07/20 19:46:49.980, NVIDIA GeForce RTX 5090 Laptop GPU, 67, 32.55 W, 0 %, 312 MiB, 23672 MiB
