[runner] thermal_regime=clean-swap, default system power policy, no intentional cooldown
[runner] cpu_regime=unlimited max-weight systemd scope, 8 P-core CPU expert team
[runner] io_regime=mirrored direct I/O across both NVMe devices; IOWeight=10000 requested
[runner] memory_regime=requested 36-GiB CPU cache with 0-GiB MemAvailable reserve
[runner] cgroup_memory_regime=unlimited sibling systemd scope
[runner] measurement_N=1 generation_tokens=64
[runner] mode=control
[runner] fused_stages=1
[runner] mixed_q8=0
[runner] cache_policy=lru
[runner] preflight_free_vram_mib=23672
[runner] preflight_load_one=1.96
[runner] git_head=650d45c496ecb2d5cae009e1b3e03d347e2db8ea
733fcd0eae3a0c686fb0002b9359fc2f8e1dc1630537e778269ad9270550fdb1  /tmp/bw24-run-spec-sota-candidates
ba7cdb64b723308a92e99f728ff5aba32089b65a9777af3ed3ed634a08c82a4a  /tmp/libbw24-cpu-experts-sota-candidates.so
 19:54:26 up 16 days,  5:06,  2 users,  load average: 1.96, 2.96, 3.36
               total        used        free      shared  buff/cache   available
Mem:            60Gi        29Gi        19Gi        16Gi        29Gi        31Gi
Swap:          8.0Gi          0B       8.0Gi
NAME      TYPE SIZE USED PRIO
/swap.img file   8G   0B   -1
MemAvailable:   32633752 kB
SwapFree:        8388604 kB
Dirty:              5588 kB
Writeback:             0 kB
procs -----------memory---------- ---swap-- -----io---- -system-- -------cpu-------
 r  b   swpd   free   buff  cache   si   so    bi    bo   in   cs us sy id wa st gu
 1  0      0 20590244 130048 30335752  558  615 67041  3828 23550   16 13  5 82  0  0  0
 0  0      0 21475108 130652 29888948    0    0 75828  4076 18781 22437  2  2 96  0  0  0
 0  0      0 21471520 130660 29890360    0    0   120   368 15456 15849  1  1 98  0  0  0
2026/07/20 19:54:28.431, NVIDIA GeForce RTX 5090 Laptop GPU, 66, 67.15 W, 100 %, 312 MiB, 23672 MiB
[runner-scope] pid=2778365
0::/user.slice/user-1000.slice/user@1000.service/app.slice/bw24-headroom6-control-2778238.scope
[runner-scope] cpu.max=max 100000
[runner-scope] cpu.weight=10000
[runner-scope] io.weight=unavailable
[runner-scope] memory.high=max
[runner-scope] memory.max=max
Error: DriverError(CUDA_ERROR_OUT_OF_MEMORY, "out of memory")
Command exited with non-zero status 1
	Command being timed: "env BW24_CPU_EXPERT_FUSED_STAGES=1 BW24_MOE_MIXED_Q8=0 BW24_NGEN=64 BW24_SPEC_K=1 BW24_SPEC_HOST_EMBD=1 BW24_SPEC_STATS=1 BW24_SPEC_PHASE=1 BW24_SPEC_PMIN=0.2 BW24_SPEC_PMIN0=1 BW24_CHAT=1 BW24_PROMPT=Write a Python function that implements a doubly-linked list with insert, delete, and reverse operations. Include full type hints and docstrings. BW24_MOE_CACHE=1 BW24_MOE_SIZE_AWARE=1 BW24_MOE_LFU=1 BW24_MOE_LFU_DECAY=1.0 BW24_MOE_VRAM_FRAC=0.97 BW24_MOE_HARD_VRAM_FRAC=0.97 BW24_SPILL_IO=direct BW24_SPILL_PREAD_DEPTH=32 BW24_SPILL_WORKER_EXPERT_WINDOW=8 BW24_CPU_EXPERT_LIB=/tmp/libbw24-cpu-experts-sota-candidates.so BW24_CPU_EXPERT_THREADS=8 BW24_CPU_EXPERT_IO_THREADS=8 BW24_CPU_EXPERT_CACHE_GB=36 BW24_CPU_EXPERT_RESERVE_GB=0 BW24_CPU_EXPERT_CACHE_POLICY=lru BW24_CPU_EXPERT_IO=direct BW24_CPU_EXPERT_MIRROR_MAP=/home/avifenesh/.local/share/bw24-models/hy3-layer103p5-root-mirror/inode-alternates.tsv BW24_CPU_EXPERT_FREEZE_CACHE=1 BW24_CPU_EXPERT_FREEZE_WARMUP_TOKENS=128 BW24_CPU_EXPERT_FREEZE_WARMUP_SPEC_K=3 BW24_CPU_EXPERT_FREEZE_PROFILE_ADMIT=1 GOMP_CPU_AFFINITY=0-7 /tmp/bw24-run-spec-sota-candidates /home/avifenesh/.local/share/bw24-models/hy3-layer103p5-dual-nvme"
	User time (seconds): 20.11
	System time (seconds): 5.05
	Percent of CPU this job got: 96%
	Elapsed (wall clock) time (h:mm:ss or m:ss): 0:25.98
	Average shared text size (kbytes): 0
	Average unshared data size (kbytes): 0
	Average stack size (kbytes): 0
	Average total size (kbytes): 0
	Maximum resident set size (kbytes): 4018416
	Average resident set size (kbytes): 0
	Major (requiring I/O) page faults: 7502
	Minor (reclaiming a frame) page faults: 2834644
	Voluntary context switches: 8845
	Involuntary context switches: 328
	Swaps: 0
	File system inputs: 7550416
	File system outputs: 0
	Socket messages sent: 0
	Socket messages received: 0
	Signals delivered: 0
	Page size (bytes): 4096
	Exit status: 1
[runner] exit_status=1
 19:54:54 up 16 days,  5:06,  2 users,  load average: 2.56, 3.00, 3.36
               total        used        free      shared  buff/cache   available
Mem:            60Gi        24Gi        22Gi        13Gi        28Gi        36Gi
Swap:          8.0Gi       7.1Gi       944Mi
NAME      TYPE SIZE USED PRIO
/swap.img file   8G 7.1G   -1
MemAvailable:   38545832 kB
SwapFree:         966896 kB
Dirty:             23696 kB
Writeback:             0 kB
procs -----------memory---------- ---swap-- -----io---- -system-- -------cpu-------
 r  b   swpd   free   buff  cache   si   so    bi    bo   in   cs us sy id wa st gu
 2  0 7421708 23254920 132568 29731916  559  621 67055  3834 23552   16 13  5 82  0  0  0
 1  0 7419792 23237300 132576 29749696  464    0 17240   184 5812 7240  5  1 94  0  0  0
 2  0 7401180 23178048 132700 29791832 17380    0 61428   304 29415 31972  6  2 91  1  0  0
2026/07/20 19:54:56.485, NVIDIA GeForce RTX 5090 Laptop GPU, 77, 170.86 W, 100 %, 22400 MiB, 1585 MiB
