loaded bw24-repack (81 layers, nextn=1)
text prompt (145 chars, chat-templated) -> 42 tokens
prompt tokens: [120000, 120044, 70830, 277, 9002, 647, 497, 25, 5130, 25152, 1326, 120006, 6331, 244, 7164, 958, 369, 12331, 244, 78357, 46997, 1703, 413, 8528, 11, 10243, 11, 289, 13561, 6590, 13, 44626, 4055, 1932, 42970, 289, 8913, 35510, 13, 120007, 120029, 120030]
[moe-cache] warming 64 discarded speculative tokens at K=1 before fixed residency
[moe-cache] size-aware fixed slots: 5538 slots in 5 classes, 15.06 GB / 15.06 GB budget
[spill-pread] enabled: depth=32 buffer_bytes=6684672 total_pinned_bytes=213909504 (bounded O_DIRECT worker prefetch, caller-thread compute-stream H2D, mmap error fallback)
[spec] host-row embedding: 525860864 bytes kept off HBM
[bw24] experimental CPU expert backend: /tmp/libbw24-cpu-experts.so (threads=8)
[bw24-cpu] normal-RAM expert cache: 36.00 GiB policy=lru io=direct
[bw24-cpu] mirrored direct I/O: 237 inode mappings
[spec-stats] rounds=38 full_accept=27 len_hist=[0, 38] per_slot=[27/38=0.711] total=27/38=0.711 tok_per_round=1.711
[moe-cache] residency frozen: 5538 slots, 5538 resident blocks

[generate]   63 tok in 17.897s = 3.52 tok/s (gen-only; this run's prime 196.612s)
  tokens: [40129, 316, 244, 4871, 11, 1622, 81425, 5278, 279, 244, 1970, 101435, 59909, 46997, 1703, 503, 280, 7164, 13, 4468, 2171, 5658, 25, 286, 12, 15993, 1970, 4906, 42970, 503, 341, 5177, 47, 206, 32831, 1320, 607, 12474, 277, 52471, 12, 20424, 1970, 24621, 35510, 3236, 12, 607, 13130, 3175, 607, 19392, 3175, 289, 607, 55266, 63, 6590, 185, 12, 355, 4132, 607, 5661]
[spec] host-row embedding: 525860864 bytes kept off HBM
[spec-stats] rounds=37 full_accept=26 len_hist=[0, 37] per_slot=[26/37=0.703] total=26/37=0.703 tok_per_round=1.703

[generate_spec K=1] 64 tok in 9.693s = 6.50 tok/s (1.85x vs generate; this run's prime 161.183s)
  acceptance: 26/37 = 70.3%   self-consistency: PASS (identical to generate)

=== SELF-CONSISTENCY PASS ===
[spill-pread] reads=34983 bytes=96464142336 errors=0 short_reads=0 fallbacks=0 buffer_waits=10133 ring_full=775
[bw24-cpu-profile] calls=16874 prepare=0.545761s io=11.684210s insert=0.055029s compute=22.207191s read_projections=36548 read_GB=96.505
	Command being timed: "env BW24_NGEN=64 BW24_SPEC_K=1 BW24_SPEC_HOST_EMBD=1 BW24_SPEC_STATS=1 BW24_CHAT=1 BW24_PROMPT=Write a Python function that implements a doubly-linked list with insert, delete, and reverse operations. Include full type hints and docstrings. BW24_MOE_CACHE=1 BW24_MOE_SIZE_AWARE=1 BW24_MOE_LFU=1 BW24_MOE_LFU_DECAY=0.8 BW24_MOE_VRAM_FRAC=0.98 BW24_MOE_HARD_VRAM_FRAC=0.98 BW24_SPILL_IO=direct BW24_SPILL_PREAD_DEPTH=32 BW24_SPILL_WORKER_EXPERT_WINDOW=8 BW24_CPU_EXPERT_LIB=/tmp/libbw24-cpu-experts.so BW24_CPU_EXPERT_THREADS=8 BW24_CPU_EXPERT_IO_THREADS=8 BW24_CPU_EXPERT_CACHE_GB=36 BW24_CPU_EXPERT_CACHE_POLICY=lru BW24_CPU_EXPERT_IO=direct BW24_CPU_EXPERT_MIRROR_MAP=/home/avifenesh/.local/share/bw24-models/hy3-layer103p5-root-mirror/inode-alternates.tsv BW24_CPU_EXPERT_FREEZE_CACHE=1 BW24_CPU_EXPERT_FREEZE_WARMUP_TOKENS=64 BW24_CPU_EXPERT_FREEZE_WARMUP_SPEC_K=1 GOMP_CPU_AFFINITY=0-7 target/release/run-spec /home/avifenesh/.local/share/bw24-models/hy3-layer103p5-dual-nvme"
	User time (seconds): 281.09
	System time (seconds): 109.37
	Percent of CPU this job got: 66%
	Elapsed (wall clock) time (h:mm:ss or m:ss): 9:42.92
	Average shared text size (kbytes): 0
	Average unshared data size (kbytes): 0
	Average stack size (kbytes): 0
	Average total size (kbytes): 0
	Maximum resident set size (kbytes): 48286428
	Average resident set size (kbytes): 0
	Major (requiring I/O) page faults: 20497063
	Minor (reclaiming a frame) page faults: 20104782
	Voluntary context switches: 21579979
	Involuntary context switches: 4993
	Swaps: 0
	File system inputs: 590667096
	File system outputs: 0
	Socket messages sent: 0
	Socket messages received: 0
	Signals delivered: 0
	Page size (bytes): 4096
	Exit status: 0
