[runner] thermal_regime=clean-swap, default system power policy, no intentional cooldown
[runner] cpu_regime=unlimited max-weight systemd scope, 8 P-core CPU expert team
[runner] io_regime=mirrored direct I/O across both NVMe devices; IOWeight=10000 requested
[runner] memory_regime=requested 36-GiB CPU cache with 0-GiB MemAvailable reserve
[runner] cgroup_memory_regime=unlimited sibling systemd scope
[runner] measurement_N=1 generation_tokens=64
[runner] mode=control
[runner] fused_stages=1
[runner] mixed_q8=0
[runner] cache_policy=lru
[runner] preflight_free_vram_mib=22313
[runner] min_free_vram_mib=22000
[runner] preflight_load_one=1.77
[runner] git_head=650d45c496ecb2d5cae009e1b3e03d347e2db8ea
733fcd0eae3a0c686fb0002b9359fc2f8e1dc1630537e778269ad9270550fdb1  /tmp/bw24-run-spec-sota-candidates
ba7cdb64b723308a92e99f728ff5aba32089b65a9777af3ed3ed634a08c82a4a  /tmp/libbw24-cpu-experts-sota-candidates.so
 19:58:54 up 16 days,  5:10,  2 users,  load average: 1.77, 2.22, 2.94
               total        used        free      shared  buff/cache   available
Mem:            60Gi        27Gi        16Gi        14Gi        32Gi        33Gi
Swap:          8.0Gi          0B       8.0Gi
NAME      TYPE SIZE USED PRIO
/swap.img file   8G   0B   -1
MemAvailable:   34965368 kB
SwapFree:        8388604 kB
Dirty:              8444 kB
Writeback:             0 kB
procs -----------memory---------- ---swap-- -----io---- -system-- -------cpu-------
 r  b   swpd   free   buff  cache   si   so    bi    bo   in   cs us sy id wa st gu
 0  0      0 16831356 2118300 32054172  564  621 67051  3833 23551   16 13  5 82  0  0  0
 0  0      0 16810756 2118764 32074200    0    0   384   848 20125 30371  3  1 96  0  0  0
 2  0      0 16685260 2118768 32173268    0    0 80964  1352 26840 45525  5  2 93  0  0  0
2026/07/20 19:58:56.983, NVIDIA GeForce RTX 5090 Laptop GPU, 67, 68.52 W, 100 %, 1672 MiB, 22313 MiB
[runner-scope] pid=2786528
0::/user.slice/user-1000.slice/user@1000.service/app.slice/bw24-headroom6-control-2786461.scope
[runner-scope] cpu.max=max 100000
[runner-scope] cpu.weight=10000
[runner-scope] io.weight=unavailable
[runner-scope] memory.high=max
[runner-scope] memory.max=max
loaded bw24-repack (81 layers, nextn=1)
text prompt (145 chars, chat-templated) -> 42 tokens
prompt tokens: [120000, 120044, 70830, 277, 9002, 647, 497, 25, 5130, 25152, 1326, 120006, 6331, 244, 7164, 958, 369, 12331, 244, 78357, 46997, 1703, 413, 8528, 11, 10243, 11, 289, 13561, 6590, 13, 44626, 4055, 1932, 42970, 289, 8913, 35510, 13, 120007, 120029, 120030]
[moe-cache] warming 128 discarded speculative tokens at K=3 before fixed residency
[moe-cache] size-aware fixed slots: 5470 slots in 5 classes, 14.88 GB / 14.88 GB budget
[spill-pread] enabled: depth=32 buffer_bytes=6684672 total_pinned_bytes=213909504 (bounded O_DIRECT worker prefetch, caller-thread compute-stream H2D, mmap error fallback)
[spec] host-row embedding: 525860864 bytes kept off HBM
[bw24] experimental CPU expert backend: /tmp/libbw24-cpu-experts-sota-candidates.so (threads=8)
[bw24-cpu] RAM headroom cap: requested=36.00 GiB available=37.11 GiB reserve=0.00 GiB effective=36.00 GiB
[bw24-cpu] normal-RAM expert cache: 36.00 GiB policy=lru io=direct
[bw24-cpu] fused gate/up/SwiGLU and down/reduce stages enabled
[bw24-cpu] mirrored direct I/O: 237 inode mappings
