bytes=2064384 shape=1536x4096 qtype=13 iterations=200 resident_ms=0.0199 mapped_ms=1.2968 mapped_weight_GB/s=1.59 slowdown=65.08x exact=yes maxdiff=0 checksum=-99.8408212
	Command being timed: "/tmp/bw24-bench-mapped-qmatvec /home/avifenesh/.local/share/bw24-models/hy3-layer103p5-dual-nvme/experts/blk1-down-mixed.bin 0 2064384 1536 4096 504 13 200"
	User time (seconds): 0.27
	System time (seconds): 0.21
	Percent of CPU this job got: 95%
	Elapsed (wall clock) time (h:mm:ss or m:ss): 0:00.52
	Average shared text size (kbytes): 0
	Average unshared data size (kbytes): 0
	Average stack size (kbytes): 0
	Average total size (kbytes): 0
	Maximum resident set size (kbytes): 120144
	Average resident set size (kbytes): 0
	Major (requiring I/O) page faults: 0
	Minor (reclaiming a frame) page faults: 10993
	Voluntary context switches: 53
	Involuntary context switches: 4
	Swaps: 0
	File system inputs: 5120
	File system outputs: 0
	Socket messages sent: 0
	Socket messages received: 0
	Signals delivered: 0
	Page size (bytes): 4096
	Exit status: 0
