warning: unexpected `cfg` condition name: `bw24_cutlass`
  --> crates/bw24-engine/src/lib.rs:37:7
   |
37 | #[cfg(bw24_cutlass)]
   |       ^^^^^^^^^^^^
   |
   = help: expected names are: `bw24_portable_cuda`, `docsrs`, `feature`, and `test` and 32 more
   = help: consider using a Cargo feature instead
   = help: or consider adding in `Cargo.toml` the `check-cfg` lint config for the lint:
            [lints.rust]
            unexpected_cfgs = { level = "warn", check-cfg = ['cfg(bw24_cutlass)'] }
   = help: or consider adding `println!("cargo::rustc-check-cfg=cfg(bw24_cutlass)");` to the top of the `build.rs`
   = note: see <https://doc.rust-lang.org/nightly/rustc/check-cfg/cargo-specifics.html> for more information about checking conditional configuration
   = note: `#[warn(unexpected_cfgs)]` on by default

warning: unexpected `cfg` condition name: `bw24_cutlass`
   --> crates/bw24-engine/src/model.rs:180:7
    |
180 | #[cfg(bw24_cutlass)]
    |       ^^^^^^^^^^^^
    |
    = help: consider using a Cargo feature instead
    = help: or consider adding in `Cargo.toml` the `check-cfg` lint config for the lint:
             [lints.rust]
             unexpected_cfgs = { level = "warn", check-cfg = ['cfg(bw24_cutlass)'] }
    = help: or consider adding `println!("cargo::rustc-check-cfg=cfg(bw24_cutlass)");` to the top of the `build.rs`
    = note: see <https://doc.rust-lang.org/nightly/rustc/check-cfg/cargo-specifics.html> for more information about checking conditional configuration

warning: unexpected `cfg` condition name: `bw24_cutlass`
  --> crates/bw24-engine/src/model.rs:36:15
   |
36 |         #[cfg(bw24_cutlass)]
   |               ^^^^^^^^^^^^
   |
   = help: consider using a Cargo feature instead
   = help: or consider adding in `Cargo.toml` the `check-cfg` lint config for the lint:
            [lints.rust]
            unexpected_cfgs = { level = "warn", check-cfg = ['cfg(bw24_cutlass)'] }
   = help: or consider adding `println!("cargo::rustc-check-cfg=cfg(bw24_cutlass)");` to the top of the `build.rs`
   = note: see <https://doc.rust-lang.org/nightly/rustc/check-cfg/cargo-specifics.html> for more information about checking conditional configuration

warning: unexpected `cfg` condition name: `bw24_cutlass`
   --> crates/bw24-engine/src/model.rs:231:38
    |
231 |         let cutlass_wants_raw = cfg!(bw24_cutlass) && std::env::var("BW24_FP4_CUTLASS").is_ok();
    |                                      ^^^^^^^^^^^^
    |
    = help: consider using a Cargo feature instead
    = help: or consider adding in `Cargo.toml` the `check-cfg` lint config for the lint:
             [lints.rust]
             unexpected_cfgs = { level = "warn", check-cfg = ['cfg(bw24_cutlass)'] }
    = help: or consider adding `println!("cargo::rustc-check-cfg=cfg(bw24_cutlass)");` to the top of the `build.rs`
    = note: see <https://doc.rust-lang.org/nightly/rustc/check-cfg/cargo-specifics.html> for more information about checking conditional configuration

warning: unexpected `cfg` condition name: `bw24_cutlass`
   --> crates/bw24-engine/src/model.rs:255:31
    |
255 |                         #[cfg(bw24_cutlass)]
    |                               ^^^^^^^^^^^^
    |
    = help: consider using a Cargo feature instead
    = help: or consider adding in `Cargo.toml` the `check-cfg` lint config for the lint:
             [lints.rust]
             unexpected_cfgs = { level = "warn", check-cfg = ['cfg(bw24_cutlass)'] }
    = help: or consider adding `println!("cargo::rustc-check-cfg=cfg(bw24_cutlass)");` to the top of the `build.rs`
    = note: see <https://doc.rust-lang.org/nightly/rustc/check-cfg/cargo-specifics.html> for more information about checking conditional configuration

warning: unexpected `cfg` condition name: `bw24_cutlass`
   --> crates/bw24-engine/src/model.rs:282:31
    |
282 |                         #[cfg(bw24_cutlass)]
    |                               ^^^^^^^^^^^^
    |
    = help: consider using a Cargo feature instead
    = help: or consider adding in `Cargo.toml` the `check-cfg` lint config for the lint:
             [lints.rust]
             unexpected_cfgs = { level = "warn", check-cfg = ['cfg(bw24_cutlass)'] }
    = help: or consider adding `println!("cargo::rustc-check-cfg=cfg(bw24_cutlass)");` to the top of the `build.rs`
    = note: see <https://doc.rust-lang.org/nightly/rustc/check-cfg/cargo-specifics.html> for more information about checking conditional configuration

warning: unexpected `cfg` condition name: `bw24_cutlass`
   --> crates/bw24-engine/src/model.rs:373:23
    |
373 |                 #[cfg(bw24_cutlass)]
    |                       ^^^^^^^^^^^^
    |
    = help: consider using a Cargo feature instead
    = help: or consider adding in `Cargo.toml` the `check-cfg` lint config for the lint:
             [lints.rust]
             unexpected_cfgs = { level = "warn", check-cfg = ['cfg(bw24_cutlass)'] }
    = help: or consider adding `println!("cargo::rustc-check-cfg=cfg(bw24_cutlass)");` to the top of the `build.rs`
    = note: see <https://doc.rust-lang.org/nightly/rustc/check-cfg/cargo-specifics.html> for more information about checking conditional configuration

warning: unexpected `cfg` condition name: `bw24_cutlass`
   --> crates/bw24-engine/src/model.rs:451:27
    |
451 |                     #[cfg(bw24_cutlass)]
    |                           ^^^^^^^^^^^^
    |
    = help: consider using a Cargo feature instead
    = help: or consider adding in `Cargo.toml` the `check-cfg` lint config for the lint:
             [lints.rust]
             unexpected_cfgs = { level = "warn", check-cfg = ['cfg(bw24_cutlass)'] }
    = help: or consider adding `println!("cargo::rustc-check-cfg=cfg(bw24_cutlass)");` to the top of the `build.rs`
    = note: see <https://doc.rust-lang.org/nightly/rustc/check-cfg/cargo-specifics.html> for more information about checking conditional configuration

warning: unexpected `cfg` condition name: `bw24_cutlass`
   --> crates/bw24-engine/src/model.rs:569:19
    |
569 |             #[cfg(bw24_cutlass)]
    |                   ^^^^^^^^^^^^
    |
    = help: consider using a Cargo feature instead
    = help: or consider adding in `Cargo.toml` the `check-cfg` lint config for the lint:
             [lints.rust]
             unexpected_cfgs = { level = "warn", check-cfg = ['cfg(bw24_cutlass)'] }
    = help: or consider adding `println!("cargo::rustc-check-cfg=cfg(bw24_cutlass)");` to the top of the `build.rs`
    = note: see <https://doc.rust-lang.org/nightly/rustc/check-cfg/cargo-specifics.html> for more information about checking conditional configuration

warning: unexpected `cfg` condition name: `bw24_cutlass`
   --> crates/bw24-engine/src/gemma_spec.rs:185:35
    |
185 | ...                   #[cfg(bw24_cutlass)]
    |                             ^^^^^^^^^^^^
    |
    = help: consider using a Cargo feature instead
    = help: or consider adding in `Cargo.toml` the `check-cfg` lint config for the lint:
             [lints.rust]
             unexpected_cfgs = { level = "warn", check-cfg = ['cfg(bw24_cutlass)'] }
    = help: or consider adding `println!("cargo::rustc-check-cfg=cfg(bw24_cutlass)");` to the top of the `build.rs`
    = note: see <https://doc.rust-lang.org/nightly/rustc/check-cfg/cargo-specifics.html> for more information about checking conditional configuration

warning: unexpected `cfg` condition name: `bw24_cutlass`
   --> crates/bw24-engine/src/lib.rs:339:11
    |
339 |     #[cfg(bw24_cutlass)]
    |           ^^^^^^^^^^^^
    |
    = help: consider using a Cargo feature instead
    = help: or consider adding in `Cargo.toml` the `check-cfg` lint config for the lint:
             [lints.rust]
             unexpected_cfgs = { level = "warn", check-cfg = ['cfg(bw24_cutlass)'] }
    = help: or consider adding `println!("cargo::rustc-check-cfg=cfg(bw24_cutlass)");` to the top of the `build.rs`
    = note: see <https://doc.rust-lang.org/nightly/rustc/check-cfg/cargo-specifics.html> for more information about checking conditional configuration

warning: unexpected `cfg` condition name: `bw24_cutlass`
   --> crates/bw24-engine/src/lib.rs:515:25
    |
515 |                   #[cfg(bw24_cutlass)]
    |                         ^^^^^^^^^^^^
    |
    = help: consider using a Cargo feature instead
    = help: or consider adding in `Cargo.toml` the `check-cfg` lint config for the lint:
             [lints.rust]
             unexpected_cfgs = { level = "warn", check-cfg = ['cfg(bw24_cutlass)'] }
    = help: or consider adding `println!("cargo::rustc-check-cfg=cfg(bw24_cutlass)");` to the top of the `build.rs`
    = note: see <https://doc.rust-lang.org/nightly/rustc/check-cfg/cargo-specifics.html> for more information about checking conditional configuration

warning: unexpected `cfg` condition name: `bw24_cutlass`
    --> crates/bw24-engine/src/lib.rs:4515:15
     |
4515 |         #[cfg(bw24_cutlass)]
     |               ^^^^^^^^^^^^
     |
     = help: consider using a Cargo feature instead
     = help: or consider adding in `Cargo.toml` the `check-cfg` lint config for the lint:
              [lints.rust]
              unexpected_cfgs = { level = "warn", check-cfg = ['cfg(bw24_cutlass)'] }
     = help: or consider adding `println!("cargo::rustc-check-cfg=cfg(bw24_cutlass)");` to the top of the `build.rs`
     = note: see <https://doc.rust-lang.org/nightly/rustc/check-cfg/cargo-specifics.html> for more information about checking conditional configuration

warning: use of deprecated method `cudarc::driver::CudaStream::memcpy_stod`: Use clone_htod
    --> crates/bw24-engine/src/lib.rs:2745:28
     |
2745 |         Ok(self.gpu.stream.memcpy_stod(v)?)
     |                            ^^^^^^^^^^^
     |
     = note: `#[warn(deprecated)]` on by default

warning: unused variable: `v_out`
  --> crates/bw24-engine/src/forward.rs:44:17
   |
44 |             let v_out = layer.wv.out_features();
   |                 ^^^^^ help: if this is intentional, prefix it with an underscore: `_v_out`
   |
   = note: `#[warn(unused_variables)]` (part of `#[warn(unused)]`) on by default

warning: unused variable: `n_vocab`
   --> crates/bw24-engine/src/forward.rs:147:13
    |
147 |         let n_vocab = self.output.out_features();
    |             ^^^^^^^ help: if this is intentional, prefix it with an underscore: `_n_vocab`

warning: unused variable: `k_tok_bytes`
  --> crates/bw24-engine/src/cache.rs:86:13
   |
86 |         let k_tok_bytes = (kv_dim_k / 32) * kbb;
   |             ^^^^^^^^^^^ help: if this is intentional, prefix it with an underscore: `_k_tok_bytes`

warning: unused variable: `v_tok_bytes`
  --> crates/bw24-engine/src/cache.rs:87:13
   |
87 |         let v_tok_bytes = (kv_dim_v / 32) * vbb;
   |             ^^^^^^^^^^^ help: if this is intentional, prefix it with an underscore: `_v_tok_bytes`

warning: unused variable: `nb`
   --> crates/bw24-engine/src/gemma_spec.rs:314:13
    |
314 |         let nb = d.n_backbone;
    |             ^^ help: if this is intentional, prefix it with an underscore: `_nb`

warning: variable does not need to be mutable
   --> crates/bw24-engine/src/gemma_spec.rs:584:13
    |
584 |         let mut pos_base = e.htod_i32(&[0])?;
    |             ----^^^^^^^^
    |             |
    |             help: remove this `mut`
    |
    = note: `#[warn(unused_mut)]` (part of `#[warn(unused)]`) on by default

warning: unused variable: `pos_base`
   --> crates/bw24-engine/src/gemma_spec.rs:584:13
    |
584 |         let mut pos_base = e.htod_i32(&[0])?;
    |             ^^^^^^^^^^^^ help: if this is intentional, prefix it with an underscore: `_pos_base`

warning: unused variable: `m`
    --> crates/bw24-engine/src/lib.rs:4257:35
     |
4257 |     pub fn batched_variant(&self, m: usize, in_f: usize, out_f: usize, qtype: i32,
     |                                   ^ help: if this is intentional, prefix it with an underscore: `_m`

warning: method `gemma4_decode_step_t_am` is never used
    --> crates/bw24-engine/src/hybrid_forward.rs:3750:19
     |
2778 | impl HybridModel {
     | ---------------- method in this implementation
...
3750 |     pub(crate) fn gemma4_decode_step_t_am(&self, e: &Engine, tokens: &[u32], pos0: usize,
     |                   ^^^^^^^^^^^^^^^^^^^^^^^
     |
     = note: `#[warn(dead_code)]` (part of `#[warn(unused)]`) on by default

warning: method `qmatvec_q4_K_fast` should have a snake case name
    --> crates/bw24-engine/src/lib.rs:2473:12
     |
2473 |     pub fn qmatvec_q4_K_fast(&self, w: &CudaSlice<u8>, x: &CudaSlice<f32>, m: usize, in_f: usize,
     |            ^^^^^^^^^^^^^^^^^ help: convert the identifier to snake case (notice the capitalization): `qmatvec_q4_k_fast`
     |
     = note: `#[warn(non_snake_case)]` (part of `#[warn(nonstandard_style)]`) on by default

warning: method `qmatvec_q6_K_fast` should have a snake case name
    --> crates/bw24-engine/src/lib.rs:2487:12
     |
2487 |     pub fn qmatvec_q6_K_fast(&self, w: &CudaSlice<u8>, x: &CudaSlice<f32>, m: usize, in_f: usize,
     |            ^^^^^^^^^^^^^^^^^ help: convert the identifier to snake case (notice the capitalization): `qmatvec_q6_k_fast`

warning: method `qmatvec_q5_K_fast` should have a snake case name
    --> crates/bw24-engine/src/lib.rs:2501:12
     |
2501 |     pub fn qmatvec_q5_K_fast(&self, w: &CudaSlice<u8>, x: &CudaSlice<f32>, m: usize, in_f: usize,
     |            ^^^^^^^^^^^^^^^^^ help: convert the identifier to snake case (notice the capitalization): `qmatvec_q5_k_fast`

warning: method `qmatvec_q3_K_fast` should have a snake case name
    --> crates/bw24-engine/src/lib.rs:2506:12
     |
2506 |     pub fn qmatvec_q3_K_fast(&self, w: &CudaSlice<u8>, x: &CudaSlice<f32>, m: usize, in_f: usize,
     |            ^^^^^^^^^^^^^^^^^ help: convert the identifier to snake case (notice the capitalization): `qmatvec_q3_k_fast`

warning: method `qmatvec_iq4_XS_fast` should have a snake case name
    --> crates/bw24-engine/src/lib.rs:2525:12
     |
2525 |     pub fn qmatvec_iq4_XS_fast(&self, w: &CudaSlice<u8>, x: &CudaSlice<f32>, m: usize, in_f: usize,
     |            ^^^^^^^^^^^^^^^^^^^ help: convert the identifier to snake case (notice the capitalization): `qmatvec_iq4_xs_fast`

warning: `bw24-engine` (lib) generated 28 warnings (run `cargo fix --lib -p bw24-engine` to apply 8 suggestions)
warning: unexpected `cfg` condition name: `bw24_cutlass`
  --> crates/bw24-engine/src/bin/cutlass_smoke.rs:12:11
   |
12 | #[cfg(not(bw24_cutlass))]
   |           ^^^^^^^^^^^^
   |
   = help: expected names are: `bw24_portable_cuda`, `docsrs`, `feature`, and `test` and 32 more
   = help: consider using a Cargo feature instead
   = help: or consider adding in `Cargo.toml` the `check-cfg` lint config for the lint:
            [lints.rust]
            unexpected_cfgs = { level = "warn", check-cfg = ['cfg(bw24_cutlass)'] }
   = help: or consider adding `println!("cargo::rustc-check-cfg=cfg(bw24_cutlass)");` to the top of the `build.rs`
   = note: see <https://doc.rust-lang.org/nightly/rustc/check-cfg/cargo-specifics.html> for more information about checking conditional configuration
   = note: `#[warn(unexpected_cfgs)]` on by default

warning: unexpected `cfg` condition name: `bw24_cutlass`
  --> crates/bw24-engine/src/bin/cutlass_smoke.rs:18:7
   |
18 | #[cfg(bw24_cutlass)]
   |       ^^^^^^^^^^^^
   |
   = help: consider using a Cargo feature instead
   = help: or consider adding in `Cargo.toml` the `check-cfg` lint config for the lint:
            [lints.rust]
            unexpected_cfgs = { level = "warn", check-cfg = ['cfg(bw24_cutlass)'] }
   = help: or consider adding `println!("cargo::rustc-check-cfg=cfg(bw24_cutlass)");` to the top of the `build.rs`
   = note: see <https://doc.rust-lang.org/nightly/rustc/check-cfg/cargo-specifics.html> for more information about checking conditional configuration

warning: unexpected `cfg` condition name: `bw24_cutlass`
  --> crates/bw24-engine/src/bin/cutlass_smoke.rs:46:7
   |
46 | #[cfg(bw24_cutlass)]
   |       ^^^^^^^^^^^^
   |
   = help: consider using a Cargo feature instead
   = help: or consider adding in `Cargo.toml` the `check-cfg` lint config for the lint:
            [lints.rust]
            unexpected_cfgs = { level = "warn", check-cfg = ['cfg(bw24_cutlass)'] }
   = help: or consider adding `println!("cargo::rustc-check-cfg=cfg(bw24_cutlass)");` to the top of the `build.rs`
   = note: see <https://doc.rust-lang.org/nightly/rustc/check-cfg/cargo-specifics.html> for more information about checking conditional configuration

warning: unexpected `cfg` condition name: `bw24_cutlass`
   --> crates/bw24-engine/src/bin/cutlass_smoke.rs:128:7
    |
128 | #[cfg(bw24_cutlass)]
    |       ^^^^^^^^^^^^
    |
    = help: consider using a Cargo feature instead
    = help: or consider adding in `Cargo.toml` the `check-cfg` lint config for the lint:
             [lints.rust]
             unexpected_cfgs = { level = "warn", check-cfg = ['cfg(bw24_cutlass)'] }
    = help: or consider adding `println!("cargo::rustc-check-cfg=cfg(bw24_cutlass)");` to the top of the `build.rs`
    = note: see <https://doc.rust-lang.org/nightly/rustc/check-cfg/cargo-specifics.html> for more information about checking conditional configuration

warning: unexpected `cfg` condition name: `bw24_cutlass`
   --> crates/bw24-engine/src/bin/cutlass_smoke.rs:130:7
    |
130 | #[cfg(bw24_cutlass)]
    |       ^^^^^^^^^^^^
    |
    = help: consider using a Cargo feature instead
    = help: or consider adding in `Cargo.toml` the `check-cfg` lint config for the lint:
             [lints.rust]
             unexpected_cfgs = { level = "warn", check-cfg = ['cfg(bw24_cutlass)'] }
    = help: or consider adding `println!("cargo::rustc-check-cfg=cfg(bw24_cutlass)");` to the top of the `build.rs`
    = note: see <https://doc.rust-lang.org/nightly/rustc/check-cfg/cargo-specifics.html> for more information about checking conditional configuration

warning: `bw24-engine` (bin "cutlass-smoke") generated 5 warnings
warning: unexpected `cfg` condition name: `bw24_cutlass`
   --> crates/bw24-engine/src/bin/kernel_check.rs:889:19
    |
889 |             #[cfg(bw24_cutlass)]
    |                   ^^^^^^^^^^^^
    |
    = help: expected names are: `bw24_portable_cuda`, `docsrs`, `feature`, and `test` and 32 more
    = help: consider using a Cargo feature instead
    = help: or consider adding in `Cargo.toml` the `check-cfg` lint config for the lint:
             [lints.rust]
             unexpected_cfgs = { level = "warn", check-cfg = ['cfg(bw24_cutlass)'] }
    = help: or consider adding `println!("cargo::rustc-check-cfg=cfg(bw24_cutlass)");` to the top of the `build.rs`
    = note: see <https://doc.rust-lang.org/nightly/rustc/check-cfg/cargo-specifics.html> for more information about checking conditional configuration
    = note: `#[warn(unexpected_cfgs)]` on by default

warning: variable `GGUF_9B` should have a snake case name
   --> crates/bw24-engine/src/bin/kernel_check.rs:671:21
    |
671 |         if let Some(GGUF_9B) = gguf_9b_owned.as_deref() {
    |                     ^^^^^^^ help: convert the identifier to snake case: `gguf_9_b`
    |
    = note: `#[warn(non_snake_case)]` (part of `#[warn(nonstandard_style)]`) on by default

warning: variable does not need to be mutable
  --> crates/bw24-engine/src/bin/gdn_bench.rs:93:9
   |
93 |     let mut bench = |name: &str, f: &mut dyn FnMut(&Engine) -> Result<(), Box<dyn std::error::Error>>|
   |         ----^^^^^
   |         |
   |         help: remove this `mut`
   |
   = note: `#[warn(unused_mut)]` (part of `#[warn(unused)]`) on by default

warning: variable `okA` should have a snake case name
  --> crates/bw24-engine/src/bin/dtype_gpu_check5.rs:85:13
   |
85 |         let okA = rela < 1e-4;
   |             ^^^ help: convert the identifier to snake case: `ok_a`
   |
   = note: `#[warn(non_snake_case)]` (part of `#[warn(nonstandard_style)]`) on by default

warning: variable `okB` should have a snake case name
   --> crates/bw24-engine/src/bin/dtype_gpu_check5.rs:102:17
    |
102 |             let okB = relb < 3e-2;
    |                 ^^^ help: convert the identifier to snake case: `ok_b`

warning: `bw24-engine` (bin "kernel-check") generated 2 warnings
warning: `bw24-engine` (bin "gdn-bench") generated 1 warning (run `cargo fix --bin "gdn-bench" -p bw24-engine` to apply 1 suggestion)
warning: `bw24-engine` (bin "dtype_gpu_check5") generated 2 warnings
warning: unused variable: `bytes`
  --> crates/bw24-engine/src/bin/gu_wall_bench.rs:38:9
   |
38 |     let bytes = (n_used * 2 * n_ff * rb / (in_f / 32) * (in_f / 32)) as f64; // 8ex*2rows*512*880
   |         ^^^^^ help: if this is intentional, prefix it with an underscore: `_bytes`
   |
   = note: `#[warn(unused_variables)]` (part of `#[warn(unused)]`) on by default

warning: `bw24-engine` (bin "gu_wall_bench") generated 1 warning (run `cargo fix --bin "gu_wall_bench" -p bw24-engine` to apply 1 suggestion)
    Finished `release` profile [optimized] target(s) in 0.03s
