loaded Hy3 from bw24 repack dir (80 trunk layers; optional MTP skipped)
chat-templated prompt:
<｜hy_begin_of_sentence:opensource｜><｜reasoning_mode:opensource｜>reasoning_effort:no_think<｜hy_User:opensource｜>Write a Python function that implements a doubly-linked list with insert, delete, and reverse operations. Include full type hints and docstrings.<｜hy_Assistant:opensource｜><think:opensource></think:opensource>
prompt text: "Write a Python function that implements a doubly-linked list with insert, delete, and reverse operations. Include full type hints and docstrings."
prompt tokens: [120000, 120044, 70830, 277, 9002, 647, 497, 25, 5130, 25152, 1326, 120006, 6331, 244, 7164, 958, 369, 12331, 244, 78357, 46997, 1703, 413, 8528, 11, 10243, 11, 289, 13561, 6590, 13, 44626, 4055, 1932, 42970, 289, 8913, 35510, 13, 120007, 120029, 120030]
[moe-cache] size-aware fixed slots: 4986 slots in 5 classes, 13.18 GB / 13.18 GB budget
[spill-pread] enabled: depth=16 buffer_bytes=6684672 total_pinned_bytes=106954752 (bounded worker prefetch, caller-thread H2D, mmap error fallback)
verify-prefill argmax=40129  decode argmax=40129  logit maxdiff=1.062e0  MATCH
generated 8 tokens in 8.007s = 1.00 tok/s (ST greedy decode)
tokens: [40129, 316, 244, 4871, 11, 1622, 81425, 5278]
MoE cache DECODE-WINDOW: 4986 slots | hits=3284 misses=11884 (hit-rate=21.7%) | staged 30.96 GB H2D (3690.9 MB/token)
spill worker DECODE-WINDOW: reads=11884 bytes=30961287168 waits=4976 ring_full=1067 fallbacks=0
OUTPUT TEXT: "Below is a complete, self-contained implementation"
--- generated text ---
Below is a complete, self-contained implementation
[spill-pread] reads=90024 bytes=235897257984 errors=0 short_reads=0 fallbacks=0 buffer_waits=38653 ring_full=7411
	Command being timed: "target/release/run-gen /data/ai-ml/hf-models/hy3-layer103p5-bw24-runtime"
	User time (seconds): 94.46
	System time (seconds): 87.44
	Percent of CPU this job got: 110%
	Elapsed (wall clock) time (h:mm:ss or m:ss): 2:44.20
	Average shared text size (kbytes): 0
	Average unshared data size (kbytes): 0
	Average stack size (kbytes): 0
	Average total size (kbytes): 0
	Maximum resident set size (kbytes): 18131732
	Average resident set size (kbytes): 0
	Major (requiring I/O) page faults: 7416
	Minor (reclaiming a frame) page faults: 9047350
	Voluntary context switches: 647977
	Involuntary context switches: 4251
	Swaps: 0
	File system inputs: 566747984
	File system outputs: 0
	Socket messages sent: 0
	Socket messages received: 0
	Signals delivered: 0
	Page size (bytes): 4096
	Exit status: 0
